2017-07-24 17:14:05,746 - BrowserEngine - INFO - You had select Chrome browser.
2017-07-24 17:14:05,746 - BrowserEngine - INFO - The test server url is: http://bmtest.ematong.com
2017-07-24 17:14:07,864 - BrowserEngine - INFO - Starting Chrome browser.
2017-07-24 17:14:09,453 - BrowserEngine - INFO - Open url: http://bmtest.ematong.com
2017-07-24 17:14:10,894 - BrowserEngine - INFO - Maximize the current window.
2017-07-24 17:14:10,895 - BrowserEngine - INFO - Set implicitly wait 10 seconds.
2017-07-24 17:14:10,934 - BasePage - INFO - Had find the element '  ' successful by id via value: user2 
2017-07-24 17:14:11,013 - BasePage - INFO - Had type ' htest ' in inputBox
2017-07-24 17:14:11,053 - BasePage - INFO - Had find the element '  ' successful by id via value: password2 
2017-07-24 17:14:11,127 - BasePage - INFO - Had type ' 123456 ' in inputBox
2017-07-24 17:14:11,164 - BasePage - INFO - Had find the element '  ' successful by id via value: yzm2 
2017-07-24 17:14:11,253 - BasePage - INFO - Had type ' HY7102$ ' in inputBox
2017-07-24 17:14:11,292 - BasePage - INFO - Had find the element '  ' successful by id via value: submit2 
2017-07-24 17:14:11,351 - BasePage - INFO - The element  was clicked.
2017-07-24 17:14:13,391 - BasePage - INFO - Had find the element '  ' successful by xpath via value: /html/body/div/div[3]/div[1]/div[1]/div/div[2]/div[3]/a 
2017-07-24 17:14:15,569 - BasePage - INFO - The element  was clicked.
2017-07-24 17:14:17,979 - BasePage - INFO - The element ' 页面管理 ' was clicked.
2017-07-24 17:14:20,515 - BasePage - INFO - The element ' 列表展示 ' was clicked.
2017-07-24 17:14:21,913 - BasePage - INFO - The element ' 加载页 ' was clicked.
2017-07-24 17:14:23,115 - BasePage - INFO - The element ' 商品详情页 ' was clicked.
2017-07-24 17:14:24,308 - BasePage - INFO - The element ' 自定义页面 ' was clicked.
2017-07-24 17:14:24,779 - BasePage - INFO - The element ' 主页 ' was clicked.
2017-07-24 17:14:35,321 - BasePage - INFO - The element ' 加载页 ' was clicked.
2017-07-24 17:14:35,395 - BasePage - INFO - Had find the element '  ' successful by xpath via value: //*[@id='tloadForm']/div[4]/div/div[2]/table/tbody/tr[1]/td[2]/label[2]/input 
2017-07-24 17:14:35,459 - BasePage - INFO - The element  was clicked.
2017-07-24 17:14:35,496 - BasePage - INFO - Had find the element '  ' successful by xpath via value: //*[@id='tloadForm']/div[4]/div/div[2]/table/tbody/tr[1]/td[2]/label[1]/input 
2017-07-24 17:14:35,552 - BasePage - INFO - The element  was clicked.
2017-07-24 17:14:35,588 - BasePage - INFO - Had find the element ' 开启 ' successful by id via value: openAndColesBtn 
2017-07-24 17:14:35,632 - BasePage - INFO - The element  was clicked.
2017-07-24 17:14:35,667 - BasePage - INFO - Had find the element ' 保存 ' successful by xpath via value: //*[@id='tloadForm']/div[4]/div/div[2]/p/button 
2017-07-24 17:14:35,711 - BasePage - INFO - The element  was clicked.
