2017-07-18 11:50:24,858 - BrowserEngine - INFO - You had select Chrome browser.
2017-07-18 11:50:24,858 - BrowserEngine - INFO - The test server url is: http://bmtest.ematong.com
2017-07-18 11:50:27,003 - BrowserEngine - INFO - Starting Chrome browser.
2017-07-18 11:50:28,407 - BrowserEngine - INFO - Open url: http://bmtest.ematong.com
2017-07-18 11:50:29,858 - BrowserEngine - INFO - Maximize the current window.
2017-07-18 11:50:29,859 - BrowserEngine - INFO - Set implicitly wait 10 seconds.
2017-07-18 11:50:29,898 - BasePage - INFO - Had find the element '  ' successful by id via value: user2 
2017-07-18 11:50:29,983 - BasePage - INFO - Had type ' htest ' in inputBox
2017-07-18 11:50:30,022 - BasePage - INFO - Had find the element '  ' successful by id via value: password2 
2017-07-18 11:50:30,092 - BasePage - INFO - Had type ' 123456 ' in inputBox
2017-07-18 11:50:30,132 - BasePage - INFO - Had find the element '  ' successful by id via value: submit2 
2017-07-18 11:50:30,209 - BasePage - INFO - The element  was clicked.
2017-07-18 11:50:32,275 - BasePage - INFO - Had find the element '  ' successful by xpath via value: /html/body/div/div[3]/div[1]/div[1]/div/div[2]/div[3]/a 
2017-07-18 11:50:34,392 - BasePage - INFO - The element  was clicked.
2017-07-18 11:50:36,677 - BasePage - INFO - The element ' 优惠套餐 ' was clicked.
2017-07-18 11:50:37,732 - BasePage - INFO - Had find the element '  ' successful by id via value: title 
2017-07-18 11:50:37,851 - BasePage - INFO - Had type ' python自建套餐活动001 ' in inputBox
2017-07-18 11:50:38,907 - BasePage - INFO - Had find the element '  ' successful by id via value: startValidTime 
2017-07-18 11:50:39,029 - BasePage - INFO - Had type ' 2017-08-12 01:23:45 ' in inputBox
2017-07-18 11:50:39,069 - BasePage - INFO - Had find the element '  ' successful by id via value: endValidTime 
2017-07-18 11:50:39,173 - BasePage - INFO - Had type ' 2018-12-30 23:59:59 ' in inputBox
2017-07-18 11:50:39,209 - BasePage - INFO - Had find the element '  ' successful by xpath via value: //*[@id='command']/div[4]/div[2]/table/tbody/tr[1]/td/div/span[2]/input 
2017-07-18 11:50:39,265 - BasePage - INFO - The element  was clicked.
2017-07-18 11:50:39,302 - BasePage - INFO - Had find the element '  ' successful by xpath via value: //*[@id='command']/div[4]/div[2]/table/tbody/tr[1]/td/ul[2]/li[1]/input[1] 
2017-07-18 11:50:39,362 - BasePage - INFO - Had type ' 1 ' in inputBox
2017-07-18 11:50:39,400 - BasePage - INFO - Had find the element '  ' successful by xpath via value: //*[@id='command']/div[4]/div[2]/table/tbody/tr[1]/td/ul[2]/li[1]/input[2] 
2017-07-18 11:50:39,463 - BasePage - INFO - Had type ' 50 ' in inputBox
2017-07-18 11:50:39,497 - BasePage - INFO - Had find the element '  ' successful by xpath via value: //*[@id='command']/div[4]/div[2]/table/tbody/tr[1]/td/ul[2]/li[1]/a 
2017-07-18 11:50:39,543 - BasePage - INFO - The element  was clicked.
2017-07-18 11:50:41,608 - BasePage - INFO - Had find the element '  ' successful by xpath via value: //*[@id='command']/div[4]/div[2]/table/tbody/tr[1]/td/ul[2]/li[2]/a 
2017-07-18 11:50:41,657 - BasePage - INFO - The element  was clicked.
2017-07-18 11:50:43,709 - BasePage - INFO - Had find the element '  ' successful by xpath via value: //*[@id='command']/div[4]/div[2]/table/tbody/tr[2]/td/span[2]/input 
2017-07-18 11:50:43,750 - BasePage - INFO - The element  was clicked.
2017-07-18 11:50:43,786 - BasePage - INFO - Had find the element '  ' successful by xpath via value: //*[@id='command']/div[4]/div[2]/table/tbody/tr[4]/td/span[2]/input 
2017-07-18 11:50:43,829 - BasePage - INFO - The element  was clicked.
2017-07-18 11:50:45,894 - BasePage - INFO - Had find the element ' 添加主商品 ' successful by xpath via value: //*[@id='addMainGoodsTr']/td/a 
2017-07-18 11:50:46,076 - BasePage - INFO - The element  was clicked.
2017-07-18 11:50:47,138 - BasePage - INFO - Had find the element ' 虚拟商品 ' successful by xpath via value: //*[@id='type']/option[3] 
2017-07-18 11:50:47,167 - BasePage - INFO - The element  was clicked.
2017-07-18 11:50:47,303 - BasePage - INFO - Had type ' 手机充值 ' in inputBox
2017-07-18 11:50:47,341 - BasePage - INFO - Had find the element ' 已上架 ' successful by xpath via value: //*[@id='status']/option[3] 
2017-07-18 11:50:47,369 - BasePage - INFO - The element  was clicked.
2017-07-18 11:50:47,405 - BasePage - INFO - Had find the element '  ' successful by xpath via value: //*[@id='queryGoodsForm1']/div/div/label[5]/input 
2017-07-18 11:50:47,496 - BasePage - INFO - The element  was clicked.
2017-07-18 11:50:47,535 - BasePage - INFO - Had find the element ' 搜索 ' successful by xpath via value: //*[@id='queryGoodsForm1']/div/div/a 
2017-07-18 11:50:47,611 - BasePage - INFO - The element  was clicked.
