2017-07-27 15:09:07,542 - BrowserEngine - INFO - You had select Chrome browser.
2017-07-27 15:09:07,542 - BrowserEngine - INFO - The test server url is: http://bmtest.ematong.com
2017-07-27 15:09:09,661 - BrowserEngine - INFO - Starting Chrome browser.
2017-07-27 15:09:10,634 - BrowserEngine - INFO - Open url: http://bmtest.ematong.com
2017-07-27 15:09:12,059 - BrowserEngine - INFO - Maximize the current window.
2017-07-27 15:09:12,059 - BrowserEngine - INFO - Set implicitly wait 10 seconds.
2017-07-27 15:09:12,102 - BasePage - INFO - Had find the element '  ' successful by id via value: user2 
2017-07-27 15:09:12,203 - BasePage - INFO - Had type ' htest ' in inputBox
2017-07-27 15:09:12,249 - BasePage - INFO - Had find the element '  ' successful by id via value: password2 
2017-07-27 15:09:12,345 - BasePage - INFO - Had type ' 123456 ' in inputBox
2017-07-27 15:09:12,388 - BasePage - INFO - Had find the element '  ' successful by id via value: yzm2 
2017-07-27 15:09:12,470 - BasePage - INFO - Had type ' HY7102$ ' in inputBox
2017-07-27 15:09:12,507 - BasePage - INFO - Had find the element '  ' successful by id via value: submit2 
2017-07-27 15:09:12,563 - BasePage - INFO - The element  was clicked.
2017-07-27 15:09:14,858 - BasePage - INFO - Had find the element '  ' successful by xpath via value: /html/body/div/div[3]/div[1]/div[1]/div/div[2]/div[3]/a 
2017-07-27 15:09:16,694 - BasePage - INFO - The element  was clicked.
2017-07-27 15:09:23,658 - BasePage - INFO - The element ' 商品管理 ' was clicked.
2017-07-27 15:09:24,740 - BasePage - INFO - The element ' 商品列表 ' was clicked.
2017-07-27 15:09:53,642 - BrowserEngine - INFO - You had select Chrome browser.
2017-07-27 15:09:53,642 - BrowserEngine - INFO - The test server url is: http://bmtest.ematong.com
2017-07-27 15:09:55,744 - BrowserEngine - INFO - Starting Chrome browser.
2017-07-27 15:09:56,664 - BrowserEngine - INFO - Open url: http://bmtest.ematong.com
2017-07-27 15:09:58,092 - BrowserEngine - INFO - Maximize the current window.
2017-07-27 15:09:58,094 - BrowserEngine - INFO - Set implicitly wait 10 seconds.
2017-07-27 15:09:58,130 - BasePage - INFO - Had find the element '  ' successful by id via value: user2 
2017-07-27 15:09:58,213 - BasePage - INFO - Had type ' htest ' in inputBox
2017-07-27 15:09:58,250 - BasePage - INFO - Had find the element '  ' successful by id via value: password2 
2017-07-27 15:09:58,329 - BasePage - INFO - Had type ' 123456 ' in inputBox
2017-07-27 15:09:58,367 - BasePage - INFO - Had find the element '  ' successful by id via value: yzm2 
2017-07-27 15:09:58,443 - BasePage - INFO - Had type ' HY7102$ ' in inputBox
2017-07-27 15:09:58,480 - BasePage - INFO - Had find the element '  ' successful by id via value: submit2 
2017-07-27 15:09:58,536 - BasePage - INFO - The element  was clicked.
2017-07-27 15:10:00,918 - BasePage - INFO - Had find the element '  ' successful by xpath via value: /html/body/div/div[3]/div[1]/div[1]/div/div[2]/div[3]/a 
2017-07-27 15:10:03,045 - BasePage - INFO - The element  was clicked.
2017-07-27 15:10:08,930 - BasePage - INFO - The element ' 商品管理 ' was clicked.
2017-07-27 15:10:10,019 - BasePage - INFO - The element ' 商品列表 ' was clicked.
