2017-07-19 09:11:00,581 - BrowserEngine - INFO - You had select Chrome browser.
2017-07-19 09:11:00,581 - BrowserEngine - INFO - The test server url is: http://bmtest.ematong.com
2017-07-19 09:11:02,723 - BrowserEngine - INFO - Starting Chrome browser.
2017-07-19 09:11:04,005 - BrowserEngine - INFO - Open url: http://bmtest.ematong.com
2017-07-19 09:11:05,431 - BrowserEngine - INFO - Maximize the current window.
2017-07-19 09:11:05,433 - BrowserEngine - INFO - Set implicitly wait 10 seconds.
2017-07-19 09:11:05,470 - BasePage - INFO - Had find the element '  ' successful by id via value: user2 
2017-07-19 09:11:05,551 - BasePage - INFO - Had type ' htest ' in inputBox
2017-07-19 09:11:05,589 - BasePage - INFO - Had find the element '  ' successful by id via value: password2 
2017-07-19 09:11:05,664 - BasePage - INFO - Had type ' 123456 ' in inputBox
2017-07-19 09:11:05,701 - BasePage - INFO - Had find the element '  ' successful by id via value: submit2 
2017-07-19 09:11:05,757 - BasePage - INFO - The element  was clicked.
2017-07-19 09:11:07,809 - BasePage - INFO - Had find the element '  ' successful by xpath via value: /html/body/div/div[3]/div[1]/div[1]/div/div[2]/div[3]/a 
2017-07-19 09:11:09,663 - BasePage - INFO - The element  was clicked.
2017-07-19 09:11:11,943 - BasePage - INFO - The element ' 属性模板 ' was clicked.
2017-07-19 09:11:13,311 - BasePage - INFO - The element ' 模板列表 ' was clicked.
2017-07-19 09:11:13,691 - BasePage - INFO - The element ' 添加模板 ' was clicked.
2017-07-19 09:11:13,744 - BasePage - INFO - Had find the element ' 服装 ' successful by xpath via value: /html/body/contextpath/div/div[3]/div[1]/div[5]/span[3] 
2017-07-19 09:11:13,790 - BasePage - INFO - The element  was clicked.
2017-07-19 09:11:13,825 - BasePage - INFO - Had find the element ' 食品 ' successful by xpath via value: /html/body/contextpath/div/div[3]/div[1]/div[5]/span[4] 
2017-07-19 09:11:13,885 - BasePage - INFO - The element  was clicked.
2017-07-19 09:11:13,923 - BasePage - INFO - Had find the element ' 珠宝 ' successful by xpath via value: /html/body/contextpath/div/div[3]/div[1]/div[5]/span[5] 
2017-07-19 09:11:13,973 - BasePage - INFO - The element  was clicked.
2017-07-19 09:11:14,016 - BasePage - INFO - Had find the element ' 美鞋 ' successful by xpath via value: /html/body/contextpath/div/div[3]/div[1]/div[5]/span[6] 
2017-07-19 09:11:14,065 - BasePage - INFO - The element  was clicked.
2017-07-19 09:11:14,101 - BasePage - INFO - Had find the element ' 化妆品 ' successful by xpath via value: /html/body/contextpath/div/div[3]/div[1]/div[5]/span[7] 
2017-07-19 09:11:14,148 - BasePage - INFO - The element  was clicked.
2017-07-19 09:11:14,184 - BasePage - INFO - Had find the element ' 自定义 ' successful by xpath via value: /html/body/contextpath/div/div[3]/div[1]/div[5]/span[2] 
2017-07-19 09:11:14,226 - BasePage - INFO - The element  was clicked.
2017-07-19 09:11:14,262 - BasePage - INFO - Had find the element ' 添加 ' successful by id via value: addmodeltemplate 
2017-07-19 09:11:14,305 - BasePage - INFO - The element  was clicked.
2017-07-19 09:11:14,397 - BasePage - INFO - Had type ' seleniumA ' in inputBox
2017-07-19 09:11:14,434 - BasePage - INFO - Had find the element '  ' successful by xpath via value: //*[@id='zdy']/form/table/tbody/tr/td[2]/input[1] 
2017-07-19 09:11:14,506 - BasePage - INFO - Had type ' AAA ' in inputBox
2017-07-19 09:11:14,542 - BasePage - INFO - Had find the element '  ' successful by xpath via value: //*[@id='zdy']/form/table/tbody/tr/td[2]/input[2] 
2017-07-19 09:11:14,621 - BasePage - INFO - Had type ' BBB ' in inputBox
2017-07-19 09:11:14,654 - BasePage - INFO - Had find the element '  ' successful by xpath via value: //*[@id='zdy']/form/table/tbody/tr/td[2]/input[3] 
2017-07-19 09:11:14,719 - BasePage - INFO - Had type ' CCC ' in inputBox
2017-07-19 09:11:14,960 - BasePage - INFO - The element ' 模板列表 ' was clicked.
2017-07-19 09:11:16,016 - BasePage - INFO - Had find the element ' 编辑 ' successful by xpath via value: //*[@id='contentDiv']/div[1]/div/a[1] 
2017-07-19 09:11:16,331 - BasePage - INFO - The element  was clicked.
2017-07-19 09:11:16,368 - BasePage - INFO - Had find the element '  ' successful by xpath via value: //*[@id='edit']/form/table/tbody/tr/td[2]/input[3] 
2017-07-19 09:11:16,388 - BasePage - INFO - Clear text in input box before typing.
2017-07-19 09:11:16,408 - BasePage - INFO - Had find the element '  ' successful by xpath via value: //*[@id='edit']/form/table/tbody/tr/td[2]/input[3] 
2017-07-19 09:11:16,467 - BasePage - INFO - Had type ' ZZZ ' in inputBox
2017-07-19 09:11:17,523 - BasePage - INFO - Had find the element ' 保存 ' successful by xpath via value: //*[@id='edit']/form/p/a[2] 
2017-07-19 09:11:17,846 - BasePage - INFO - The element  was clicked.
2017-07-19 09:11:17,848 - BrowserEngine - INFO - You had select Chrome browser.
2017-07-19 09:11:17,848 - BrowserEngine - INFO - The test server url is: http://bmtest.ematong.com
2017-07-19 09:11:19,947 - BrowserEngine - INFO - Starting Chrome browser.
2017-07-19 09:11:20,908 - BrowserEngine - INFO - Open url: http://bmtest.ematong.com
2017-07-19 09:11:22,322 - BrowserEngine - INFO - Maximize the current window.
2017-07-19 09:11:22,325 - BrowserEngine - INFO - Set implicitly wait 10 seconds.
2017-07-19 09:11:22,378 - BasePage - INFO - Had find the element '  ' successful by id via value: user2 
2017-07-19 09:11:22,453 - BasePage - INFO - Had type ' htest ' in inputBox
2017-07-19 09:11:22,490 - BasePage - INFO - Had find the element '  ' successful by id via value: password2 
2017-07-19 09:11:22,561 - BasePage - INFO - Had type ' 123456 ' in inputBox
2017-07-19 09:11:22,601 - BasePage - INFO - Had find the element '  ' successful by id via value: submit2 
2017-07-19 09:11:22,657 - BasePage - INFO - The element  was clicked.
2017-07-19 09:11:24,720 - BasePage - INFO - Had find the element '  ' successful by xpath via value: /html/body/div/div[3]/div[1]/div[1]/div/div[2]/div[3]/a 
2017-07-19 09:11:27,483 - BasePage - INFO - The element  was clicked.
2017-07-19 09:11:28,854 - BasePage - INFO - The element ' 客户管理 ' was clicked.
2017-07-19 09:11:29,953 - BasePage - INFO - Had type ' pwx ' in inputBox
2017-07-19 09:11:29,989 - BasePage - INFO - Had find the element ' 全部状态 ' successful by xpath via value: //*[@name='status']/option[1] 
2017-07-19 09:11:30,017 - BasePage - INFO - The element  was clicked.
2017-07-19 09:11:30,265 - BasePage - INFO - The element ' 搜索 ' was clicked.
2017-07-19 09:11:30,451 - BasePage - INFO - The element ' 查看 ' was clicked.
2017-07-19 09:11:33,571 - BasePage - INFO - The element  was clicked.
2017-07-19 09:11:35,604 - BrowserEngine - INFO - You had select Chrome browser.
2017-07-19 09:11:35,605 - BrowserEngine - INFO - The test server url is: http://bmtest.ematong.com
2017-07-19 09:11:37,723 - BrowserEngine - INFO - Starting Chrome browser.
2017-07-19 09:11:39,818 - BrowserEngine - INFO - Open url: http://bmtest.ematong.com
2017-07-19 09:11:41,230 - BrowserEngine - INFO - Maximize the current window.
2017-07-19 09:11:41,233 - BrowserEngine - INFO - Set implicitly wait 10 seconds.
2017-07-19 09:11:41,276 - BasePage - INFO - Had find the element '  ' successful by id via value: user2 
2017-07-19 09:11:41,358 - BasePage - INFO - Had type ' htest ' in inputBox
2017-07-19 09:11:41,395 - BasePage - INFO - Had find the element '  ' successful by id via value: password2 
2017-07-19 09:11:41,473 - BasePage - INFO - Had type ' 123456 ' in inputBox
2017-07-19 09:11:41,513 - BasePage - INFO - Had find the element '  ' successful by id via value: submit2 
2017-07-19 09:11:41,572 - BasePage - INFO - The element  was clicked.
2017-07-19 09:11:44,615 - BasePage - INFO - Had find the element '  ' successful by xpath via value: /html/body/div/div[3]/div[1]/div[1]/div/div[2]/div[3]/a 
2017-07-19 09:11:46,359 - BasePage - INFO - The element  was clicked.
2017-07-19 09:11:48,660 - BasePage - INFO - The element ' 商品管理 ' was clicked.
2017-07-19 09:11:50,535 - BasePage - INFO - The element ' 发布商品 ' was clicked.
2017-07-19 09:11:50,575 - BasePage - INFO - Had find the element ' 男士服装 ' successful by xpath via value: //*[@id='category1']/p[3] 
2017-07-19 09:11:50,661 - BasePage - INFO - The element  was clicked.
2017-07-19 09:11:50,762 - BasePage - INFO - Had find the element ' 套装 ' successful by xpath via value: //*[@id='category2']/p[2] 
2017-07-19 09:11:50,812 - BasePage - INFO - The element  was clicked.
2017-07-19 09:11:50,915 - BasePage - INFO - Had find the element ' 西装套装 ' successful by xpath via value: //*[@id='category3']/p[1] 
2017-07-19 09:11:50,964 - BasePage - INFO - The element  was clicked.
2017-07-19 09:11:51,000 - BasePage - INFO - Had find the element '                         选择商品类别
                        
                            实体商品
                        
                            虚拟商品
                        
                     ' successful by id via value: selectGoodsType1 
2017-07-19 09:11:51,049 - BasePage - INFO - The select  was clicked.
2017-07-19 09:11:51,086 - BasePage - INFO - Had find the element '  ' successful by id via value: add_goodsname 
2017-07-19 09:11:51,289 - BasePage - INFO - Had type ' python框架001 ' in inputBox
2017-07-19 09:11:51,326 - BasePage - INFO - Had find the element '  ' successful by id via value: add_goodsCode 
2017-07-19 09:11:51,477 - BasePage - INFO - Had type ' goods_code ' in inputBox
2017-07-19 09:11:51,516 - BasePage - INFO - Had find the element '  ' successful by xpath via value: //*[@id='upload_ls']/dd[1]/div[1]/img[2] 
2017-07-19 09:11:51,651 - BasePage - INFO - The element  was clicked.
2017-07-19 09:11:52,819 - BasePage - INFO - The element ' 图库选择 ' was clicked.
2017-07-19 09:11:53,858 - BasePage - INFO - Had find the element '  ' successful by xpath via value: //*[@id='upload-list']/div[1]/div[1]/img 
2017-07-19 09:11:53,927 - BasePage - INFO - The element  was clicked.
2017-07-19 09:11:54,983 - BasePage - INFO - Had find the element ' 确定 ' successful by xpath via value: /html/body/div[4]/div[2]/a[1] 
2017-07-19 09:11:55,033 - BasePage - INFO - The element  was clicked.
2017-07-19 09:11:55,076 - BasePage - INFO - Had find the element '  ' successful by id via value: add_remark 
2017-07-19 09:11:55,207 - BasePage - INFO - Had type ' 这里是商品描述 ' in inputBox
2017-07-19 09:11:56,269 - BasePage - INFO - Had find the element '  ' successful by xpath via value: //*[@id='ejsxTb2']/tbody/tr/td[1]/input 
2017-07-19 09:11:56,372 - BasePage - INFO - Had type ' 111 ' in inputBox
2017-07-19 09:11:56,411 - BasePage - INFO - Had find the element '  ' successful by xpath via value: //*[@id='ejsxTb2']/tbody/tr/td[2]/input 
2017-07-19 09:11:56,493 - BasePage - INFO - Had type ' 222 ' in inputBox
2017-07-19 09:11:56,529 - BasePage - INFO - Had find the element '  ' successful by xpath via value: //*[@id='ejsxTb2']/tbody/tr/td[4]/input 
2017-07-19 09:11:56,609 - BasePage - INFO - Had type ' 333 ' in inputBox
2017-07-19 09:11:56,645 - BasePage - INFO - Had find the element '  ' successful by xpath via value: //*[@id='ejsxTb2']/tbody/tr/td[5]/input 
2017-07-19 09:11:56,730 - BasePage - INFO - Had type ' 444 ' in inputBox
2017-07-19 09:11:57,809 - BasePage - INFO - The element  was clicked.
2017-07-19 09:11:57,851 - BasePage - INFO - Had find the element '  ' successful by xpath via value: //*[@id='page_block_4']/div[4]/table[2]/tbody[2]/tr[1]/td[3]/label/input 
2017-07-19 09:11:57,898 - BasePage - INFO - The element  was clicked.
2017-07-19 09:12:01,950 - BasePage - INFO - Had find the element ' 保存 ' successful by id via value: submitBtn 
2017-07-19 09:12:02,013 - BasePage - INFO - The element  was clicked.
2017-07-19 09:12:09,072 - BrowserEngine - INFO - You had select Chrome browser.
2017-07-19 09:12:09,073 - BrowserEngine - INFO - The test server url is: http://bmtest.ematong.com
2017-07-19 09:12:11,173 - BrowserEngine - INFO - Starting Chrome browser.
2017-07-19 09:12:12,184 - BrowserEngine - INFO - Open url: http://bmtest.ematong.com
2017-07-19 09:12:13,622 - BrowserEngine - INFO - Maximize the current window.
2017-07-19 09:12:13,625 - BrowserEngine - INFO - Set implicitly wait 10 seconds.
2017-07-19 09:12:13,677 - BasePage - INFO - Had find the element '  ' successful by id via value: user2 
2017-07-19 09:12:13,756 - BasePage - INFO - Had type ' htest ' in inputBox
2017-07-19 09:12:13,792 - BasePage - INFO - Had find the element '  ' successful by id via value: password2 
2017-07-19 09:12:13,861 - BasePage - INFO - Had type ' 123456 ' in inputBox
2017-07-19 09:12:13,903 - BasePage - INFO - Had find the element '  ' successful by id via value: submit2 
2017-07-19 09:12:13,959 - BasePage - INFO - The element  was clicked.
2017-07-19 09:12:16,019 - BasePage - INFO - Had find the element '  ' successful by xpath via value: /html/body/div/div[3]/div[1]/div[1]/div/div[2]/div[3]/a 
2017-07-19 09:12:17,957 - BasePage - INFO - The element  was clicked.
2017-07-19 09:12:20,211 - BasePage - INFO - The element ' 优惠套餐 ' was clicked.
2017-07-19 09:12:21,266 - BasePage - INFO - Had find the element '  ' successful by id via value: title 
2017-07-19 09:12:21,391 - BasePage - INFO - Had type ' python自建套餐活动001 ' in inputBox
2017-07-19 09:12:22,446 - BasePage - INFO - Had find the element '  ' successful by id via value: startValidTime 
2017-07-19 09:12:22,589 - BasePage - INFO - Had type ' 2017-08-12 01:23:45 ' in inputBox
2017-07-19 09:12:22,628 - BasePage - INFO - Had find the element '  ' successful by id via value: endValidTime 
2017-07-19 09:12:22,732 - BasePage - INFO - Had type ' 2018-12-30 23:59:59 ' in inputBox
2017-07-19 09:12:22,766 - BasePage - INFO - Had find the element '  ' successful by xpath via value: //*[@id='command']/div[4]/div[2]/table/tbody/tr[1]/td/div/span[2]/input 
2017-07-19 09:12:22,816 - BasePage - INFO - The element  was clicked.
2017-07-19 09:12:22,852 - BasePage - INFO - Had find the element '  ' successful by xpath via value: //*[@id='command']/div[4]/div[2]/table/tbody/tr[1]/td/ul[2]/li[1]/input[1] 
2017-07-19 09:12:22,914 - BasePage - INFO - Had type ' 1 ' in inputBox
2017-07-19 09:12:22,950 - BasePage - INFO - Had find the element '  ' successful by xpath via value: //*[@id='command']/div[4]/div[2]/table/tbody/tr[1]/td/ul[2]/li[1]/input[2] 
2017-07-19 09:12:23,009 - BasePage - INFO - Had type ' 50 ' in inputBox
2017-07-19 09:12:23,046 - BasePage - INFO - Had find the element '  ' successful by xpath via value: //*[@id='command']/div[4]/div[2]/table/tbody/tr[1]/td/ul[2]/li[1]/a 
2017-07-19 09:12:23,091 - BasePage - INFO - The element  was clicked.
2017-07-19 09:12:24,144 - BasePage - INFO - Had find the element '  ' successful by xpath via value: //*[@id='command']/div[4]/div[2]/table/tbody/tr[1]/td/ul[2]/li[2]/a 
2017-07-19 09:12:24,196 - BasePage - INFO - The element  was clicked.
2017-07-19 09:12:25,259 - BasePage - INFO - Had find the element '  ' successful by xpath via value: //*[@id='command']/div[4]/div[2]/table/tbody/tr[2]/td/span[2]/input 
2017-07-19 09:12:25,312 - BasePage - INFO - The element  was clicked.
2017-07-19 09:12:25,348 - BasePage - INFO - Had find the element '  ' successful by xpath via value: //*[@id='command']/div[4]/div[2]/table/tbody/tr[4]/td/span[2]/input 
2017-07-19 09:12:25,391 - BasePage - INFO - The element  was clicked.
2017-07-19 09:12:26,447 - BasePage - INFO - Had find the element ' 添加主商品 ' successful by xpath via value: //*[@id='addMainGoodsTr']/td/a 
2017-07-19 09:12:26,619 - BasePage - INFO - The element  was clicked.
2017-07-19 09:12:27,684 - BasePage - INFO - Had find the element ' 实体商品 ' successful by xpath via value: //*[@id='type']/option[2] 
2017-07-19 09:12:27,713 - BasePage - INFO - The element  was clicked.
2017-07-19 09:12:27,802 - BasePage - INFO - Had type ' 现代风格 ' in inputBox
2017-07-19 09:12:27,835 - BasePage - INFO - Had find the element ' 已上架 ' successful by xpath via value: //*[@id='status']/option[3] 
2017-07-19 09:12:27,864 - BasePage - INFO - The element  was clicked.
2017-07-19 09:12:27,898 - BasePage - INFO - Had find the element '  ' successful by xpath via value: //*[@id='queryGoodsForm1']/div/div/label[5]/input 
2017-07-19 09:12:27,982 - BasePage - INFO - The element  was clicked.
2017-07-19 09:12:28,019 - BasePage - INFO - Had find the element ' 搜索 ' successful by xpath via value: //*[@id='queryGoodsForm1']/div/div/a 
2017-07-19 09:12:28,092 - BasePage - INFO - The element  was clicked.
2017-07-19 09:12:31,144 - BasePage - INFO - Had find the element '  ' successful by xpath via value: //*[@name='goodsIdCheckbox'] 
2017-07-19 09:12:31,213 - BasePage - INFO - The element  was clicked.
2017-07-19 09:12:44,269 - BasePage - ERROR - NoSuchElementException: Message: no such element: Unable to locate element: {"method":"xpath","selector":"//*[@id='e70ff346-0bcc-4bad-8ff3-460bcc7bade3']"}
  (Session info: chrome=59.0.3071.115)
  (Driver info: chromedriver=2.28.455520 (cc17746adff54984afff480136733114c6b3704b),platform=Windows NT 6.1.7601 SP1 x86_64)

2017-07-19 09:12:44,572 - BasePage - INFO - Had take screenshot and save to folder : /screenshots
2017-07-19 09:12:44,572 - BrowserEngine - INFO - You had select Chrome browser.
2017-07-19 09:12:44,572 - BrowserEngine - INFO - The test server url is: http://bmtest.ematong.com
2017-07-19 09:12:46,674 - BrowserEngine - INFO - Starting Chrome browser.
2017-07-19 09:12:48,739 - BrowserEngine - INFO - Open url: http://bmtest.ematong.com
2017-07-19 09:12:50,170 - BrowserEngine - INFO - Maximize the current window.
2017-07-19 09:12:50,171 - BrowserEngine - INFO - Set implicitly wait 10 seconds.
2017-07-19 09:12:50,210 - BasePage - INFO - Had find the element '  ' successful by id via value: user2 
2017-07-19 09:12:50,283 - BasePage - INFO - Had type ' htest ' in inputBox
2017-07-19 09:12:50,322 - BasePage - INFO - Had find the element '  ' successful by id via value: password2 
2017-07-19 09:12:50,394 - BasePage - INFO - Had type ' 123456 ' in inputBox
2017-07-19 09:12:50,434 - BasePage - INFO - Had find the element '  ' successful by id via value: submit2 
2017-07-19 09:12:50,490 - BasePage - INFO - The element  was clicked.
2017-07-19 09:12:53,536 - BasePage - INFO - Had find the element '  ' successful by xpath via value: /html/body/div/div[3]/div[1]/div[1]/div/div[2]/div[3]/a 
2017-07-19 09:12:55,177 - BasePage - INFO - The element  was clicked.
2017-07-19 09:12:57,427 - BasePage - INFO - The element ' 商品管理 ' was clicked.
2017-07-19 09:12:59,160 - BasePage - INFO - The element ' 发布商品 ' was clicked.
2017-07-19 09:12:59,236 - BasePage - INFO - Had find the element ' 男士服装 ' successful by xpath via value: //*[@id='category1']/p[3] 
2017-07-19 09:12:59,311 - BasePage - INFO - The element  was clicked.
2017-07-19 09:12:59,401 - BasePage - INFO - Had find the element ' 套装 ' successful by xpath via value: //*[@id='category2']/p[2] 
2017-07-19 09:12:59,453 - BasePage - INFO - The element  was clicked.
2017-07-19 09:12:59,546 - BasePage - INFO - Had find the element ' 西装套装 ' successful by xpath via value: //*[@id='category3']/p[1] 
2017-07-19 09:12:59,592 - BasePage - INFO - The element  was clicked.
2017-07-19 09:12:59,631 - BasePage - INFO - Had find the element '                         选择商品类别
                        
                            实体商品
                        
                            虚拟商品
                        
                     ' successful by id via value: selectGoodsType1 
2017-07-19 09:12:59,684 - BasePage - INFO - The select  was clicked.
2017-07-19 09:13:00,746 - BasePage - INFO - Had find the element ' 选择商品类别
储值卡
券 ' successful by id via value: selectGoodsType2 
2017-07-19 09:13:00,812 - BasePage - INFO - The select  was clicked.
2017-07-19 09:13:00,854 - BasePage - INFO - Had find the element '  ' successful by id via value: add_goodsname 
2017-07-19 09:13:01,128 - BasePage - INFO - Had type ' python框架-虚拟商品-储值卡001 ' in inputBox
2017-07-19 09:13:01,164 - BasePage - INFO - Had find the element '  ' successful by id via value: add_goodsCode 
2017-07-19 09:13:01,322 - BasePage - INFO - Had type ' goods_code ' in inputBox
2017-07-19 09:13:01,359 - BasePage - INFO - Had find the element '  ' successful by xpath via value: //*[@id='upload_ls']/dd[1]/div[1]/img[2] 
2017-07-19 09:13:01,483 - BasePage - INFO - The element  was clicked.
2017-07-19 09:13:02,625 - BasePage - INFO - The element ' 图库选择 ' was clicked.
2017-07-19 09:13:03,681 - BasePage - INFO - Had find the element '  ' successful by xpath via value: //*[@id='upload-list']/div[1]/div[1]/img 
2017-07-19 09:13:03,757 - BasePage - INFO - The element  was clicked.
2017-07-19 09:13:04,828 - BasePage - INFO - Had find the element ' 确定 ' successful by xpath via value: /html/body/div[4]/div[2]/a[1] 
2017-07-19 09:13:04,880 - BasePage - INFO - The element  was clicked.
2017-07-19 09:13:04,921 - BasePage - INFO - Had find the element '  ' successful by id via value: add_remark 
2017-07-19 09:13:05,075 - BasePage - INFO - Had type ' 这里是商品描述 ' in inputBox
2017-07-19 09:13:06,125 - BasePage - INFO - Had find the element '  ' successful by xpath via value: //*[@id='ejsxTb2']/tbody/tr/td[1]/input 
2017-07-19 09:13:06,214 - BasePage - INFO - Had type ' 111 ' in inputBox
2017-07-19 09:13:06,250 - BasePage - INFO - Had find the element '  ' successful by xpath via value: //*[@id='ejsxTb2']/tbody/tr/td[2]/input 
2017-07-19 09:13:06,332 - BasePage - INFO - Had type ' 222 ' in inputBox
2017-07-19 09:13:06,368 - BasePage - INFO - Had find the element '  ' successful by xpath via value: //*[@id='ejsxTb2']/tbody/tr/td[3]/input 
2017-07-19 09:13:06,450 - BasePage - INFO - Had type ' 333 ' in inputBox
2017-07-19 09:13:06,486 - BasePage - INFO - Had find the element '  ' successful by xpath via value: //*[@id='ejsxTb2']/tbody/tr/td[4]/input 
2017-07-19 09:13:06,565 - BasePage - INFO - Had type ' 444 ' in inputBox
2017-07-19 09:13:06,601 - BasePage - INFO - Had find the element '  ' successful by xpath via value: //*[@id='ejsxTb2']/tbody/tr/td[5]/input 
2017-07-19 09:13:06,681 - BasePage - INFO - Had type ' 555 ' in inputBox
2017-07-19 09:13:11,733 - BasePage - INFO - Had find the element ' 保存 ' successful by id via value: submitBtn 
2017-07-19 09:13:11,792 - BasePage - INFO - The element  was clicked.
2017-07-19 09:13:17,854 - BrowserEngine - INFO - You had select Chrome browser.
2017-07-19 09:13:17,854 - BrowserEngine - INFO - The test server url is: http://bmtest.ematong.com
2017-07-19 09:13:19,964 - BrowserEngine - INFO - Starting Chrome browser.
2017-07-19 09:13:20,907 - BrowserEngine - INFO - Open url: http://bmtest.ematong.com
2017-07-19 09:13:22,315 - BrowserEngine - INFO - Maximize the current window.
2017-07-19 09:13:22,316 - BrowserEngine - INFO - Set implicitly wait 10 seconds.
2017-07-19 09:13:22,354 - BasePage - INFO - Had find the element '  ' successful by id via value: user2 
2017-07-19 09:13:22,430 - BasePage - INFO - Had type ' htest ' in inputBox
2017-07-19 09:13:22,470 - BasePage - INFO - Had find the element '  ' successful by id via value: password2 
2017-07-19 09:13:22,549 - BasePage - INFO - Had type ' 123456 ' in inputBox
2017-07-19 09:13:22,585 - BasePage - INFO - Had find the element '  ' successful by id via value: submit2 
2017-07-19 09:13:22,644 - BasePage - INFO - The element  was clicked.
2017-07-19 09:13:25,691 - BasePage - INFO - Had find the element '  ' successful by xpath via value: /html/body/div/div[3]/div[1]/div[1]/div/div[2]/div[3]/a 
2017-07-19 09:13:27,367 - BasePage - INFO - The element  was clicked.
2017-07-19 09:13:29,627 - BasePage - INFO - The element ' 商品管理 ' was clicked.
2017-07-19 09:13:31,375 - BasePage - INFO - The element ' 发布商品 ' was clicked.
2017-07-19 09:13:31,448 - BasePage - INFO - Had find the element ' 男士服装 ' successful by xpath via value: //*[@id='category1']/p[3] 
2017-07-19 09:13:31,522 - BasePage - INFO - The element  was clicked.
2017-07-19 09:13:31,612 - BasePage - INFO - Had find the element ' 套装 ' successful by xpath via value: //*[@id='category2']/p[2] 
2017-07-19 09:13:31,665 - BasePage - INFO - The element  was clicked.
2017-07-19 09:13:31,776 - BasePage - INFO - Had find the element ' 西装套装 ' successful by xpath via value: //*[@id='category3']/p[1] 
2017-07-19 09:13:31,825 - BasePage - INFO - The element  was clicked.
2017-07-19 09:13:31,861 - BasePage - INFO - Had find the element '                         选择商品类别
                        
                            实体商品
                        
                            虚拟商品
                        
                     ' successful by id via value: selectGoodsType1 
2017-07-19 09:13:31,914 - BasePage - INFO - The select  was clicked.
2017-07-19 09:13:32,971 - BasePage - INFO - Had find the element ' 选择商品类别
储值卡
券 ' successful by id via value: selectGoodsType2 
2017-07-19 09:13:33,033 - BasePage - INFO - The select  was clicked.
2017-07-19 09:13:33,075 - BasePage - INFO - Had find the element '  ' successful by id via value: add_goodsname 
2017-07-19 09:13:33,342 - BasePage - INFO - Had type ' python框架-虚拟商品-代金券001 ' in inputBox
2017-07-19 09:13:33,378 - BasePage - INFO - Had find the element '  ' successful by id via value: add_goodsCode 
2017-07-19 09:13:33,525 - BasePage - INFO - Had type ' goods_code ' in inputBox
2017-07-19 09:13:33,561 - BasePage - INFO - Had find the element '  ' successful by xpath via value: //*[@id='upload_ls']/dd[1]/div[1]/img[2] 
2017-07-19 09:13:33,694 - BasePage - INFO - The element  was clicked.
2017-07-19 09:13:34,861 - BasePage - INFO - The element ' 图库选择 ' was clicked.
2017-07-19 09:13:35,911 - BasePage - INFO - Had find the element '  ' successful by xpath via value: //*[@id='upload-list']/div[1]/div[1]/img 
2017-07-19 09:13:35,982 - BasePage - INFO - The element  was clicked.
2017-07-19 09:13:37,046 - BasePage - INFO - Had find the element ' 确定 ' successful by xpath via value: /html/body/div[4]/div[2]/a[1] 
2017-07-19 09:13:37,109 - BasePage - INFO - The element  was clicked.
2017-07-19 09:13:37,154 - BasePage - INFO - Had find the element '  ' successful by id via value: add_remark 
2017-07-19 09:13:37,296 - BasePage - INFO - Had type ' 这里是商品描述 ' in inputBox
2017-07-19 09:13:38,361 - BasePage - INFO - Had find the element '  ' successful by xpath via value: //*[@id='ejsxTb2']/tbody/tr/td[1]/input 
2017-07-19 09:13:38,463 - BasePage - INFO - Had type ' 111 ' in inputBox
2017-07-19 09:13:38,499 - BasePage - INFO - Had find the element '  ' successful by xpath via value: //*[@id='ejsxTb2']/tbody/tr/td[2]/input 
2017-07-19 09:13:38,584 - BasePage - INFO - Had type ' 222 ' in inputBox
2017-07-19 09:13:38,621 - BasePage - INFO - Had find the element '  ' successful by xpath via value: //*[@id='ejsxTb2']/tbody/tr/td[5]/input 
2017-07-19 09:13:38,707 - BasePage - INFO - Had type ' 555 ' in inputBox
2017-07-19 09:13:39,849 - BasePage - INFO - The element ' 点击选择 ' was clicked.
2017-07-19 09:13:40,921 - BasePage - INFO - Had find the element ' 选 择 ' successful by xpath via value: //*[@id='a38a167c-a290-408f-8a16-7ca290808f1b']/td[5]/a 
2017-07-19 09:13:41,016 - BasePage - INFO - The element  was clicked.
2017-07-19 09:13:46,078 - BasePage - INFO - Had find the element ' 保存 ' successful by id via value: submitBtn 
2017-07-19 09:13:46,141 - BasePage - INFO - The element  was clicked.
2017-07-19 09:13:52,200 - BrowserEngine - INFO - You had select Chrome browser.
2017-07-19 09:13:52,200 - BrowserEngine - INFO - The test server url is: http://bmtest.ematong.com
2017-07-19 09:13:54,293 - BrowserEngine - INFO - Starting Chrome browser.
2017-07-19 09:13:55,338 - BrowserEngine - INFO - Open url: http://bmtest.ematong.com
2017-07-19 09:13:56,759 - BrowserEngine - INFO - Maximize the current window.
2017-07-19 09:13:56,762 - BrowserEngine - INFO - Set implicitly wait 10 seconds.
2017-07-19 09:13:56,821 - BasePage - INFO - Had find the element '  ' successful by id via value: user2 
2017-07-19 09:13:56,897 - BasePage - INFO - Had type ' htest ' in inputBox
2017-07-19 09:13:56,933 - BasePage - INFO - Had find the element '  ' successful by id via value: password2 
2017-07-19 09:13:57,009 - BasePage - INFO - Had type ' 123456 ' in inputBox
2017-07-19 09:13:57,049 - BasePage - INFO - Had find the element '  ' successful by id via value: submit2 
2017-07-19 09:13:57,108 - BasePage - INFO - The element  was clicked.
2017-07-19 09:13:59,163 - BasePage - INFO - Had find the element '  ' successful by xpath via value: /html/body/div/div[3]/div[1]/div[1]/div/div[2]/div[3]/a 
2017-07-19 09:14:00,938 - BasePage - INFO - The element  was clicked.
2017-07-19 09:14:03,088 - BasePage - INFO - The element ' 时间模板 ' was clicked.
2017-07-19 09:14:04,138 - BasePage - INFO - Had find the element '  ' successful by id via value: default1 
2017-07-19 09:14:04,196 - BasePage - INFO - the checkbox is click.
2017-07-19 09:14:05,221 - BasePage - INFO - Had find the element '  ' successful by id via value: default1 
2017-07-19 09:14:05,263 - BasePage - INFO - the checkbox is cancel.
2017-07-19 09:14:05,313 - BasePage - INFO - Had find the element '  ' successful by id via value: exptype1 
2017-07-19 09:14:05,365 - BasePage - INFO - The element  was clicked.
2017-07-19 09:14:05,401 - BasePage - INFO - Had find the element ' 购买第三日起 ' successful by xpath via value: //*[@id='beforegd1']/option[3] 
2017-07-19 09:14:05,434 - BasePage - INFO - The element  was clicked.
2017-07-19 09:14:05,517 - BasePage - INFO - Had type ' 9 ' in inputBox
2017-07-19 09:14:06,582 - BasePage - INFO - Had find the element '  ' successful by id via value: exptype2 
2017-07-19 09:14:06,644 - BasePage - INFO - The element  was clicked.
2017-07-19 09:14:06,680 - BasePage - INFO - Had find the element ' 购买第五日起 ' successful by xpath via value: //*[@id='beforegd2']/option[5] 
2017-07-19 09:14:06,707 - BasePage - INFO - The element  was clicked.
2017-07-19 09:14:06,848 - BasePage - INFO - Had type ' 2017-08-12 ' in inputBox
2017-07-19 09:14:07,908 - BasePage - INFO - Had find the element '  ' successful by id via value: exptype3 
2017-07-19 09:14:07,960 - BasePage - INFO - The element  was clicked.
2017-07-19 09:14:08,000 - BasePage - INFO - Had find the element '  ' successful by id via value: startexpire 
2017-07-19 09:14:08,082 - BasePage - INFO - Had type ' 2017-07-15 ' in inputBox
2017-07-19 09:14:08,125 - BasePage - INFO - Had find the element '  ' successful by id via value: endexpire 
2017-07-19 09:14:08,217 - BasePage - INFO - Had type ' 2017-08-30 ' in inputBox
2017-07-19 09:14:09,269 - BasePage - INFO - Had find the element '  ' successful by id via value: buytime-check 
2017-07-19 09:14:09,328 - BasePage - INFO - the checkbox is click.
2017-07-19 09:14:09,436 - BasePage - INFO - Had type ' 20:35 ' in inputBox
2017-07-19 09:14:10,461 - BasePage - INFO - Had find the element '  ' successful by id via value: buytime-check 
2017-07-19 09:14:10,503 - BasePage - INFO - the checkbox is cancel.
2017-07-19 09:14:10,609 - BasePage - INFO - Had type ' 08:00 ' in inputBox
2017-07-19 09:14:10,707 - BasePage - INFO - Had type ' 12:35 ' in inputBox
2017-07-19 09:14:10,742 - BasePage - INFO - Had find the element ' 添加时间段 ' successful by id via value: addTime1 
2017-07-19 09:14:10,792 - BasePage - INFO - The element  was clicked.
2017-07-19 09:14:11,865 - BasePage - INFO - Had type ' 14:55 ' in inputBox
2017-07-19 09:14:11,915 - BasePage - INFO - Had type ' 19:00 ' in inputBox
2017-07-19 09:14:11,927 - BasePage - INFO - Had find the element ' 添加时间段 ' successful by id via value: addTime1 
2017-07-19 09:14:11,950 - BasePage - INFO - The element  was clicked.
2017-07-19 09:14:17,016 - BasePage - INFO - Had find the element ' 保存 ' successful by xpath via value: //*[@id='deliveryTime']/p/button 
2017-07-19 09:14:17,075 - BasePage - INFO - The element  was clicked.
2017-07-19 09:14:18,104 - BrowserEngine - INFO - You had select Chrome browser.
2017-07-19 09:14:18,104 - BrowserEngine - INFO - The test server url is: http://bmtest.ematong.com
2017-07-19 09:14:20,206 - BrowserEngine - INFO - Starting Chrome browser.
2017-07-19 09:14:21,098 - BrowserEngine - INFO - Open url: http://bmtest.ematong.com
2017-07-19 09:14:22,535 - BrowserEngine - INFO - Maximize the current window.
2017-07-19 09:14:22,538 - BrowserEngine - INFO - Set implicitly wait 10 seconds.
2017-07-19 09:14:22,599 - BasePage - INFO - Had find the element '  ' successful by id via value: user2 
2017-07-19 09:14:22,677 - BasePage - INFO - Had type ' htest ' in inputBox
2017-07-19 09:14:22,717 - BasePage - INFO - Had find the element '  ' successful by id via value: password2 
2017-07-19 09:14:22,792 - BasePage - INFO - Had type ' 123456 ' in inputBox
2017-07-19 09:14:22,829 - BasePage - INFO - Had find the element '  ' successful by id via value: submit2 
2017-07-19 09:14:22,884 - BasePage - INFO - The element  was clicked.
2017-07-19 09:14:25,171 - BasePage - INFO - Had take screenshot and save to folder : /screenshots
2017-07-19 09:14:26,213 - BasePage - INFO - Had find the element '  ' successful by xpath via value: /html/body/div/div[3]/div[1]/div[1]/div/div[2]/div[3]/a 
2017-07-19 09:14:27,881 - BasePage - INFO - The element  was clicked.
2017-07-19 09:14:30,171 - BasePage - INFO - The element  was clicked.
2017-07-19 09:14:32,144 - BasePage - INFO - The element ' 商品管理 ' was clicked.
2017-07-19 09:14:34,316 - BasePage - INFO - The element ' 分类管理 ' was clicked.
2017-07-19 09:14:36,127 - BasePage - INFO - The element ' 页面管理 ' was clicked.
2017-07-19 09:14:37,503 - BasePage - INFO - The element ' 订单管理 ' was clicked.
2017-07-19 09:14:38,857 - BasePage - INFO - The element ' 商品促销 ' was clicked.
2017-07-19 09:14:41,030 - BasePage - INFO - The element ' 优惠套餐 ' was clicked.
2017-07-19 09:14:43,260 - BasePage - INFO - The element ' 满立减 ' was clicked.
2017-07-19 09:14:45,592 - BasePage - INFO - The element ' 预售 ' was clicked.
2017-07-19 09:14:47,793 - BasePage - INFO - The element ' 限时特价 ' was clicked.
2017-07-19 09:14:50,203 - BasePage - INFO - The element ' 抱团购 ' was clicked.
2017-07-19 09:14:52,661 - BasePage - INFO - The element ' 代金券 ' was clicked.
2017-07-19 09:14:54,851 - BasePage - INFO - The element ' 秒杀 ' was clicked.
2017-07-19 09:14:57,022 - BasePage - INFO - The element ' 许愿 ' was clicked.
2017-07-19 09:15:02,026 - BasePage - INFO - The element ' 送礼 ' was clicked.
2017-07-19 09:15:03,318 - BasePage - INFO - The element ' 客户管理 ' was clicked.
2017-07-19 09:15:04,687 - BasePage - INFO - The element ' 运费模板 ' was clicked.
2017-07-19 09:15:05,986 - BasePage - INFO - The element ' 配送模板 ' was clicked.
2017-07-19 09:15:07,348 - BasePage - INFO - The element ' 属性模板 ' was clicked.
2017-07-19 09:15:08,640 - BasePage - INFO - The element ' 时间模板 ' was clicked.
2017-07-19 09:15:10,065 - BasePage - INFO - The element ' 基础设置 ' was clicked.
2017-07-19 09:15:12,118 - BrowserEngine - INFO - You had select Chrome browser.
2017-07-19 09:15:12,118 - BrowserEngine - INFO - The test server url is: http://bmtest.ematong.com
2017-07-19 09:15:14,226 - BrowserEngine - INFO - Starting Chrome browser.
2017-07-19 09:15:15,111 - BrowserEngine - INFO - Open url: http://bmtest.ematong.com
2017-07-19 09:15:16,556 - BrowserEngine - INFO - Maximize the current window.
2017-07-19 09:15:16,558 - BrowserEngine - INFO - Set implicitly wait 10 seconds.
2017-07-19 09:15:16,562 - BasePage - INFO - Current page title is Linke领客O2O电商平台|零售门店社交化分销平台|华阳信通
2017-07-19 09:15:17,591 - BrowserEngine - INFO - You had select Chrome browser.
2017-07-19 09:15:17,592 - BrowserEngine - INFO - The test server url is: http://bmtest.ematong.com
2017-07-19 09:15:19,696 - BrowserEngine - INFO - Starting Chrome browser.
2017-07-19 09:15:21,720 - BrowserEngine - INFO - Open url: http://bmtest.ematong.com
2017-07-19 09:15:23,145 - BrowserEngine - INFO - Maximize the current window.
2017-07-19 09:15:23,148 - BrowserEngine - INFO - Set implicitly wait 10 seconds.
2017-07-19 09:15:23,197 - BasePage - INFO - Had find the element '  ' successful by id via value: user2 
2017-07-19 09:15:23,273 - BasePage - INFO - Had type ' htest ' in inputBox
2017-07-19 09:15:23,309 - BasePage - INFO - Had find the element '  ' successful by id via value: password2 
2017-07-19 09:15:23,380 - BasePage - INFO - Had type ' 123456 ' in inputBox
2017-07-19 09:15:23,423 - BasePage - INFO - Had find the element '  ' successful by id via value: submit2 
2017-07-19 09:15:23,480 - BasePage - INFO - The element  was clicked.
2017-07-19 09:15:25,529 - BasePage - INFO - Had find the element '  ' successful by xpath via value: /html/body/div/div[3]/div[1]/div[1]/div/div[2]/div[3]/a 
2017-07-19 09:15:27,385 - BasePage - INFO - The element  was clicked.
2017-07-19 09:15:28,798 - BasePage - INFO - The element ' 商品促销 ' was clicked.
2017-07-19 09:15:30,127 - BasePage - INFO - The element ' 限购 ' was clicked.
2017-07-19 09:15:30,497 - BasePage - INFO - The element ' 积分抵扣 ' was clicked.
2017-07-19 09:15:30,765 - BasePage - INFO - The element ' 代金券抵扣 ' was clicked.
2017-07-19 09:15:31,142 - BasePage - INFO - The element ' 满包邮设置 ' was clicked.
2017-07-19 09:15:31,417 - BasePage - INFO - The element ' 推荐 ' was clicked.
2017-07-19 09:15:32,480 - BasePage - INFO - Had find the element ' 名称 ' successful by xpath via value: //*[@id='searchKeywordType']/option[2] 
2017-07-19 09:15:32,509 - BasePage - INFO - The element  was clicked.
2017-07-19 09:15:32,542 - BasePage - INFO - Had find the element '  ' successful by id via value: keyword 
2017-07-19 09:15:32,605 - BasePage - INFO - Had type ' ABC ' in inputBox
2017-07-19 09:15:32,641 - BasePage - INFO - Had find the element ' 搜索 ' successful by id via value: searchQuery1 
2017-07-19 09:15:32,687 - BasePage - INFO - The element  was clicked.
2017-07-19 09:15:32,723 - BasePage - INFO - Had find the element ' 保存 ' successful by id via value: sub-btn 
2017-07-19 09:15:32,769 - BasePage - INFO - The element  was clicked.
2017-07-19 09:15:32,770 - BrowserEngine - INFO - You had select Chrome browser.
2017-07-19 09:15:32,770 - BrowserEngine - INFO - The test server url is: http://bmtest.ematong.com
2017-07-19 09:15:34,898 - BrowserEngine - INFO - Starting Chrome browser.
2017-07-19 09:15:35,816 - BrowserEngine - INFO - Open url: http://bmtest.ematong.com
2017-07-19 09:15:37,233 - BrowserEngine - INFO - Maximize the current window.
2017-07-19 09:15:37,236 - BrowserEngine - INFO - Set implicitly wait 10 seconds.
2017-07-19 09:15:37,290 - BasePage - INFO - Had find the element '  ' successful by id via value: user2 
2017-07-19 09:15:37,368 - BasePage - INFO - Had type ' htest ' in inputBox
2017-07-19 09:15:37,405 - BasePage - INFO - Had find the element '  ' successful by id via value: password2 
2017-07-19 09:15:37,480 - BasePage - INFO - Had type ' 123456 ' in inputBox
2017-07-19 09:15:37,522 - BasePage - INFO - Had find the element '  ' successful by id via value: submit2 
2017-07-19 09:15:37,578 - BasePage - INFO - The element  was clicked.
2017-07-19 09:15:39,594 - BasePage - INFO - Had take screenshot and save to folder : /screenshots
2017-07-19 09:15:40,635 - BasePage - INFO - Had find the element '  ' successful by xpath via value: /html/body/div/div[3]/div[1]/div[1]/div/div[2]/div[3]/a 
2017-07-19 09:15:42,286 - BasePage - INFO - The element  was clicked.
2017-07-19 09:15:44,559 - BasePage - INFO - The element  was clicked.
2017-07-19 09:15:49,413 - BasePage - INFO - The element ' 优惠套餐 ' was clicked.
2017-07-19 09:15:51,502 - BrowserEngine - INFO - You had select Chrome browser.
2017-07-19 09:15:51,502 - BrowserEngine - INFO - The test server url is: http://bmtest.ematong.com
2017-07-19 09:15:53,611 - BrowserEngine - INFO - Starting Chrome browser.
2017-07-19 09:15:54,568 - BrowserEngine - INFO - Open url: http://bmtest.ematong.com
2017-07-19 09:15:56,017 - BrowserEngine - INFO - Maximize the current window.
2017-07-19 09:15:56,019 - BrowserEngine - INFO - Set implicitly wait 10 seconds.
2017-07-19 09:15:56,059 - BasePage - INFO - Had find the element '  ' successful by id via value: user2 
2017-07-19 09:15:56,138 - BasePage - INFO - Had type ' htest ' in inputBox
2017-07-19 09:15:56,174 - BasePage - INFO - Had find the element '  ' successful by id via value: password2 
2017-07-19 09:15:56,256 - BasePage - INFO - Had type ' 123456 ' in inputBox
2017-07-19 09:15:56,292 - BasePage - INFO - Had find the element '  ' successful by id via value: submit2 
2017-07-19 09:15:56,354 - BasePage - INFO - The element  was clicked.
2017-07-19 09:15:59,398 - BasePage - INFO - Had find the element '  ' successful by xpath via value: /html/body/div/div[3]/div[1]/div[1]/div/div[2]/div[3]/a 
2017-07-19 09:16:01,059 - BasePage - INFO - The element  was clicked.
2017-07-19 09:16:02,489 - BasePage - INFO - The element ' 订单管理 ' was clicked.
2017-07-19 09:16:03,828 - BasePage - INFO - The element ' 交易统计 ' was clicked.
2017-07-19 09:16:04,161 - BasePage - INFO - The element ' 订单统计 ' was clicked.
2017-07-19 09:16:04,549 - BasePage - INFO - The element ' 订单列表 ' was clicked.
2017-07-19 09:16:05,604 - BasePage - INFO - Had find the element '  ' successful by id via value: payTimeBegin 
2017-07-19 09:16:05,789 - BasePage - INFO - Had type ' 2015-07-18 11:35 ' in inputBox
2017-07-19 09:16:05,825 - BasePage - INFO - Had find the element '  ' successful by id via value: payTimeEnd 
2017-07-19 09:16:05,983 - BasePage - INFO - Had type ' 2017-07-18 11:35 ' in inputBox
2017-07-19 09:16:06,019 - BasePage - INFO - Had find the element '  ' successful by id via value: createTimeBegin 
2017-07-19 09:16:06,186 - BasePage - INFO - Had type ' 2015-07-18 11:35 ' in inputBox
2017-07-19 09:16:06,220 - BasePage - INFO - Had find the element '  ' successful by id via value: createTimeEnd 
2017-07-19 09:16:06,374 - BasePage - INFO - Had type ' 2017-07-18 11:35 ' in inputBox
2017-07-19 09:16:06,410 - BasePage - INFO - Had find the element ' 搜索 ' successful by id via value: searchQuery1 
2017-07-19 09:16:06,467 - BasePage - INFO - The element  was clicked.
2017-07-19 09:16:06,638 - BasePage - INFO - Had type ' 201706100000037 ' in inputBox
2017-07-19 09:16:06,832 - BasePage - INFO - Had type ' 400100254788 ' in inputBox
2017-07-19 09:16:06,976 - BasePage - INFO - Had type ' 13538008900 ' in inputBox
2017-07-19 09:16:07,081 - BasePage - INFO - Had type ' 彭望兴 ' in inputBox
2017-07-19 09:16:07,167 - BasePage - INFO - Had type ' 望星 ' in inputBox
2017-07-19 09:16:07,203 - BasePage - INFO - Had find the element ' 未发货 ' successful by xpath via value: //div[@class='form']/div[3]/div[2]/div/select//option[3] 
2017-07-19 09:16:07,239 - BasePage - INFO - The element  was clicked.
2017-07-19 09:16:09,299 - BasePage - INFO - Had find the element ' 送礼 ' successful by xpath via value: //div[@class='form']/div[4]/div[2]/div/select//option[4] 
2017-07-19 09:16:09,332 - BasePage - INFO - The element  was clicked.
2017-07-19 09:16:09,369 - BasePage - INFO - Had find the element ' 货到付款 ' successful by xpath via value: //div[@class='form']/div[5]/div[2]/div/select//option[5] 
2017-07-19 09:16:09,401 - BasePage - INFO - The element  was clicked.
2017-07-19 09:16:09,441 - BasePage - INFO - Had find the element ' 用户到店 ' successful by xpath via value: //div[@class='form']/div[6]/div[2]/div/select//option[4] 
2017-07-19 09:16:09,471 - BasePage - INFO - The element  was clicked.
2017-07-19 09:16:10,523 - BasePage - INFO - Had find the element ' 虚拟商品 ' successful by xpath via value: //*[@id='goodsType1']/option[3] 
2017-07-19 09:16:10,555 - BasePage - INFO - The element  was clicked.
2017-07-19 09:16:10,592 - BasePage - INFO - Had find the element ' 储值卡 ' successful by xpath via value: //*[@id='goodsType2']/option[2] 
2017-07-19 09:16:10,622 - BasePage - INFO - The element  was clicked.
2017-07-19 09:16:13,661 - BrowserEngine - INFO - You had select Chrome browser.
2017-07-19 09:16:13,661 - BrowserEngine - INFO - The test server url is: http://bmtest.ematong.com
2017-07-19 09:16:15,786 - BrowserEngine - INFO - Starting Chrome browser.
2017-07-19 09:16:16,743 - BrowserEngine - INFO - Open url: http://bmtest.ematong.com
2017-07-19 09:16:18,198 - BrowserEngine - INFO - Maximize the current window.
2017-07-19 09:16:18,200 - BrowserEngine - INFO - Set implicitly wait 10 seconds.
2017-07-19 09:16:18,239 - BasePage - INFO - Had find the element '  ' successful by id via value: user2 
2017-07-19 09:16:18,319 - BasePage - INFO - Had type ' htest ' in inputBox
2017-07-19 09:16:18,357 - BasePage - INFO - Had find the element '  ' successful by id via value: password2 
2017-07-19 09:16:18,431 - BasePage - INFO - Had type ' 123456 ' in inputBox
2017-07-19 09:16:18,469 - BasePage - INFO - Had find the element '  ' successful by id via value: submit2 
2017-07-19 09:16:18,525 - BasePage - INFO - The element  was clicked.
2017-07-19 09:16:20,588 - BasePage - INFO - Had find the element '  ' successful by xpath via value: /html/body/div/div[3]/div[1]/div[1]/div/div[2]/div[3]/a 
2017-07-19 09:16:22,667 - BasePage - INFO - The element  was clicked.
2017-07-19 09:16:24,523 - BasePage - INFO - The element ' 页面管理 ' was clicked.
2017-07-19 09:16:26,359 - BasePage - INFO - The element ' 列表展示 ' was clicked.
2017-07-19 09:16:26,799 - BasePage - INFO - The element ' 自定义页面 ' was clicked.
2017-07-19 09:16:27,262 - BasePage - INFO - The element ' 主页 ' was clicked.
2017-07-19 09:16:28,742 - BasePage - INFO - The element ' 自定义页面 ' was clicked.
2017-07-19 09:16:30,779 - BrowserEngine - INFO - You had select Chrome browser.
2017-07-19 09:16:30,779 - BrowserEngine - INFO - The test server url is: http://bmtest.ematong.com
2017-07-19 09:16:32,895 - BrowserEngine - INFO - Starting Chrome browser.
2017-07-19 09:16:33,838 - BrowserEngine - INFO - Open url: http://bmtest.ematong.com
2017-07-19 09:16:35,263 - BrowserEngine - INFO - Maximize the current window.
2017-07-19 09:16:35,266 - BrowserEngine - INFO - Set implicitly wait 10 seconds.
2017-07-19 09:16:35,332 - BasePage - INFO - Had find the element '  ' successful by id via value: user2 
2017-07-19 09:16:35,410 - BasePage - INFO - Had type ' htest ' in inputBox
2017-07-19 09:16:35,448 - BasePage - INFO - Had find the element '  ' successful by id via value: password2 
2017-07-19 09:16:35,525 - BasePage - INFO - Had type ' 123456 ' in inputBox
2017-07-19 09:16:35,563 - BasePage - INFO - Had find the element '  ' successful by id via value: submit2 
2017-07-19 09:16:35,618 - BasePage - INFO - The element  was clicked.
2017-07-19 09:16:37,663 - BasePage - INFO - Had find the element '  ' successful by xpath via value: /html/body/div/div[3]/div[1]/div[1]/div/div[2]/div[3]/a 
2017-07-19 09:16:39,582 - BasePage - INFO - The element  was clicked.
2017-07-19 09:16:41,865 - BasePage - INFO - The element ' 配送模板 ' was clicked.
2017-07-19 09:16:43,052 - BasePage - INFO - The element ' 添加配送区域 ' was clicked.
2017-07-19 09:16:43,187 - BasePage - INFO - Had type ' selenium0706 ' in inputBox
2017-07-19 09:16:43,232 - BasePage - INFO - Had find the element ' 添　加 ' successful by id via value: show-city 
2017-07-19 09:16:43,431 - BasePage - INFO - The element  was clicked.
2017-07-19 09:16:46,033 - BrowserEngine - INFO - You had select Chrome browser.
2017-07-19 09:16:46,033 - BrowserEngine - INFO - The test server url is: http://bmtest.ematong.com
2017-07-19 09:16:48,140 - BrowserEngine - INFO - Starting Chrome browser.
2017-07-19 09:16:50,232 - BrowserEngine - INFO - Open url: http://bmtest.ematong.com
2017-07-19 09:16:51,661 - BrowserEngine - INFO - Maximize the current window.
2017-07-19 09:16:51,663 - BrowserEngine - INFO - Set implicitly wait 10 seconds.
2017-07-19 09:16:51,700 - BasePage - INFO - Had find the element '  ' successful by id via value: user2 
2017-07-19 09:16:51,779 - BasePage - INFO - Had type ' htest ' in inputBox
2017-07-19 09:16:51,821 - BasePage - INFO - Had find the element '  ' successful by id via value: password2 
2017-07-19 09:16:51,898 - BasePage - INFO - Had type ' 123456 ' in inputBox
2017-07-19 09:16:51,936 - BasePage - INFO - Had find the element '  ' successful by id via value: submit2 
2017-07-19 09:16:51,994 - BasePage - INFO - The element  was clicked.
2017-07-19 09:16:54,052 - BasePage - INFO - Had find the element '  ' successful by xpath via value: /html/body/div/div[3]/div[1]/div[1]/div/div[2]/div[3]/a 
2017-07-19 09:16:55,872 - BasePage - INFO - The element  was clicked.
2017-07-19 09:16:58,101 - BasePage - INFO - The element ' 运费模板 ' was clicked.
2017-07-19 09:16:59,369 - BasePage - INFO - The element ' 添加运费模板 ' was clicked.
2017-07-19 09:16:59,503 - BasePage - INFO - Had type ' selenium0706 ' in inputBox
2017-07-19 09:16:59,543 - BasePage - INFO - Had find the element '  ' successful by xpath via value: //*[@id='shipmentTemplate']/div/table/tbody/tr[3]/td/label[2]/input 
2017-07-19 09:16:59,634 - BasePage - INFO - The element  was clicked.
2017-07-19 09:16:59,671 - BasePage - INFO - Had find the element '  ' successful by id via value: first 
2017-07-19 09:16:59,732 - BasePage - INFO - Had type ' 1 ' in inputBox
2017-07-19 09:16:59,766 - BasePage - INFO - Had find the element '  ' successful by xpath via value: //*[@id='shipmentTemplate']/div/div[3]/div[2]/table[1]/tbody/tr/td/input[2] 
2017-07-19 09:16:59,822 - BasePage - INFO - Had type ' 2 ' in inputBox
2017-07-19 09:16:59,857 - BasePage - INFO - Had find the element '  ' successful by id via value: append 
2017-07-19 09:16:59,915 - BasePage - INFO - Had type ' 3 ' in inputBox
2017-07-19 09:16:59,950 - BasePage - INFO - Had find the element '  ' successful by xpath via value: //*[@id='shipmentTemplate']/div/div[3]/div[2]/table[1]/tbody/tr/td/input[4] 
2017-07-19 09:17:00,009 - BasePage - INFO - Had type ' 4 ' in inputBox
2017-07-19 09:17:01,048 - BasePage - INFO - Had find the element ' 确定 ' successful by xpath via value: /html/body/div[2]/div[2]/a 
2017-07-19 09:17:01,099 - BasePage - INFO - The element  was clicked.
