2017-07-18 23:12:03,615 - BrowserEngine - INFO - You had select Chrome browser.
2017-07-18 23:12:03,615 - BrowserEngine - INFO - The test server url is: http://bmtest.ematong.com
2017-07-18 23:12:06,397 - BrowserEngine - INFO - Starting Chrome browser.
2017-07-18 23:12:07,440 - BrowserEngine - INFO - Open url: http://bmtest.ematong.com
2017-07-18 23:12:08,598 - BrowserEngine - INFO - Maximize the current window.
2017-07-18 23:12:08,598 - BrowserEngine - INFO - Set implicitly wait 10 seconds.
2017-07-18 23:12:08,648 - BasePage - INFO - Had find the element '  ' successful by id via value: user2 
2017-07-18 23:12:08,727 - BasePage - INFO - Had type ' htest ' in inputBox
2017-07-18 23:12:08,762 - BasePage - INFO - Had find the element '  ' successful by id via value: password2 
2017-07-18 23:12:08,851 - BasePage - INFO - Had type ' 123456 ' in inputBox
2017-07-18 23:12:08,885 - BasePage - INFO - Had find the element '  ' successful by id via value: submit2 
2017-07-18 23:12:08,947 - BasePage - INFO - The element  was clicked.
2017-07-18 23:12:11,005 - BasePage - INFO - Had find the element '  ' successful by xpath via value: /html/body/div/div[3]/div[1]/div[1]/div/div[2]/div[3]/a 
2017-07-18 23:12:17,634 - BasePage - INFO - The element  was clicked.
2017-07-18 23:12:18,996 - BasePage - INFO - The element ' 客户管理 ' was clicked.
2017-07-18 23:12:20,096 - BasePage - INFO - Had type ' pwx ' in inputBox
2017-07-18 23:12:20,134 - BasePage - INFO - Had find the element ' 全部状态 ' successful by xpath via value: //*[@name='status']/option[1] 
2017-07-18 23:12:20,164 - BasePage - INFO - The element  was clicked.
2017-07-18 23:12:20,417 - BasePage - INFO - The element ' 搜索 ' was clicked.
2017-07-18 23:12:20,611 - BasePage - INFO - The element ' 查看 ' was clicked.
2017-07-18 23:12:23,749 - BasePage - INFO - The element  was clicked.
