2017-07-20 16:43:12,565 - BrowserEngine - INFO - You had select Chrome browser.
2017-07-20 16:43:12,565 - BrowserEngine - INFO - The test server url is: http://bmtest.ematong.com
2017-07-20 16:43:14,788 - BrowserEngine - INFO - Starting Chrome browser.
2017-07-20 16:43:15,937 - BrowserEngine - INFO - Open url: http://bmtest.ematong.com
2017-07-20 16:43:17,345 - BrowserEngine - INFO - Maximize the current window.
2017-07-20 16:43:17,346 - BrowserEngine - INFO - Set implicitly wait 10 seconds.
2017-07-20 16:43:17,388 - BasePage - INFO - Had find the element '  ' successful by id via value: user2 
2017-07-20 16:43:17,471 - BasePage - INFO - Had type ' htest ' in inputBox
2017-07-20 16:43:17,512 - BasePage - INFO - Had find the element '  ' successful by id via value: password2 
2017-07-20 16:43:17,585 - BasePage - INFO - Had type ' 123456 ' in inputBox
2017-07-20 16:43:17,625 - BasePage - INFO - Had find the element '  ' successful by id via value: yzm2 
2017-07-20 16:43:17,706 - BasePage - INFO - Had type ' HY7102$ ' in inputBox
2017-07-20 16:43:17,743 - BasePage - INFO - Had find the element '  ' successful by id via value: submit2 
2017-07-20 16:43:17,799 - BasePage - INFO - The element  was clicked.
2017-07-20 16:43:19,869 - BasePage - INFO - Had take screenshot and save to folder : /screenshots
2017-07-20 16:43:19,917 - BasePage - INFO - Had find the element ' [退出] ' successful by xpath via value: //*[@id='headerLogout'] 
2017-07-20 16:43:19,974 - BasePage - INFO - The element  was clicked.
2017-07-20 16:43:20,118 - BasePage - INFO - Had find the element '  ' successful by id via value: user2 
2017-07-20 16:43:20,216 - BasePage - INFO - Had type ' ytest ' in inputBox
2017-07-20 16:43:20,253 - BasePage - INFO - Had find the element '  ' successful by id via value: password2 
2017-07-20 16:43:20,345 - BasePage - INFO - Had type ' hy2017 ' in inputBox
2017-07-20 16:43:20,369 - BasePage - INFO - Had find the element '  ' successful by id via value: yzm2 
2017-07-20 16:43:20,525 - BasePage - INFO - Had type ' HY7102$ ' in inputBox
2017-07-20 16:43:20,549 - BasePage - INFO - Had find the element '  ' successful by id via value: submit2 
2017-07-20 16:43:20,617 - BasePage - INFO - The element  was clicked.
2017-07-20 16:43:22,187 - BasePage - INFO - Had take screenshot and save to folder : /screenshots
2017-07-20 16:43:36,323 - BrowserEngine - INFO - You had select Chrome browser.
2017-07-20 16:43:36,323 - BrowserEngine - INFO - The test server url is: http://bmtest.ematong.com
2017-07-20 16:43:38,539 - BrowserEngine - INFO - Starting Chrome browser.
2017-07-20 16:43:39,809 - BrowserEngine - INFO - Open url: http://bmtest.ematong.com
2017-07-20 16:43:41,247 - BrowserEngine - INFO - Maximize the current window.
2017-07-20 16:43:41,250 - BrowserEngine - INFO - Set implicitly wait 10 seconds.
2017-07-20 16:43:41,309 - BasePage - INFO - Had find the element '  ' successful by id via value: user2 
2017-07-20 16:43:41,382 - BasePage - INFO - Had type ' htest ' in inputBox
2017-07-20 16:43:41,420 - BasePage - INFO - Had find the element '  ' successful by id via value: password2 
2017-07-20 16:43:41,496 - BasePage - INFO - Had type ' 123456 ' in inputBox
2017-07-20 16:43:41,535 - BasePage - INFO - Had find the element '  ' successful by id via value: yzm2 
2017-07-20 16:43:41,618 - BasePage - INFO - Had type ' HY7102$ ' in inputBox
2017-07-20 16:43:41,657 - BasePage - INFO - Had find the element '  ' successful by id via value: submit2 
2017-07-20 16:43:41,713 - BasePage - INFO - The element  was clicked.
2017-07-20 16:43:43,775 - BasePage - INFO - Had take screenshot and save to folder : /screenshots
2017-07-20 16:43:43,819 - BasePage - INFO - Had find the element ' [退出] ' successful by xpath via value: //*[@id='headerLogout'] 
2017-07-20 16:43:43,869 - BasePage - INFO - The element  was clicked.
2017-07-20 16:43:44,010 - BasePage - INFO - Had find the element '  ' successful by id via value: user2 
2017-07-20 16:43:44,098 - BasePage - INFO - Had type ' ytest ' in inputBox
2017-07-20 16:43:44,127 - BasePage - INFO - Had find the element '  ' successful by id via value: password2 
2017-07-20 16:43:44,203 - BasePage - INFO - Had type ' hy2017 ' in inputBox
2017-07-20 16:43:44,233 - BasePage - INFO - Had find the element '  ' successful by id via value: yzm2 
2017-07-20 16:43:44,332 - BasePage - INFO - Had type ' HY7102$ ' in inputBox
2017-07-20 16:43:44,358 - BasePage - INFO - Had find the element '  ' successful by id via value: submit2 
2017-07-20 16:43:44,414 - BasePage - INFO - The element  was clicked.
2017-07-20 16:43:45,819 - BasePage - INFO - Had take screenshot and save to folder : /screenshots
