2017-07-28 14:39:32,970 - BrowserEngine - INFO - You had select Chrome browser.
2017-07-28 14:39:32,970 - BrowserEngine - INFO - The test server url is: http://bmtest.ematong.com
2017-07-28 14:39:35,109 - BrowserEngine - INFO - Starting Chrome browser.
2017-07-28 14:39:36,213 - BrowserEngine - INFO - Open url: http://bmtest.ematong.com
2017-07-28 14:39:37,647 - BrowserEngine - INFO - Maximize the current window.
2017-07-28 14:39:37,648 - BrowserEngine - INFO - Set implicitly wait 10 seconds.
2017-07-28 14:39:37,686 - BasePage - INFO - Had find the element '  ' successful by id via value: user2 
2017-07-28 14:39:37,763 - BasePage - INFO - Had type ' htest ' in inputBox
2017-07-28 14:39:37,802 - BasePage - INFO - Had find the element '  ' successful by id via value: password2 
2017-07-28 14:39:37,880 - BasePage - INFO - Had type ' 123456 ' in inputBox
2017-07-28 14:39:37,921 - BasePage - INFO - Had find the element '  ' successful by id via value: yzm2 
2017-07-28 14:39:38,000 - BasePage - INFO - Had type ' HY7102$ ' in inputBox
2017-07-28 14:39:38,036 - BasePage - INFO - Had find the element '  ' successful by id via value: submit2 
2017-07-28 14:39:38,092 - BasePage - INFO - The element  was clicked.
2017-07-28 14:39:40,144 - BasePage - INFO - Had find the element '  ' successful by xpath via value: /html/body/div/div[3]/div[1]/div[1]/div/div[2]/div[3]/a 
2017-07-28 14:39:42,213 - BasePage - INFO - The element  was clicked.
2017-07-28 14:39:44,548 - BasePage - INFO - The element ' 分类管理 ' was clicked.
2017-07-28 14:39:46,611 - BasePage - INFO - Had find the element '  ' successful by xpath via value: //*[@id='saveForm']/table/tbody[1]/tr[1]/td[1]/img[1] 
2017-07-28 14:39:46,664 - BasePage - INFO - The element  was clicked.
2017-07-28 14:39:47,724 - BasePage - INFO - Had find the element '  ' successful by xpath via value: //*[@id='saveForm']/table/tbody[2]/tr[1]/td[1]/img[1] 
2017-07-28 14:39:47,786 - BasePage - INFO - The element  was clicked.
2017-07-28 14:39:48,838 - BasePage - INFO - Had find the element '  ' successful by xpath via value: //*[@id='saveForm']/table/tbody[3]/tr[1]/td[1]/img[1] 
2017-07-28 14:39:48,885 - BasePage - INFO - The element  was clicked.
