2017-07-20 15:49:16,285 - BrowserEngine - INFO - You had select Chrome browser.
2017-07-20 15:49:16,285 - BrowserEngine - INFO - The test server url is: http://bmtest.ematong.com
2017-07-20 15:49:18,849 - BrowserEngine - INFO - Starting Chrome browser.
2017-07-20 15:49:21,144 - BrowserEngine - INFO - Open url: http://bmtest.ematong.com
2017-07-20 15:49:22,562 - BrowserEngine - INFO - Maximize the current window.
2017-07-20 15:49:22,562 - BrowserEngine - INFO - Set implicitly wait 10 seconds.
2017-07-20 15:49:22,602 - BasePage - INFO - Had find the element '  ' successful by id via value: user2 
2017-07-20 15:49:22,664 - BasePage - INFO - Had type '  ' in inputBox
2017-07-20 15:49:22,701 - BasePage - INFO - Had find the element '  ' successful by id via value: password2 
2017-07-20 15:49:22,776 - BasePage - INFO - Had type ' 123456 ' in inputBox
2017-07-20 15:49:22,815 - BasePage - INFO - Had find the element '  ' successful by id via value: yzm2 
2017-07-20 15:49:22,905 - BasePage - INFO - Had type ' HY7102$ ' in inputBox
2017-07-20 15:49:22,940 - BasePage - INFO - Had find the element '  ' successful by id via value: submit2 
2017-07-20 15:49:22,999 - BasePage - INFO - The element  was clicked.
2017-07-20 15:49:24,312 - BasePage - INFO - Had take screenshot and save to folder : /screenshots
2017-07-20 15:49:24,332 - BasePage - INFO - Had find the element '  ' successful by id via value: user2 
2017-07-20 15:49:24,361 - BasePage - INFO - Had type ' htest ' in inputBox
2017-07-20 15:49:24,380 - BasePage - INFO - Had find the element '  ' successful by id via value: password2 
2017-07-20 15:49:24,404 - BasePage - INFO - Had type '  ' in inputBox
2017-07-20 15:49:24,417 - BasePage - INFO - Had find the element '  ' successful by id via value: yzm2 
2017-07-20 15:49:24,477 - BasePage - INFO - Had type ' HY7102$ ' in inputBox
2017-07-20 15:49:24,490 - BasePage - INFO - Had find the element '  ' successful by id via value: submit2 
2017-07-20 15:49:24,519 - BasePage - INFO - The element  was clicked.
2017-07-20 15:49:25,842 - BasePage - INFO - Had take screenshot and save to folder : /screenshots
2017-07-20 15:49:25,868 - BasePage - INFO - Had find the element '  ' successful by id via value: user2 
2017-07-20 15:49:25,913 - BasePage - INFO - Had type ' 11221test ' in inputBox
2017-07-20 15:49:25,930 - BasePage - INFO - Had find the element '  ' successful by id via value: password2 
2017-07-20 15:49:25,966 - BasePage - INFO - Had type ' 12345 ' in inputBox
2017-07-20 15:49:25,983 - BasePage - INFO - Had find the element '  ' successful by id via value: yzm2 
2017-07-20 15:49:26,033 - BasePage - INFO - Had type ' HY7102$ ' in inputBox
2017-07-20 15:49:26,048 - BasePage - INFO - Had find the element '  ' successful by id via value: submit2 
2017-07-20 15:49:26,076 - BasePage - INFO - The element  was clicked.
2017-07-20 15:49:27,374 - BasePage - INFO - Had take screenshot and save to folder : /screenshots
