2017-07-18 11:16:25,322 - BrowserEngine - INFO - You had select Chrome browser.
2017-07-18 11:16:25,322 - BrowserEngine - INFO - The test server url is: http://bmtest.ematong.com
2017-07-18 11:16:27,464 - BrowserEngine - INFO - Starting Chrome browser.
2017-07-18 11:16:28,668 - BrowserEngine - INFO - Open url: http://bmtest.ematong.com
2017-07-18 11:16:30,105 - BrowserEngine - INFO - Maximize the current window.
2017-07-18 11:16:30,108 - BrowserEngine - INFO - Set implicitly wait 10 seconds.
2017-07-18 11:16:30,144 - BasePage - INFO - Had find the element '  ' successful by id via value: user2 
2017-07-18 11:16:30,226 - BasePage - INFO - Had type ' htest ' in inputBox
2017-07-18 11:16:30,269 - BasePage - INFO - Had find the element '  ' successful by id via value: password2 
2017-07-18 11:16:30,348 - BasePage - INFO - Had type ' 123456 ' in inputBox
2017-07-18 11:16:30,384 - BasePage - INFO - Had find the element '  ' successful by id via value: submit2 
2017-07-18 11:16:30,440 - BasePage - INFO - The element  was clicked.
2017-07-18 11:16:32,496 - BasePage - INFO - Had find the element '  ' successful by xpath via value: /html/body/div/div[3]/div[1]/div[1]/div/div[2]/div[3]/a 
2017-07-18 11:16:34,766 - BasePage - INFO - The element  was clicked.
2017-07-18 11:16:37,243 - BasePage - INFO - The element ' 优惠套餐 ' was clicked.
2017-07-18 11:16:38,302 - BasePage - INFO - Had find the element '  ' successful by id via value: title 
2017-07-18 11:16:38,423 - BasePage - INFO - Had type ' python自建套餐活动001 ' in inputBox
2017-07-18 11:16:39,480 - BasePage - INFO - Had find the element '  ' successful by id via value: startValidTime 
2017-07-18 11:16:39,604 - BasePage - INFO - Had type ' 2017-08-12 01:23:45 ' in inputBox
2017-07-18 11:16:39,642 - BasePage - INFO - Had find the element '  ' successful by id via value: endValidTime 
2017-07-18 11:16:39,747 - BasePage - INFO - Had type ' 2018-12-30 23:59:59 ' in inputBox
2017-07-18 11:16:39,783 - BasePage - INFO - Had find the element '  ' successful by xpath via value: //*[@id='command']/div[4]/div[2]/table/tbody/tr[1]/td/div/span[2]/input 
2017-07-18 11:16:39,835 - BasePage - INFO - The element  was clicked.
2017-07-18 11:16:39,871 - BasePage - INFO - Had find the element '  ' successful by xpath via value: //*[@id='command']/div[4]/div[2]/table/tbody/tr[1]/td/ul[2]/li[1]/input[1] 
2017-07-18 11:16:39,938 - BasePage - INFO - Had type ' 1 ' in inputBox
2017-07-18 11:16:39,983 - BasePage - INFO - Had find the element '  ' successful by xpath via value: //*[@id='command']/div[4]/div[2]/table/tbody/tr[1]/td/ul[2]/li[1]/input[2] 
2017-07-18 11:16:40,046 - BasePage - INFO - Had type ' 50 ' in inputBox
2017-07-18 11:16:40,079 - BasePage - INFO - Had find the element '  ' successful by xpath via value: //*[@id='command']/div[4]/div[2]/table/tbody/tr[1]/td/ul[2]/li[1]/a 
2017-07-18 11:16:40,125 - BasePage - INFO - The element  was clicked.
2017-07-18 11:16:42,181 - BasePage - INFO - Had find the element '  ' successful by xpath via value: //*[@id='command']/div[4]/div[2]/table/tbody/tr[2]/td/span[2]/input 
2017-07-18 11:16:42,226 - BasePage - INFO - The element  was clicked.
2017-07-18 11:16:42,259 - BasePage - INFO - Had find the element '  ' successful by xpath via value: //*[@id='command']/div[4]/div[2]/table/tbody/tr[4]/td/span[2]/input 
2017-07-18 11:16:42,309 - BasePage - INFO - The element  was clicked.
2017-07-18 11:16:44,369 - BasePage - INFO - Had find the element ' 添加主商品 ' successful by xpath via value: //*[@id='addMainGoodsTr']/td/a 
2017-07-18 11:16:44,545 - BasePage - INFO - The element  was clicked.
