2017-07-24 20:11:47,992 - BrowserEngine - INFO - You had select Chrome browser.
2017-07-24 20:11:47,992 - BrowserEngine - INFO - The test server url is: http://bmtest.ematong.com
2017-07-24 20:11:50,351 - BrowserEngine - INFO - Starting Chrome browser.
2017-07-24 20:11:51,803 - BrowserEngine - INFO - Open url: http://bmtest.ematong.com
2017-07-24 20:11:52,938 - BrowserEngine - INFO - Maximize the current window.
2017-07-24 20:11:52,940 - BrowserEngine - INFO - Set implicitly wait 10 seconds.
2017-07-24 20:11:53,002 - BasePage - INFO - Had find the element '  ' successful by id via value: user2 
2017-07-24 20:11:53,315 - BasePage - INFO - Had type ' htest ' in inputBox
2017-07-24 20:11:53,384 - BasePage - INFO - Had find the element '  ' successful by id via value: password2 
2017-07-24 20:11:53,618 - BasePage - INFO - Had type ' 123456 ' in inputBox
2017-07-24 20:11:53,760 - BasePage - INFO - Had find the element '  ' successful by id via value: yzm2 
2017-07-24 20:11:53,954 - BasePage - INFO - Had type ' HY7102$ ' in inputBox
2017-07-24 20:11:54,032 - BasePage - INFO - Had find the element '  ' successful by id via value: submit2 
2017-07-24 20:11:54,183 - BasePage - INFO - The element  was clicked.
2017-07-24 20:11:56,336 - BasePage - INFO - Had find the element '  ' successful by xpath via value: /html/body/div/div[3]/div[1]/div[1]/div/div[2]/div[3]/a 
2017-07-24 20:11:58,628 - BasePage - INFO - The element  was clicked.
2017-07-24 20:12:01,253 - BasePage - INFO - The element ' 页面管理 ' was clicked.
2017-07-24 20:12:03,052 - BasePage - INFO - The element ' 列表展示 ' was clicked.
2017-07-24 20:12:03,739 - BasePage - INFO - The element ' 加载页 ' was clicked.
2017-07-24 20:12:04,171 - BasePage - INFO - The element ' 商品详情页 ' was clicked.
2017-07-24 20:12:04,785 - BasePage - INFO - The element ' 自定义页面 ' was clicked.
2017-07-24 20:12:05,421 - BasePage - INFO - The element ' 主页 ' was clicked.
2017-07-24 20:12:07,915 - BasePage - INFO - The element ' 列表展示 ' was clicked.
2017-07-24 20:12:08,989 - BasePage - INFO - Had find the element '  ' successful by id via value: r5 
2017-07-24 20:12:09,032 - BasePage - INFO - The element  was clicked.
2017-07-24 20:12:09,072 - BasePage - INFO - Had find the element ' 保存 ' successful by id via value: submitBtn 
2017-07-24 20:12:09,121 - BasePage - INFO - The element  was clicked.
2017-07-24 20:12:09,569 - BasePage - INFO - The element ' 加载页 ' was clicked.
2017-07-24 20:12:09,605 - BasePage - INFO - Had find the element '  ' successful by xpath via value: //*[@id='tloadForm']/div[4]/div/div[2]/table/tbody/tr[1]/td[2]/label[2]/input 
2017-07-24 20:12:09,654 - BasePage - INFO - The element  was clicked.
2017-07-24 20:12:09,851 - BasePage - INFO - Had find the element '  ' successful by xpath via value: //*[@id='tloadForm']/div[4]/div/div[2]/table/tbody/tr[1]/td[2]/label[1]/input 
2017-07-24 20:12:09,953 - BasePage - INFO - The element  was clicked.
2017-07-24 20:12:09,992 - BasePage - INFO - Had find the element ' 关闭 ' successful by id via value: openAndColesBtn 
2017-07-24 20:12:10,036 - BasePage - INFO - The element  was clicked.
2017-07-24 20:12:10,072 - BasePage - INFO - Had find the element ' 保存 ' successful by xpath via value: //*[@id='tloadForm']/div[4]/div/div[2]/p/button 
2017-07-24 20:12:10,119 - BasePage - INFO - The element  was clicked.
2017-07-24 20:12:14,523 - BasePage - INFO - The element ' 商品详情页 ' was clicked.
2017-07-24 20:12:15,579 - BasePage - INFO - Had find the element '  ' successful by xpath via value: //*[@id='goodDetailFrom']/table/tbody/tr/td[2]/div/p/label/input 
2017-07-24 20:12:15,637 - BasePage - INFO - The element  was clicked.
2017-07-24 20:12:16,831 - BasePage - INFO - Had find the element '  ' successful by xpath via value: //*[@id='goodDetailFrom']/table/tbody/tr/td[1]/div/p/label/input 
2017-07-24 20:12:16,933 - BasePage - INFO - The element  was clicked.
2017-07-24 20:12:17,977 - BasePage - INFO - Had find the element ' 保存 ' successful by xpath via value: //*[@id='submitBtn'] 
2017-07-24 20:12:18,023 - BasePage - INFO - The element  was clicked.
