2017-07-24 15:46:13,559 - BrowserEngine - INFO - You had select Chrome browser.
2017-07-24 15:46:13,559 - BrowserEngine - INFO - The test server url is: http://bmtest.ematong.com
2017-07-24 15:46:15,684 - BrowserEngine - INFO - Starting Chrome browser.
2017-07-24 15:46:17,874 - BrowserEngine - INFO - Open url: http://bmtest.ematong.com
2017-07-24 15:46:19,308 - BrowserEngine - INFO - Maximize the current window.
2017-07-24 15:46:19,309 - BrowserEngine - INFO - Set implicitly wait 10 seconds.
2017-07-24 15:46:19,348 - BasePage - INFO - Had find the element '  ' successful by id via value: user2 
2017-07-24 15:46:19,434 - BasePage - INFO - Had type ' htest ' in inputBox
2017-07-24 15:46:19,473 - BasePage - INFO - Had find the element '  ' successful by id via value: password2 
2017-07-24 15:46:19,546 - BasePage - INFO - Had type ' 123456 ' in inputBox
2017-07-24 15:46:19,585 - BasePage - INFO - Had find the element '  ' successful by id via value: yzm2 
2017-07-24 15:46:19,665 - BasePage - INFO - Had type ' HY7102$ ' in inputBox
2017-07-24 15:46:19,703 - BasePage - INFO - Had find the element '  ' successful by id via value: submit2 
2017-07-24 15:46:19,762 - BasePage - INFO - The element  was clicked.
2017-07-24 15:46:21,815 - BasePage - INFO - Had find the element '  ' successful by xpath via value: /html/body/div/div[3]/div[1]/div[1]/div/div[2]/div[3]/a 
2017-07-24 15:46:23,773 - BasePage - INFO - The element  was clicked.
2017-07-24 15:46:27,887 - BasePage - INFO - The element ' 页面管理 ' was clicked.
2017-07-24 15:46:30,819 - BasePage - INFO - The element ' 列表展示 ' was clicked.
2017-07-24 15:46:41,002 - BasePage - INFO - Had find the element '  ' successful by id via value: r5 
2017-07-24 15:46:41,046 - BasePage - INFO - The element  was clicked.
2017-07-24 15:46:41,082 - BasePage - INFO - Had find the element ' 保存 ' successful by id via value: submitBtn 
2017-07-24 15:46:41,135 - BasePage - INFO - The element  was clicked.
2017-07-24 15:46:42,650 - BasePage - INFO - The element ' 加载页 ' was clicked.
2017-07-24 15:46:42,703 - BasePage - INFO - Had find the element '  ' successful by xpath via value: //*[@id='tloadForm']/div[4]/div/div[2]/table/tbody/tr[1]/td[2]/label[2]/input 
2017-07-24 15:46:42,760 - BasePage - INFO - The element  was clicked.
2017-07-24 15:46:42,796 - BasePage - INFO - Had find the element '  ' successful by xpath via value: //*[@id='tloadForm']/div[4]/div/div[2]/table/tbody/tr[1]/td[2]/label[1]/input 
2017-07-24 15:46:42,844 - BasePage - INFO - The element  was clicked.
2017-07-24 15:46:42,884 - BasePage - INFO - Had find the element ' 开启 ' successful by id via value: openAndColesBtn 
2017-07-24 15:46:42,928 - BasePage - INFO - The element  was clicked.
2017-07-24 15:46:42,966 - BasePage - INFO - Had find the element ' 保存 ' successful by xpath via value: //*[@id='tloadForm']/div[4]/div/div[2]/p/button 
2017-07-24 15:46:43,012 - BasePage - INFO - The element  was clicked.
2017-07-24 15:46:44,293 - BasePage - INFO - The element ' 商品详情页 ' was clicked.
2017-07-24 15:46:44,331 - BasePage - INFO - Had find the element '  ' successful by xpath via value: //*[@id='goodDetailFrom']/table/tbody/tr/td[2]/div/p/label/input 
2017-07-24 15:46:44,372 - BasePage - INFO - The element  was clicked.
2017-07-24 15:46:45,434 - BasePage - INFO - Had find the element '  ' successful by xpath via value: //*[@id='goodDetailFrom']/table/tbody/tr/td[1]/div/p/label/input 
2017-07-24 15:46:45,477 - BasePage - INFO - The element  was clicked.
2017-07-24 15:46:46,513 - BasePage - INFO - Had find the element ' 保存 ' successful by xpath via value: //*[@id='submitBtn'] 
2017-07-24 15:46:46,559 - BasePage - INFO - The element  was clicked.
