2017-07-20 16:32:48,142 - BrowserEngine - INFO - You had select Chrome browser.
2017-07-20 16:32:48,142 - BrowserEngine - INFO - The test server url is: http://bmtest.ematong.com
2017-07-20 16:32:50,288 - BrowserEngine - INFO - Starting Chrome browser.
2017-07-20 16:32:52,674 - BrowserEngine - INFO - Open url: http://bmtest.ematong.com
2017-07-20 16:32:54,092 - BrowserEngine - INFO - Maximize the current window.
2017-07-20 16:32:54,092 - BrowserEngine - INFO - Set implicitly wait 10 seconds.
2017-07-20 16:32:54,134 - BasePage - INFO - Had find the element '  ' successful by id via value: user2 
2017-07-20 16:32:54,223 - BasePage - INFO - Had type ' htest ' in inputBox
2017-07-20 16:32:54,267 - BasePage - INFO - Had find the element '  ' successful by id via value: password2 
2017-07-20 16:32:54,361 - BasePage - INFO - Had type ' 123456 ' in inputBox
2017-07-20 16:32:54,401 - BasePage - INFO - Had find the element '  ' successful by id via value: yzm2 
2017-07-20 16:32:54,493 - BasePage - INFO - Had type ' HY7102$ ' in inputBox
2017-07-20 16:32:54,529 - BasePage - INFO - Had find the element '  ' successful by id via value: submit2 
2017-07-20 16:32:54,586 - BasePage - INFO - The element  was clicked.
2017-07-20 16:32:56,630 - BasePage - INFO - Had find the element '  ' successful by xpath via value: /html/body/div/div[3]/div[1]/div[1]/div/div[2]/div[3]/a 
2017-07-20 16:32:59,013 - BasePage - INFO - The element  was clicked.
2017-07-20 16:33:01,667 - BasePage - INFO - The element ' 客户管理 ' was clicked.
2017-07-20 16:33:03,207 - BasePage - INFO - Had type ' pwx ' in inputBox
2017-07-20 16:33:03,259 - BasePage - INFO - Had find the element ' 全部状态 ' successful by xpath via value: //*[@name='status']/option[1] 
2017-07-20 16:33:03,367 - BasePage - INFO - The element  was clicked.
2017-07-20 16:33:03,645 - BasePage - INFO - The element ' 搜索 ' was clicked.
2017-07-20 16:33:04,257 - BasePage - INFO - The element ' 查看 ' was clicked.
2017-07-20 16:33:07,523 - BasePage - INFO - The element  was clicked.
