2017-07-18 11:45:29,509 - BrowserEngine - INFO - You had select Chrome browser.
2017-07-18 11:45:29,509 - BrowserEngine - INFO - The test server url is: http://bmtest.ematong.com
2017-07-18 11:45:31,650 - BrowserEngine - INFO - Starting Chrome browser.
2017-07-18 11:45:33,779 - BrowserEngine - INFO - Open url: http://bmtest.ematong.com
2017-07-18 11:45:35,207 - BrowserEngine - INFO - Maximize the current window.
2017-07-18 11:45:35,209 - BrowserEngine - INFO - Set implicitly wait 10 seconds.
2017-07-18 11:45:35,246 - BasePage - INFO - Had find the element '  ' successful by id via value: user2 
2017-07-18 11:45:35,321 - BasePage - INFO - Had type ' htest ' in inputBox
2017-07-18 11:45:35,361 - BasePage - INFO - Had find the element '  ' successful by id via value: password2 
2017-07-18 11:45:35,438 - BasePage - INFO - Had type ' 123456 ' in inputBox
2017-07-18 11:45:35,477 - BasePage - INFO - Had find the element '  ' successful by id via value: submit2 
2017-07-18 11:45:35,532 - BasePage - INFO - The element  was clicked.
2017-07-18 11:45:37,578 - BasePage - INFO - Had find the element '  ' successful by xpath via value: /html/body/div/div[3]/div[1]/div[1]/div/div[2]/div[3]/a 
2017-07-18 11:45:39,474 - BasePage - INFO - The element  was clicked.
2017-07-18 11:45:41,785 - BasePage - INFO - The element ' 优惠套餐 ' was clicked.
2017-07-18 11:45:42,839 - BasePage - INFO - Had find the element '  ' successful by id via value: title 
2017-07-18 11:45:42,966 - BasePage - INFO - Had type ' python自建套餐活动001 ' in inputBox
2017-07-18 11:45:44,032 - BasePage - INFO - Had find the element '  ' successful by id via value: startValidTime 
2017-07-18 11:45:44,180 - BasePage - INFO - Had type ' 2017-08-12 01:23:45 ' in inputBox
2017-07-18 11:45:44,220 - BasePage - INFO - Had find the element '  ' successful by id via value: endValidTime 
2017-07-18 11:45:44,323 - BasePage - INFO - Had type ' 2018-12-30 23:59:59 ' in inputBox
2017-07-18 11:45:44,359 - BasePage - INFO - Had find the element '  ' successful by xpath via value: //*[@id='command']/div[4]/div[2]/table/tbody/tr[1]/td/div/span[2]/input 
2017-07-18 11:45:44,413 - BasePage - INFO - The element  was clicked.
2017-07-18 11:45:44,450 - BasePage - INFO - Had find the element '  ' successful by xpath via value: //*[@id='command']/div[4]/div[2]/table/tbody/tr[1]/td/ul[2]/li[1]/input[1] 
2017-07-18 11:45:44,510 - BasePage - INFO - Had type ' 1 ' in inputBox
2017-07-18 11:45:44,548 - BasePage - INFO - Had find the element '  ' successful by xpath via value: //*[@id='command']/div[4]/div[2]/table/tbody/tr[1]/td/ul[2]/li[1]/input[2] 
2017-07-18 11:45:44,611 - BasePage - INFO - Had type ' 50 ' in inputBox
2017-07-18 11:45:44,651 - BasePage - INFO - Had find the element '  ' successful by xpath via value: //*[@id='command']/div[4]/div[2]/table/tbody/tr[1]/td/ul[2]/li[1]/a 
2017-07-18 11:45:44,698 - BasePage - INFO - The element  was clicked.
2017-07-18 11:45:46,746 - BasePage - INFO - Had find the element '  ' successful by xpath via value: //*[@id='command']/div[4]/div[2]/table/tbody/tr[1]/td/ul[2]/li[2]/a 
2017-07-18 11:45:46,789 - BasePage - INFO - The element  was clicked.
2017-07-18 11:45:48,829 - BasePage - INFO - Had find the element '  ' successful by xpath via value: //*[@id='command']/div[4]/div[2]/table/tbody/tr[2]/td/span[2]/input 
2017-07-18 11:45:48,878 - BasePage - INFO - The element  was clicked.
2017-07-18 11:45:48,914 - BasePage - INFO - Had find the element '  ' successful by xpath via value: //*[@id='command']/div[4]/div[2]/table/tbody/tr[4]/td/span[2]/input 
2017-07-18 11:45:48,957 - BasePage - INFO - The element  was clicked.
2017-07-18 11:45:51,022 - BasePage - INFO - Had find the element ' 添加主商品 ' successful by xpath via value: //*[@id='addMainGoodsTr']/td/a 
2017-07-18 11:45:51,209 - BasePage - INFO - The element  was clicked.
2017-07-18 11:46:01,279 - BasePage - ERROR - NoSuchElementException: Message: no such element: Unable to locate element: {"method":"xpath","selector":"//*[@id='type']/option[2]"}
  (Session info: chrome=59.0.3071.115)
  (Driver info: chromedriver=2.28.455520 (cc17746adff54984afff480136733114c6b3704b),platform=Windows NT 6.1.7601 SP1 x86_64)

2017-07-18 11:46:01,630 - BasePage - INFO - Had take screenshot and save to folder : /screenshots
