2017-07-20 15:51:08,367 - BrowserEngine - INFO - You had select Chrome browser.
2017-07-20 15:51:08,367 - BrowserEngine - INFO - The test server url is: http://bmtest.ematong.com
2017-07-20 15:51:10,517 - BrowserEngine - INFO - Starting Chrome browser.
2017-07-20 15:51:12,920 - BrowserEngine - INFO - Open url: http://bmtest.ematong.com
2017-07-20 15:51:14,321 - BrowserEngine - INFO - Maximize the current window.
2017-07-20 15:51:14,322 - BrowserEngine - INFO - Set implicitly wait 10 seconds.
2017-07-20 15:51:14,377 - BasePage - INFO - Had find the element '  ' successful by id via value: user2 
2017-07-20 15:51:14,438 - BasePage - INFO - Had type '  ' in inputBox
2017-07-20 15:51:14,474 - BasePage - INFO - Had find the element '  ' successful by id via value: password2 
2017-07-20 15:51:14,551 - BasePage - INFO - Had type ' 123456 ' in inputBox
2017-07-20 15:51:14,591 - BasePage - INFO - Had find the element '  ' successful by id via value: yzm2 
2017-07-20 15:51:14,674 - BasePage - INFO - Had type ' HY7102$ ' in inputBox
2017-07-20 15:51:14,710 - BasePage - INFO - Had find the element '  ' successful by id via value: submit2 
2017-07-20 15:51:14,775 - BasePage - INFO - The element  was clicked.
2017-07-20 15:51:16,073 - BasePage - INFO - Had take screenshot and save to folder : /screenshots
2017-07-20 15:51:16,088 - BasePage - INFO - Had find the element '  ' successful by id via value: user2 
2017-07-20 15:51:16,118 - BasePage - INFO - Had type ' htest ' in inputBox
2017-07-20 15:51:16,134 - BasePage - INFO - Had find the element '  ' successful by id via value: password2 
2017-07-20 15:51:16,157 - BasePage - INFO - Had type '  ' in inputBox
2017-07-20 15:51:16,168 - BasePage - INFO - Had find the element '  ' successful by id via value: yzm2 
2017-07-20 15:51:16,227 - BasePage - INFO - Had type ' HY7102$ ' in inputBox
2017-07-20 15:51:16,243 - BasePage - INFO - Had find the element '  ' successful by id via value: submit2 
2017-07-20 15:51:16,266 - BasePage - INFO - The element  was clicked.
2017-07-20 15:51:17,571 - BasePage - INFO - Had take screenshot and save to folder : /screenshots
2017-07-20 15:51:17,589 - BasePage - INFO - Had find the element '  ' successful by id via value: user2 
2017-07-20 15:51:17,632 - BasePage - INFO - Had type ' 11221test ' in inputBox
2017-07-20 15:51:17,647 - BasePage - INFO - Had find the element '  ' successful by id via value: password2 
2017-07-20 15:51:17,680 - BasePage - INFO - Had type ' 12345 ' in inputBox
2017-07-20 15:51:17,697 - BasePage - INFO - Had find the element '  ' successful by id via value: yzm2 
2017-07-20 15:51:17,746 - BasePage - INFO - Had type ' HY7102$ ' in inputBox
2017-07-20 15:51:17,759 - BasePage - INFO - Had find the element '  ' successful by id via value: submit2 
2017-07-20 15:51:17,779 - BasePage - INFO - The element  was clicked.
2017-07-20 15:51:19,086 - BasePage - INFO - Had take screenshot and save to folder : /screenshots
