2017-07-27 11:11:45,963 - BrowserEngine - INFO - You had select Chrome browser.
2017-07-27 11:11:45,963 - BrowserEngine - INFO - The test server url is: http://bmtest.ematong.com
2017-07-27 11:11:48,069 - BrowserEngine - INFO - Starting Chrome browser.
2017-07-27 11:11:50,907 - BrowserEngine - INFO - Open url: http://bmtest.ematong.com
2017-07-27 11:11:52,321 - BrowserEngine - INFO - Maximize the current window.
2017-07-27 11:11:52,322 - BrowserEngine - INFO - Set implicitly wait 10 seconds.
2017-07-27 11:11:52,361 - BasePage - INFO - Had find the element '  ' successful by id via value: user2 
2017-07-27 11:11:52,444 - BasePage - INFO - Had type ' htest ' in inputBox
2017-07-27 11:11:52,482 - BasePage - INFO - Had find the element '  ' successful by id via value: password2 
2017-07-27 11:11:52,555 - BasePage - INFO - Had type ' 123456 ' in inputBox
2017-07-27 11:11:52,594 - BasePage - INFO - Had find the element '  ' successful by id via value: yzm2 
2017-07-27 11:11:52,684 - BasePage - INFO - Had type ' HY7102$ ' in inputBox
2017-07-27 11:11:52,720 - BasePage - INFO - Had find the element '  ' successful by id via value: submit2 
2017-07-27 11:11:52,779 - BasePage - INFO - The element  was clicked.
2017-07-27 11:11:54,818 - BasePage - INFO - Had find the element '  ' successful by xpath via value: /html/body/div/div[3]/div[1]/div[1]/div/div[2]/div[3]/a 
2017-07-27 11:11:57,323 - BasePage - INFO - The element  was clicked.
2017-07-27 11:11:59,634 - BasePage - INFO - The element ' 商品管理 ' was clicked.
2017-07-27 11:12:00,755 - BasePage - INFO - The element ' 商品列表 ' was clicked.
2017-07-27 11:12:05,112 - BasePage - INFO - Had find the element '  ' successful by xpath via value: /html/body/div[2]/div[3]/a[2] 
2017-07-27 11:12:05,178 - BasePage - INFO - The element  was clicked.
2017-07-27 11:12:09,335 - BasePage - INFO - Had find the element ' 取消 ' successful by xpath via value: /html/body/div[2]/div[3]/a[2] 
2017-07-27 11:12:09,392 - BasePage - INFO - The element  was clicked.
2017-07-27 11:12:14,552 - BasePage - INFO - Had find the element ' 取消 ' successful by xpath via value: /html/body/div[2]/div[3]/a[2] 
2017-07-27 11:12:14,605 - BasePage - INFO - The element  was clicked.
