2017-07-18 11:02:06,740 - BrowserEngine - INFO - You had select Chrome browser.
2017-07-18 11:02:06,740 - BrowserEngine - INFO - The test server url is: http://bmtest.ematong.com
2017-07-18 11:02:08,835 - BrowserEngine - INFO - Starting Chrome browser.
2017-07-18 11:02:10,891 - BrowserEngine - INFO - Open url: http://bmtest.ematong.com
2017-07-18 11:02:12,332 - BrowserEngine - INFO - Maximize the current window.
2017-07-18 11:02:12,332 - BrowserEngine - INFO - Set implicitly wait 10 seconds.
2017-07-18 11:02:12,369 - BasePage - INFO - Had find the element '  ' successful by id via value: user2 
2017-07-18 11:02:12,447 - BasePage - INFO - Had type ' htest ' in inputBox
2017-07-18 11:02:12,484 - BasePage - INFO - Had find the element '  ' successful by id via value: password2 
2017-07-18 11:02:12,561 - BasePage - INFO - Had type ' 123456 ' in inputBox
2017-07-18 11:02:12,598 - BasePage - INFO - Had find the element '  ' successful by id via value: submit2 
2017-07-18 11:02:12,653 - BasePage - INFO - The element  was clicked.
2017-07-18 11:02:14,707 - BasePage - INFO - Had find the element '  ' successful by xpath via value: /html/body/div/div[3]/div[1]/div[1]/div/div[2]/div[3]/a 
2017-07-18 11:02:16,911 - BasePage - INFO - The element  was clicked.
2017-07-18 11:02:19,759 - BasePage - INFO - The element ' 优惠套餐 ' was clicked.
2017-07-18 11:02:20,819 - BasePage - INFO - Had find the element '  ' successful by id via value: title 
2017-07-18 11:02:20,943 - BasePage - INFO - Had type ' python自建套餐活动001 ' in inputBox
2017-07-18 11:02:22,003 - BasePage - INFO - Had find the element '  ' successful by id via value: startValidTime 
2017-07-18 11:02:22,144 - BasePage - INFO - Had type ' 2017-08-12 01:23:45 ' in inputBox
2017-07-18 11:02:22,181 - BasePage - INFO - Had find the element '  ' successful by id via value: endValidTime 
2017-07-18 11:02:22,289 - BasePage - INFO - Had type ' 2018-12-30 23:59:59 ' in inputBox
2017-07-18 11:02:22,325 - BasePage - INFO - Had find the element '  ' successful by xpath via value: //*[@id='command']/div[4]/div[2]/table/tbody/tr[1]/td/div/span[2]/input 
2017-07-18 11:02:22,375 - BasePage - INFO - The element  was clicked.
2017-07-18 11:02:22,411 - BasePage - INFO - Had find the element '  ' successful by xpath via value: //*[@id='command']/div[4]/div[2]/table/tbody/tr[1]/td/ul[2]/li[1]/input[1] 
2017-07-18 11:02:22,476 - BasePage - INFO - Had type ' 1 ' in inputBox
2017-07-18 11:02:22,515 - BasePage - INFO - Had find the element '  ' successful by xpath via value: //*[@id='command']/div[4]/div[2]/table/tbody/tr[1]/td/ul[2]/li[1]/input[2] 
2017-07-18 11:02:22,582 - BasePage - INFO - Had type ' 50 ' in inputBox
2017-07-18 11:02:22,621 - BasePage - INFO - Had find the element '  ' successful by xpath via value: //*[@id='command']/div[4]/div[2]/table/tbody/tr[1]/td/ul[1]/li[1]/a 
