2017-07-24 20:10:49,792 - BrowserEngine - INFO - You had select Chrome browser.
2017-07-24 20:10:49,792 - BrowserEngine - INFO - The test server url is: http://bmtest.ematong.com
2017-07-24 20:10:52,213 - BrowserEngine - INFO - Starting Chrome browser.
2017-07-24 20:10:53,572 - BrowserEngine - INFO - Open url: http://bmtest.ematong.com
2017-07-24 20:10:54,756 - BrowserEngine - INFO - Maximize the current window.
2017-07-24 20:10:54,757 - BrowserEngine - INFO - Set implicitly wait 10 seconds.
2017-07-24 20:10:54,809 - BasePage - INFO - Had find the element '  ' successful by id via value: user2 
2017-07-24 20:10:54,983 - BasePage - INFO - Had type ' htest ' in inputBox
2017-07-24 20:10:55,019 - BasePage - INFO - Had find the element '  ' successful by id via value: password2 
2017-07-24 20:10:55,219 - BasePage - INFO - Had type ' 123456 ' in inputBox
2017-07-24 20:10:55,269 - BasePage - INFO - Had find the element '  ' successful by id via value: yzm2 
2017-07-24 20:10:55,405 - BasePage - INFO - Had type ' HY7102$ ' in inputBox
2017-07-24 20:10:55,450 - BasePage - INFO - Had find the element '  ' successful by id via value: submit2 
2017-07-24 20:10:55,562 - BasePage - INFO - The element  was clicked.
2017-07-24 20:10:57,622 - BasePage - INFO - Had find the element '  ' successful by xpath via value: /html/body/div/div[3]/div[1]/div[1]/div/div[2]/div[3]/a 
2017-07-24 20:10:59,710 - BasePage - INFO - The element  was clicked.
2017-07-24 20:11:02,392 - BasePage - INFO - The element ' 页面管理 ' was clicked.
2017-07-24 20:11:04,049 - BasePage - INFO - The element ' 列表展示 ' was clicked.
2017-07-24 20:11:04,755 - BasePage - INFO - The element ' 加载页 ' was clicked.
2017-07-24 20:11:05,253 - BasePage - INFO - The element ' 商品详情页 ' was clicked.
2017-07-24 20:11:05,642 - BasePage - INFO - The element ' 自定义页面 ' was clicked.
2017-07-24 20:11:06,335 - BasePage - INFO - The element ' 主页 ' was clicked.
2017-07-24 20:11:08,937 - BasePage - INFO - The element ' 列表展示 ' was clicked.
2017-07-24 20:11:10,020 - BasePage - INFO - Had find the element '  ' successful by id via value: r5 
2017-07-24 20:11:10,063 - BasePage - INFO - The element  was clicked.
2017-07-24 20:11:10,098 - BasePage - INFO - Had find the element ' 保存 ' successful by id via value: submitBtn 
2017-07-24 20:11:10,147 - BasePage - INFO - The element  was clicked.
2017-07-24 20:11:10,655 - BasePage - INFO - The element ' 加载页 ' was clicked.
2017-07-24 20:11:10,701 - BasePage - INFO - Had find the element '  ' successful by xpath via value: //*[@id='tloadForm']/div[4]/div/div[2]/table/tbody/tr[1]/td[2]/label[2]/input 
2017-07-24 20:11:10,766 - BasePage - INFO - The element  was clicked.
2017-07-24 20:11:10,838 - BasePage - INFO - Had find the element '  ' successful by xpath via value: //*[@id='tloadForm']/div[4]/div/div[2]/table/tbody/tr[1]/td[2]/label[1]/input 
2017-07-24 20:11:10,887 - BasePage - INFO - The element  was clicked.
2017-07-24 20:11:10,936 - BasePage - INFO - Had find the element ' 开启 ' successful by id via value: openAndColesBtn 
2017-07-24 20:11:10,984 - BasePage - INFO - The element  was clicked.
2017-07-24 20:11:11,025 - BasePage - INFO - Had find the element ' 保存 ' successful by xpath via value: //*[@id='tloadForm']/div[4]/div/div[2]/p/button 
2017-07-24 20:11:11,082 - BasePage - INFO - The element  was clicked.
