2017-07-27 10:49:43,487 - BrowserEngine - INFO - You had select Chrome browser.
2017-07-27 10:49:43,487 - BrowserEngine - INFO - The test server url is: http://bmtest.ematong.com
2017-07-27 10:49:45,638 - BrowserEngine - INFO - Starting Chrome browser.
2017-07-27 10:49:46,996 - BrowserEngine - INFO - Open url: http://bmtest.ematong.com
2017-07-27 10:49:48,440 - BrowserEngine - INFO - Maximize the current window.
2017-07-27 10:49:48,441 - BrowserEngine - INFO - Set implicitly wait 10 seconds.
2017-07-27 10:49:48,480 - BasePage - INFO - Had find the element '  ' successful by id via value: user2 
2017-07-27 10:49:48,562 - BasePage - INFO - Had type ' htest ' in inputBox
2017-07-27 10:49:48,599 - BasePage - INFO - Had find the element '  ' successful by id via value: password2 
2017-07-27 10:49:48,677 - BasePage - INFO - Had type ' 123456 ' in inputBox
2017-07-27 10:49:48,716 - BasePage - INFO - Had find the element '  ' successful by id via value: yzm2 
2017-07-27 10:49:48,796 - BasePage - INFO - Had type ' HY7102$ ' in inputBox
2017-07-27 10:49:48,832 - BasePage - INFO - Had find the element '  ' successful by id via value: submit2 
2017-07-27 10:49:48,887 - BasePage - INFO - The element  was clicked.
2017-07-27 10:49:50,943 - BasePage - INFO - Had find the element '  ' successful by xpath via value: /html/body/div/div[3]/div[1]/div[1]/div/div[2]/div[3]/a 
2017-07-27 10:49:52,762 - BasePage - INFO - The element  was clicked.
2017-07-27 10:49:55,051 - BasePage - INFO - The element ' 商品管理 ' was clicked.
2017-07-27 10:49:56,138 - BasePage - INFO - The element ' 商品列表 ' was clicked.
2017-07-27 10:50:00,411 - BasePage - INFO - Had find the element '  ' successful by xpath via value: /html/body/div[2]/div[3]/a[2] 
2017-07-27 10:50:00,477 - BasePage - INFO - The element  was clicked.
2017-07-27 10:50:04,653 - BasePage - INFO - Had find the element ' 取消 ' successful by xpath via value: /html/body/div[2]/div[3]/a[2] 
2017-07-27 10:50:04,703 - BasePage - INFO - The element  was clicked.
