2017-07-28 15:55:10,174 - BrowserEngine - INFO - You had select Chrome browser.
2017-07-28 15:55:10,174 - BrowserEngine - INFO - The test server url is: http://bmtest.ematong.com
2017-07-28 15:55:14,719 - BrowserEngine - INFO - Starting Chrome browser.
2017-07-28 15:55:16,901 - BrowserEngine - INFO - Open url: http://bmtest.ematong.com
2017-07-28 15:55:18,335 - BrowserEngine - INFO - Maximize the current window.
2017-07-28 15:55:18,336 - BrowserEngine - INFO - Set implicitly wait 10 seconds.
2017-07-28 15:55:18,381 - BasePage - INFO - Had find the element '  ' successful by id via value: user2 
2017-07-28 15:55:18,459 - BasePage - INFO - Had type ' htest ' in inputBox
2017-07-28 15:55:18,496 - BasePage - INFO - Had find the element '  ' successful by id via value: password2 
2017-07-28 15:55:18,578 - BasePage - INFO - Had type ' 123456 ' in inputBox
2017-07-28 15:55:18,621 - BasePage - INFO - Had find the element '  ' successful by id via value: yzm2 
2017-07-28 15:55:18,720 - BasePage - INFO - Had type ' HY7102$ ' in inputBox
2017-07-28 15:55:18,763 - BasePage - INFO - Had find the element '  ' successful by id via value: submit2 
2017-07-28 15:55:18,828 - BasePage - INFO - The element  was clicked.
2017-07-28 15:55:21,869 - BasePage - INFO - Had find the element '  ' successful by xpath via value: /html/body/div/div[3]/div[1]/div[1]/div/div[2]/div[3]/a 
2017-07-28 15:55:23,500 - BasePage - INFO - The element  was clicked.
2017-07-28 15:55:25,594 - BasePage - INFO - The element ' 订单管理 ' was clicked.
2017-07-28 15:55:26,891 - BasePage - INFO - The element ' 订单列表 ' was clicked.
2017-07-28 15:55:27,970 - BasePage - INFO - The element ' 全部订单 ' was clicked.
2017-07-28 15:55:28,042 - BasePage - INFO - The element ' 未付款 ' was clicked.
2017-07-28 15:55:28,131 - BasePage - INFO - The element ' 待审核 ' was clicked.
