2017-07-18 16:07:12,308 - BrowserEngine - INFO - You had select Chrome browser.
2017-07-18 16:07:12,308 - BrowserEngine - INFO - The test server url is: http://bmtest.ematong.com
2017-07-18 16:07:14,391 - BrowserEngine - INFO - Starting Chrome browser.
2017-07-18 16:07:15,913 - BrowserEngine - INFO - Open url: http://bmtest.ematong.com
2017-07-18 16:07:17,365 - BrowserEngine - INFO - Maximize the current window.
2017-07-18 16:07:17,365 - BrowserEngine - INFO - Set implicitly wait 10 seconds.
2017-07-18 16:07:17,403 - BasePage - INFO - Had find the element '  ' successful by id via value: user2 
2017-07-18 16:07:17,480 - BasePage - INFO - Had type ' htest ' in inputBox
2017-07-18 16:07:17,525 - BasePage - INFO - Had find the element '  ' successful by id via value: password2 
2017-07-18 16:07:17,599 - BasePage - INFO - Had type ' 123456 ' in inputBox
2017-07-18 16:07:17,638 - BasePage - INFO - Had find the element '  ' successful by id via value: submit2 
2017-07-18 16:07:17,696 - BasePage - INFO - The element  was clicked.
2017-07-18 16:07:19,753 - BasePage - INFO - Had find the element '  ' successful by xpath via value: /html/body/div/div[3]/div[1]/div[1]/div/div[2]/div[3]/a 
2017-07-18 16:07:21,841 - BasePage - INFO - The element  was clicked.
2017-07-18 16:07:24,328 - BasePage - INFO - The element ' 优惠套餐 ' was clicked.
2017-07-18 16:07:25,381 - BasePage - INFO - Had find the element '  ' successful by id via value: title 
2017-07-18 16:07:25,499 - BasePage - INFO - Had type ' python自建套餐活动001 ' in inputBox
2017-07-18 16:07:26,562 - BasePage - INFO - Had find the element '  ' successful by id via value: startValidTime 
2017-07-18 16:07:26,700 - BasePage - INFO - Had type ' 2017-08-12 01:23:45 ' in inputBox
2017-07-18 16:07:26,737 - BasePage - INFO - Had find the element '  ' successful by id via value: endValidTime 
2017-07-18 16:07:26,846 - BasePage - INFO - Had type ' 2018-12-30 23:59:59 ' in inputBox
2017-07-18 16:07:26,882 - BasePage - INFO - Had find the element '  ' successful by xpath via value: //*[@id='command']/div[4]/div[2]/table/tbody/tr[1]/td/div/span[2]/input 
2017-07-18 16:07:26,933 - BasePage - INFO - The element  was clicked.
2017-07-18 16:07:26,970 - BasePage - INFO - Had find the element '  ' successful by xpath via value: //*[@id='command']/div[4]/div[2]/table/tbody/tr[1]/td/ul[2]/li[1]/input[1] 
2017-07-18 16:07:27,032 - BasePage - INFO - Had type ' 1 ' in inputBox
2017-07-18 16:07:27,069 - BasePage - INFO - Had find the element '  ' successful by xpath via value: //*[@id='command']/div[4]/div[2]/table/tbody/tr[1]/td/ul[2]/li[1]/input[2] 
2017-07-18 16:07:27,128 - BasePage - INFO - Had type ' 50 ' in inputBox
2017-07-18 16:07:27,164 - BasePage - INFO - Had find the element '  ' successful by xpath via value: //*[@id='command']/div[4]/div[2]/table/tbody/tr[1]/td/ul[2]/li[1]/a 
2017-07-18 16:07:27,209 - BasePage - INFO - The element  was clicked.
2017-07-18 16:07:28,273 - BasePage - INFO - Had find the element '  ' successful by xpath via value: //*[@id='command']/div[4]/div[2]/table/tbody/tr[1]/td/ul[2]/li[2]/a 
2017-07-18 16:07:28,328 - BasePage - INFO - The element  was clicked.
2017-07-18 16:07:29,390 - BasePage - INFO - Had find the element '  ' successful by xpath via value: //*[@id='command']/div[4]/div[2]/table/tbody/tr[2]/td/span[2]/input 
2017-07-18 16:07:29,433 - BasePage - INFO - The element  was clicked.
2017-07-18 16:07:29,467 - BasePage - INFO - Had find the element '  ' successful by xpath via value: //*[@id='command']/div[4]/div[2]/table/tbody/tr[4]/td/span[2]/input 
2017-07-18 16:07:29,512 - BasePage - INFO - The element  was clicked.
2017-07-18 16:07:30,565 - BasePage - INFO - Had find the element ' 添加主商品 ' successful by xpath via value: //*[@id='addMainGoodsTr']/td/a 
2017-07-18 16:07:30,746 - BasePage - INFO - The element  was clicked.
2017-07-18 16:07:31,809 - BasePage - INFO - Had find the element ' 实体商品 ' successful by xpath via value: //*[@id='type']/option[2] 
2017-07-18 16:07:31,838 - BasePage - INFO - The element  was clicked.
2017-07-18 16:07:31,928 - BasePage - INFO - Had type ' 现代风格 ' in inputBox
2017-07-18 16:07:31,963 - BasePage - INFO - Had find the element ' 已上架 ' successful by xpath via value: //*[@id='status']/option[3] 
2017-07-18 16:07:31,993 - BasePage - INFO - The element  was clicked.
2017-07-18 16:07:32,029 - BasePage - INFO - Had find the element '  ' successful by xpath via value: //*[@id='queryGoodsForm1']/div/div/label[5]/input 
2017-07-18 16:07:32,114 - BasePage - INFO - The element  was clicked.
2017-07-18 16:07:32,150 - BasePage - INFO - Had find the element ' 搜索 ' successful by xpath via value: //*[@id='queryGoodsForm1']/div/div/a 
2017-07-18 16:07:32,233 - BasePage - INFO - The element  was clicked.
2017-07-18 16:07:32,267 - BasePage - INFO - Had find the element '  ' successful by xpath via value: //*[@id='581407cc-d0d6-4ec3-9407-ccd0d6fec3a3'] 
2017-07-18 16:07:32,338 - BasePage - INFO - The element  was clicked.
2017-07-18 16:07:33,388 - BasePage - INFO - Had find the element ' 确定 ' successful by xpath via value: /html/body/div[3]/div[2]/a 
2017-07-18 16:07:33,447 - BasePage - INFO - The element  was clicked.
2017-07-18 16:07:34,496 - BasePage - INFO - Had find the element ' 添加搭配商品 ' successful by xpath via value: //*[@id='addFgoodsTr']/td/a 
