2017-07-27 14:32:28,819 - BrowserEngine - INFO - You had select Chrome browser.
2017-07-27 14:32:28,819 - BrowserEngine - INFO - The test server url is: http://bmtest.ematong.com
2017-07-27 14:32:30,986 - BrowserEngine - INFO - Starting Chrome browser.
2017-07-27 14:32:33,993 - BrowserEngine - INFO - Open url: http://bmtest.ematong.com
2017-07-27 14:32:35,423 - BrowserEngine - INFO - Maximize the current window.
2017-07-27 14:32:35,424 - BrowserEngine - INFO - Set implicitly wait 10 seconds.
2017-07-27 14:32:45,457 - BasePage - ERROR - NoSuchElementException: Message: no such element: Unable to locate element: {"method":"xpath","selector":"//*[@id='queryForm']/div/div[1]/table/tbody/tr[1]/td[3]/p"}
  (Session info: chrome=59.0.3071.115)
  (Driver info: chromedriver=2.28.455520 (cc17746adff54984afff480136733114c6b3704b),platform=Windows NT 6.1.7601 SP1 x86_64)

2017-07-27 14:32:45,903 - BasePage - INFO - Had take screenshot and save to folder : /screenshots
2017-07-27 14:32:45,951 - BasePage - INFO - Had find the element '  ' successful by id via value: user2 
2017-07-27 14:32:46,032 - BasePage - INFO - Had type ' htest ' in inputBox
2017-07-27 14:32:46,071 - BasePage - INFO - Had find the element '  ' successful by id via value: password2 
2017-07-27 14:32:46,148 - BasePage - INFO - Had type ' 123456 ' in inputBox
2017-07-27 14:32:46,188 - BasePage - INFO - Had find the element '  ' successful by id via value: yzm2 
2017-07-27 14:32:46,266 - BasePage - INFO - Had type ' HY7102$ ' in inputBox
2017-07-27 14:32:46,302 - BasePage - INFO - Had find the element '  ' successful by id via value: submit2 
2017-07-27 14:32:46,359 - BasePage - INFO - The element  was clicked.
2017-07-27 14:32:49,703 - BasePage - INFO - Had find the element '  ' successful by xpath via value: /html/body/div/div[3]/div[1]/div[1]/div/div[2]/div[3]/a 
2017-07-27 14:32:49,822 - BasePage - INFO - The element  was clicked.
