2017-07-27 14:33:11,262 - BrowserEngine - INFO - You had select Chrome browser.
2017-07-27 14:33:11,263 - BrowserEngine - INFO - The test server url is: http://bmtest.ematong.com
2017-07-27 14:33:13,607 - BrowserEngine - INFO - Starting Chrome browser.
2017-07-27 14:33:15,276 - BrowserEngine - INFO - Open url: http://bmtest.ematong.com
2017-07-27 14:33:16,707 - BrowserEngine - INFO - Maximize the current window.
2017-07-27 14:33:16,710 - BrowserEngine - INFO - Set implicitly wait 10 seconds.
2017-07-27 14:33:26,744 - BasePage - ERROR - NoSuchElementException: Message: no such element: Unable to locate element: {"method":"xpath","selector":"//*[@id='queryForm']/div/div[1]/table/tbody/tr[1]/td[3]/p"}
  (Session info: chrome=59.0.3071.115)
  (Driver info: chromedriver=2.28.455520 (cc17746adff54984afff480136733114c6b3704b),platform=Windows NT 6.1.7601 SP1 x86_64)

2017-07-27 14:33:27,062 - BasePage - INFO - Had take screenshot and save to folder : /screenshots
2017-07-27 14:33:27,102 - BasePage - INFO - Had find the element '  ' successful by id via value: user2 
2017-07-27 14:33:27,183 - BasePage - INFO - Had type ' htest ' in inputBox
2017-07-27 14:33:27,220 - BasePage - INFO - Had find the element '  ' successful by id via value: password2 
2017-07-27 14:33:27,292 - BasePage - INFO - Had type ' 123456 ' in inputBox
2017-07-27 14:33:27,331 - BasePage - INFO - Had find the element '  ' successful by id via value: yzm2 
2017-07-27 14:33:27,411 - BasePage - INFO - Had type ' HY7102$ ' in inputBox
2017-07-27 14:33:27,450 - BasePage - INFO - Had find the element '  ' successful by id via value: submit2 
2017-07-27 14:33:27,509 - BasePage - INFO - The element  was clicked.
2017-07-27 14:33:29,861 - BasePage - INFO - Had find the element '  ' successful by xpath via value: /html/body/div/div[3]/div[1]/div[1]/div/div[2]/div[3]/a 
2017-07-27 14:33:31,686 - BasePage - INFO - The element  was clicked.
2017-07-27 14:33:33,970 - BasePage - INFO - The element ' 商品管理 ' was clicked.
2017-07-27 14:33:35,066 - BasePage - INFO - The element ' 商品列表 ' was clicked.
