2017-07-18 11:03:07,473 - BrowserEngine - INFO - You had select Chrome browser.
2017-07-18 11:03:07,473 - BrowserEngine - INFO - The test server url is: http://bmtest.ematong.com
2017-07-18 11:03:10,538 - BrowserEngine - INFO - Starting Chrome browser.
2017-07-18 11:03:14,956 - BrowserEngine - INFO - Open url: http://bmtest.ematong.com
2017-07-18 11:03:16,390 - BrowserEngine - INFO - Maximize the current window.
2017-07-18 11:03:16,391 - BrowserEngine - INFO - Set implicitly wait 10 seconds.
2017-07-18 11:03:16,430 - BasePage - INFO - Had find the element '  ' successful by id via value: user2 
2017-07-18 11:03:16,506 - BasePage - INFO - Had type ' htest ' in inputBox
2017-07-18 11:03:16,543 - BasePage - INFO - Had find the element '  ' successful by id via value: password2 
2017-07-18 11:03:16,625 - BasePage - INFO - Had type ' 123456 ' in inputBox
2017-07-18 11:03:16,664 - BasePage - INFO - Had find the element '  ' successful by id via value: submit2 
2017-07-18 11:03:16,723 - BasePage - INFO - The element  was clicked.
2017-07-18 11:03:18,775 - BasePage - INFO - Had find the element '  ' successful by xpath via value: /html/body/div/div[3]/div[1]/div[1]/div/div[2]/div[3]/a 
2017-07-18 11:03:20,713 - BasePage - INFO - The element  was clicked.
2017-07-18 11:03:23,019 - BasePage - INFO - The element ' 优惠套餐 ' was clicked.
2017-07-18 11:03:24,071 - BasePage - INFO - Had find the element '  ' successful by id via value: title 
2017-07-18 11:03:24,187 - BasePage - INFO - Had type ' python自建套餐活动001 ' in inputBox
2017-07-18 11:03:25,256 - BasePage - INFO - Had find the element '  ' successful by id via value: startValidTime 
2017-07-18 11:03:25,395 - BasePage - INFO - Had type ' 2017-08-12 01:23:45 ' in inputBox
2017-07-18 11:03:25,434 - BasePage - INFO - Had find the element '  ' successful by id via value: endValidTime 
2017-07-18 11:03:25,548 - BasePage - INFO - Had type ' 2018-12-30 23:59:59 ' in inputBox
2017-07-18 11:03:25,585 - BasePage - INFO - Had find the element '  ' successful by xpath via value: //*[@id='command']/div[4]/div[2]/table/tbody/tr[1]/td/div/span[2]/input 
2017-07-18 11:03:25,634 - BasePage - INFO - The element  was clicked.
2017-07-18 11:03:25,677 - BasePage - INFO - Had find the element '  ' successful by xpath via value: //*[@id='command']/div[4]/div[2]/table/tbody/tr[1]/td/ul[2]/li[1]/input[1] 
2017-07-18 11:03:25,736 - BasePage - INFO - Had type ' 1 ' in inputBox
2017-07-18 11:03:25,773 - BasePage - INFO - Had find the element '  ' successful by xpath via value: //*[@id='command']/div[4]/div[2]/table/tbody/tr[1]/td/ul[2]/li[1]/input[2] 
2017-07-18 11:03:25,835 - BasePage - INFO - Had type ' 50 ' in inputBox
2017-07-18 11:03:27,901 - BasePage - INFO - Had find the element '  ' successful by xpath via value: //*[@id='command']/div[4]/div[2]/table/tbody/tr[2]/td/span[2]/input 
2017-07-18 11:03:27,954 - BasePage - INFO - The element  was clicked.
2017-07-18 11:03:27,990 - BasePage - INFO - Had find the element '  ' successful by xpath via value: //*[@id='command']/div[4]/div[2]/table/tbody/tr[4]/td/span[2]/input 
2017-07-18 11:03:28,033 - BasePage - INFO - The element  was clicked.
2017-07-18 11:03:30,102 - BasePage - INFO - Had find the element ' 添加主商品 ' successful by xpath via value: //*[@id='addMainGoodsTr']/td/a 
2017-07-18 11:03:30,296 - BasePage - INFO - The element  was clicked.
