2017-07-27 11:19:10,928 - BrowserEngine - INFO - You had select Chrome browser.
2017-07-27 11:19:10,928 - BrowserEngine - INFO - The test server url is: http://bmtest.ematong.com
2017-07-27 11:19:13,022 - BrowserEngine - INFO - Starting Chrome browser.
2017-07-27 11:19:14,611 - BrowserEngine - INFO - Open url: http://bmtest.ematong.com
2017-07-27 11:19:16,056 - BrowserEngine - INFO - Maximize the current window.
2017-07-27 11:19:16,059 - BrowserEngine - INFO - Set implicitly wait 10 seconds.
2017-07-27 11:19:16,098 - BasePage - INFO - Had find the element '  ' successful by id via value: user2 
2017-07-27 11:19:16,180 - BasePage - INFO - Had type ' htest ' in inputBox
2017-07-27 11:19:16,220 - BasePage - INFO - Had find the element '  ' successful by id via value: password2 
2017-07-27 11:19:16,292 - BasePage - INFO - Had type ' 123456 ' in inputBox
2017-07-27 11:19:16,332 - BasePage - INFO - Had find the element '  ' successful by id via value: yzm2 
2017-07-27 11:19:16,414 - BasePage - INFO - Had type ' HY7102$ ' in inputBox
2017-07-27 11:19:16,450 - BasePage - INFO - Had find the element '  ' successful by id via value: submit2 
2017-07-27 11:19:16,506 - BasePage - INFO - The element  was clicked.
2017-07-27 11:19:18,556 - BasePage - INFO - Had find the element '  ' successful by xpath via value: /html/body/div/div[3]/div[1]/div[1]/div/div[2]/div[3]/a 
2017-07-27 11:19:21,368 - BasePage - INFO - The element  was clicked.
2017-07-27 11:19:23,645 - BasePage - INFO - The element ' 商品管理 ' was clicked.
2017-07-27 11:19:24,743 - BasePage - INFO - The element ' 商品列表 ' was clicked.
2017-07-27 11:19:25,795 - BasePage - INFO - Had find the element '  ' successful by xpath via value: //*[@id='queryForm']/div/div[1]/div[7]/label/input 
2017-07-27 11:19:25,861 - BasePage - INFO - the checkbox is click.
2017-07-27 11:19:27,246 - BasePage - INFO - Had find the element '  ' successful by xpath via value: //*[@id='queryForm']/div/div[1]/div[7]/label/input 
2017-07-27 11:19:27,502 - BasePage - INFO - the checkbox is cancel.
2017-07-27 11:19:30,944 - BasePage - INFO - Had find the element '  ' successful by xpath via value: /html/body/div[2]/div[3]/a[2] 
2017-07-27 11:19:31,016 - BasePage - INFO - The element  was clicked.
2017-07-27 11:19:35,194 - BasePage - INFO - Had find the element ' 取消 ' successful by xpath via value: /html/body/div[2]/div[3]/a[2] 
2017-07-27 11:19:35,255 - BasePage - INFO - The element  was clicked.
2017-07-27 11:19:40,431 - BasePage - INFO - Had find the element ' 取消 ' successful by xpath via value: /html/body/div[2]/div[3]/a[2] 
2017-07-27 11:19:40,493 - BasePage - INFO - The element  was clicked.
2017-07-27 11:19:42,555 - BasePage - INFO - Had find the element '  ' successful by xpath via value: //*[@id='queryForm']/div/div[1]/div[7]/label/input 
2017-07-27 11:19:42,624 - BasePage - INFO - the checkbox is click.
2017-07-27 11:19:46,348 - BasePage - INFO - Had find the element '  ' successful by xpath via value: //*[@id='queryForm']/div/div[1]/div[7]/label/input 
2017-07-27 11:19:46,401 - BasePage - INFO - the checkbox is cancel.
