2017-07-18 23:15:33,091 - BrowserEngine - INFO - You had select Chrome browser.
2017-07-18 23:15:33,091 - BrowserEngine - INFO - The test server url is: http://bmtest.ematong.com
2017-07-18 23:15:35,430 - BrowserEngine - INFO - Starting Chrome browser.
2017-07-18 23:15:36,372 - BrowserEngine - INFO - Open url: http://bmtest.ematong.com
2017-07-18 23:15:37,538 - BrowserEngine - INFO - Maximize the current window.
2017-07-18 23:15:37,539 - BrowserEngine - INFO - Set implicitly wait 10 seconds.
2017-07-18 23:15:37,585 - BasePage - INFO - Had find the element '  ' successful by id via value: user2 
2017-07-18 23:15:37,677 - BasePage - INFO - Had type ' htest ' in inputBox
2017-07-18 23:15:37,713 - BasePage - INFO - Had find the element '  ' successful by id via value: password2 
2017-07-18 23:15:37,776 - BasePage - INFO - Had type ' 123456 ' in inputBox
2017-07-18 23:15:37,819 - BasePage - INFO - Had find the element '  ' successful by id via value: submit2 
2017-07-18 23:15:37,871 - BasePage - INFO - The element  was clicked.
2017-07-18 23:15:39,926 - BasePage - INFO - Had find the element '  ' successful by xpath via value: /html/body/div/div[3]/div[1]/div[1]/div/div[2]/div[3]/a 
2017-07-18 23:15:41,867 - BasePage - INFO - The element  was clicked.
2017-07-18 23:15:42,979 - BasePage - INFO - The element ' 客户管理 ' was clicked.
2017-07-18 23:15:44,079 - BasePage - INFO - Had type ' pwx ' in inputBox
2017-07-18 23:15:44,115 - BasePage - INFO - Had find the element ' 全部状态 ' successful by xpath via value: //*[@name='status']/option[1] 
2017-07-18 23:15:44,144 - BasePage - INFO - The element  was clicked.
2017-07-18 23:15:44,384 - BasePage - INFO - The element ' 搜索 ' was clicked.
2017-07-18 23:15:44,582 - BasePage - INFO - The element ' 查看 ' was clicked.
2017-07-18 23:15:47,703 - BasePage - INFO - The element  was clicked.
