2017-07-18 16:44:20,897 - BrowserEngine - INFO - You had select Chrome browser.
2017-07-18 16:44:20,897 - BrowserEngine - INFO - The test server url is: http://bmtest.ematong.com
2017-07-18 16:44:23,025 - BrowserEngine - INFO - Starting Chrome browser.
2017-07-18 16:44:25,098 - BrowserEngine - INFO - Open url: http://bmtest.ematong.com
2017-07-18 16:44:26,526 - BrowserEngine - INFO - Maximize the current window.
2017-07-18 16:44:26,526 - BrowserEngine - INFO - Set implicitly wait 10 seconds.
2017-07-18 16:44:26,565 - BasePage - INFO - Had find the element '  ' successful by id via value: user2 
2017-07-18 16:44:26,644 - BasePage - INFO - Had type ' htest ' in inputBox
2017-07-18 16:44:26,684 - BasePage - INFO - Had find the element '  ' successful by id via value: password2 
2017-07-18 16:44:26,756 - BasePage - INFO - Had type ' 123456 ' in inputBox
2017-07-18 16:44:26,798 - BasePage - INFO - Had find the element '  ' successful by id via value: submit2 
2017-07-18 16:44:26,855 - BasePage - INFO - The element  was clicked.
2017-07-18 16:44:28,915 - BasePage - INFO - Had find the element '  ' successful by xpath via value: /html/body/div/div[3]/div[1]/div[1]/div/div[2]/div[3]/a 
2017-07-18 16:44:31,490 - BasePage - INFO - The element  was clicked.
2017-07-18 16:44:40,240 - BasePage - INFO - The element ' 属性模板 ' was clicked.
2017-07-18 16:44:42,642 - BasePage - INFO - The element ' 模板列表 ' was clicked.
2017-07-18 16:44:42,933 - BasePage - INFO - The element ' 添加模板 ' was clicked.
2017-07-18 16:44:42,979 - BasePage - INFO - Had find the element ' 服装 ' successful by xpath via value: /html/body/contextpath/div/div[3]/div[1]/div[5]/span[3] 
2017-07-18 16:44:43,023 - BasePage - INFO - The element  was clicked.
2017-07-18 16:44:43,059 - BasePage - INFO - Had find the element ' 食品 ' successful by xpath via value: /html/body/contextpath/div/div[3]/div[1]/div[5]/span[4] 
2017-07-18 16:44:43,118 - BasePage - INFO - The element  was clicked.
2017-07-18 16:44:43,155 - BasePage - INFO - Had find the element ' 珠宝 ' successful by xpath via value: /html/body/contextpath/div/div[3]/div[1]/div[5]/span[5] 
2017-07-18 16:44:43,207 - BasePage - INFO - The element  was clicked.
2017-07-18 16:44:43,253 - BasePage - INFO - Had find the element ' 美鞋 ' successful by xpath via value: /html/body/contextpath/div/div[3]/div[1]/div[5]/span[6] 
2017-07-18 16:44:43,302 - BasePage - INFO - The element  was clicked.
2017-07-18 16:44:43,339 - BasePage - INFO - Had find the element ' 化妆品 ' successful by xpath via value: /html/body/contextpath/div/div[3]/div[1]/div[5]/span[7] 
2017-07-18 16:44:43,388 - BasePage - INFO - The element  was clicked.
2017-07-18 16:44:43,428 - BasePage - INFO - Had find the element ' 自定义 ' successful by xpath via value: /html/body/contextpath/div/div[3]/div[1]/div[5]/span[2] 
2017-07-18 16:44:43,473 - BasePage - INFO - The element  was clicked.
2017-07-18 16:44:43,507 - BasePage - INFO - Had find the element ' 添加 ' successful by id via value: addmodeltemplate 
2017-07-18 16:44:43,552 - BasePage - INFO - The element  was clicked.
2017-07-18 16:44:43,650 - BasePage - INFO - Had type ' seleniumA ' in inputBox
2017-07-18 16:44:43,684 - BasePage - INFO - Had find the element '  ' successful by xpath via value: //*[@id='zdy']/form/table/tbody/tr/td[2]/input[1] 
2017-07-18 16:44:43,756 - BasePage - INFO - Had type ' AAA ' in inputBox
2017-07-18 16:44:43,792 - BasePage - INFO - Had find the element '  ' successful by xpath via value: //*[@id='zdy']/form/table/tbody/tr/td[2]/input[2] 
2017-07-18 16:44:43,868 - BasePage - INFO - Had type ' BBB ' in inputBox
2017-07-18 16:44:43,903 - BasePage - INFO - Had find the element '  ' successful by xpath via value: //*[@id='zdy']/form/table/tbody/tr/td[2]/input[3] 
2017-07-18 16:44:43,969 - BasePage - INFO - Had type ' CCC ' in inputBox
2017-07-18 16:44:44,315 - BasePage - INFO - The element ' 模板列表 ' was clicked.
2017-07-18 16:44:45,368 - BasePage - INFO - Had find the element ' 编辑 ' successful by xpath via value: //*[@id='contentDiv']/div[1]/div/a[1] 
2017-07-18 16:44:45,677 - BasePage - INFO - The element  was clicked.
2017-07-18 16:44:45,713 - BasePage - INFO - Had find the element '  ' successful by xpath via value: //*[@id='edit']/form/table/tbody/tr/td[2]/input[3] 
2017-07-18 16:44:45,733 - BasePage - INFO - Clear text in input box before typing.
2017-07-18 16:44:45,750 - BasePage - INFO - Had find the element '  ' successful by xpath via value: //*[@id='edit']/form/table/tbody/tr/td[2]/input[3] 
2017-07-18 16:44:45,801 - BasePage - INFO - Had type ' ZZZ ' in inputBox
2017-07-18 16:44:46,858 - BasePage - INFO - Had find the element ' 保存 ' successful by xpath via value: //*[@id='edit']/form/p/a[2] 
2017-07-18 16:44:47,321 - BasePage - INFO - The element  was clicked.
2017-07-18 16:44:47,322 - BrowserEngine - INFO - You had select Chrome browser.
2017-07-18 16:44:47,322 - BrowserEngine - INFO - The test server url is: http://bmtest.ematong.com
2017-07-18 16:44:49,453 - BrowserEngine - INFO - Starting Chrome browser.
2017-07-18 16:44:50,809 - BrowserEngine - INFO - Open url: http://bmtest.ematong.com
2017-07-18 16:44:52,237 - BrowserEngine - INFO - Maximize the current window.
2017-07-18 16:44:52,239 - BrowserEngine - INFO - Set implicitly wait 10 seconds.
2017-07-18 16:45:02,298 - BasePage - ERROR - NoSuchElementException: Message: no such element: Unable to locate element: {"method":"id","selector":"kw"}
  (Session info: chrome=59.0.3071.115)
  (Driver info: chromedriver=2.28.455520 (cc17746adff54984afff480136733114c6b3704b),platform=Windows NT 6.1.7601 SP1 x86_64)

2017-07-18 16:45:02,612 - BasePage - INFO - Had take screenshot and save to folder : /screenshots
2017-07-18 16:45:12,647 - BasePage - ERROR - NoSuchElementException: Message: no such element: Unable to locate element: {"method":"id","selector":"kw"}
  (Session info: chrome=59.0.3071.115)
  (Driver info: chromedriver=2.28.455520 (cc17746adff54984afff480136733114c6b3704b),platform=Windows NT 6.1.7601 SP1 x86_64)

2017-07-18 16:45:12,963 - BasePage - INFO - Had take screenshot and save to folder : /screenshots
2017-07-18 16:45:14,101 - BrowserEngine - INFO - You had select Chrome browser.
2017-07-18 16:45:14,102 - BrowserEngine - INFO - The test server url is: http://bmtest.ematong.com
2017-07-18 16:45:16,187 - BrowserEngine - INFO - Starting Chrome browser.
2017-07-18 16:45:17,266 - BrowserEngine - INFO - Open url: http://bmtest.ematong.com
2017-07-18 16:45:18,671 - BrowserEngine - INFO - Maximize the current window.
2017-07-18 16:45:18,673 - BrowserEngine - INFO - Set implicitly wait 10 seconds.
2017-07-18 16:45:18,726 - BasePage - INFO - Had find the element '  ' successful by id via value: user2 
2017-07-18 16:45:18,801 - BasePage - INFO - Had type ' htest ' in inputBox
2017-07-18 16:45:18,839 - BasePage - INFO - Had find the element '  ' successful by id via value: password2 
2017-07-18 16:45:18,914 - BasePage - INFO - Had type ' 123456 ' in inputBox
2017-07-18 16:45:18,954 - BasePage - INFO - Had find the element '  ' successful by id via value: submit2 
2017-07-18 16:45:19,007 - BasePage - INFO - The element  was clicked.
2017-07-18 16:45:21,078 - BasePage - INFO - Had find the element '  ' successful by xpath via value: /html/body/div/div[3]/div[1]/div[1]/div/div[2]/div[3]/a 
2017-07-18 16:45:23,006 - BasePage - INFO - The element  was clicked.
2017-07-18 16:45:24,957 - BasePage - INFO - The element ' 客户管理 ' was clicked.
2017-07-18 16:45:26,078 - BasePage - INFO - Had type ' pwx ' in inputBox
2017-07-18 16:45:26,115 - BasePage - INFO - Had find the element ' 全部状态 ' successful by xpath via value: //*[@name='status']/option[1] 
2017-07-18 16:45:26,144 - BasePage - INFO - The element  was clicked.
2017-07-18 16:45:26,391 - BasePage - INFO - The element ' 搜索 ' was clicked.
2017-07-18 16:45:26,805 - BasePage - INFO - The element ' 查看 ' was clicked.
2017-07-18 16:45:29,914 - BasePage - INFO - The element  was clicked.
2017-07-18 16:45:29,914 - BrowserEngine - INFO - You had select Chrome browser.
2017-07-18 16:45:29,914 - BrowserEngine - INFO - The test server url is: http://bmtest.ematong.com
2017-07-18 16:45:32,013 - BrowserEngine - INFO - Starting Chrome browser.
2017-07-18 16:45:33,266 - BrowserEngine - INFO - Open url: http://bmtest.ematong.com
2017-07-18 16:45:34,703 - BrowserEngine - INFO - Maximize the current window.
2017-07-18 16:45:34,703 - BrowserEngine - INFO - Set implicitly wait 10 seconds.
2017-07-18 16:45:34,743 - BasePage - INFO - Had find the element '  ' successful by id via value: user2 
2017-07-18 16:45:34,822 - BasePage - INFO - Had type ' htest ' in inputBox
2017-07-18 16:45:34,857 - BasePage - INFO - Had find the element '  ' successful by id via value: password2 
2017-07-18 16:45:34,933 - BasePage - INFO - Had type ' 123456 ' in inputBox
2017-07-18 16:45:34,971 - BasePage - INFO - Had find the element '  ' successful by id via value: submit2 
2017-07-18 16:45:35,032 - BasePage - INFO - The element  was clicked.
2017-07-18 16:45:38,073 - BasePage - INFO - Had find the element '  ' successful by xpath via value: /html/body/div/div[3]/div[1]/div[1]/div/div[2]/div[3]/a 
2017-07-18 16:45:39,765 - BasePage - INFO - The element  was clicked.
2017-07-18 16:45:44,061 - BasePage - INFO - The element ' 商品管理 ' was clicked.
2017-07-18 16:45:49,529 - BasePage - INFO - The element ' 发布商品 ' was clicked.
2017-07-18 16:45:49,588 - BasePage - INFO - Had find the element ' 男士服装 ' successful by xpath via value: //*[@id='category1']/p[3] 
2017-07-18 16:45:49,663 - BasePage - INFO - The element  was clicked.
2017-07-18 16:45:49,892 - BasePage - INFO - Had find the element ' 套装 ' successful by xpath via value: //*[@id='category2']/p[2] 
2017-07-18 16:45:49,953 - BasePage - INFO - The element  was clicked.
2017-07-18 16:45:50,065 - BasePage - INFO - Had find the element ' 西装套装 ' successful by xpath via value: //*[@id='category3']/p[1] 
2017-07-18 16:45:50,134 - BasePage - INFO - The element  was clicked.
2017-07-18 16:45:50,174 - BasePage - INFO - Had find the element '                         选择商品类别
                        
                            实体商品
                        
                            虚拟商品
                        
                     ' successful by id via value: selectGoodsType1 
2017-07-18 16:45:50,223 - BasePage - INFO - The select  was clicked.
2017-07-18 16:45:50,263 - BasePage - INFO - Had find the element '  ' successful by id via value: add_goodsname 
2017-07-18 16:45:50,453 - BasePage - INFO - Had type ' python框架001 ' in inputBox
2017-07-18 16:45:50,490 - BasePage - INFO - Had find the element '  ' successful by id via value: add_goodsCode 
2017-07-18 16:45:50,642 - BasePage - INFO - Had type ' goods_code ' in inputBox
2017-07-18 16:45:50,680 - BasePage - INFO - Had find the element '  ' successful by xpath via value: //*[@id='upload_ls']/dd[1]/div[1]/img[2] 
2017-07-18 16:45:51,072 - BasePage - INFO - The element  was clicked.
2017-07-18 16:45:52,223 - BasePage - INFO - The element ' 图库选择 ' was clicked.
2017-07-18 16:45:53,262 - BasePage - INFO - Had find the element '  ' successful by xpath via value: //*[@id='upload-list']/div[1]/div[1]/img 
2017-07-18 16:45:53,332 - BasePage - INFO - The element  was clicked.
2017-07-18 16:45:54,385 - BasePage - INFO - Had find the element ' 确定 ' successful by xpath via value: /html/body/div[4]/div[2]/a[1] 
2017-07-18 16:45:54,431 - BasePage - INFO - The element  was clicked.
2017-07-18 16:45:54,471 - BasePage - INFO - Had find the element '  ' successful by id via value: add_remark 
2017-07-18 16:45:54,609 - BasePage - INFO - Had type ' 这里是商品描述 ' in inputBox
2017-07-18 16:45:55,677 - BasePage - INFO - Had find the element '  ' successful by xpath via value: //*[@id='ejsxTb2']/tbody/tr/td[1]/input 
2017-07-18 16:45:55,790 - BasePage - INFO - Had type ' 111 ' in inputBox
2017-07-18 16:45:55,828 - BasePage - INFO - Had find the element '  ' successful by xpath via value: //*[@id='ejsxTb2']/tbody/tr/td[2]/input 
2017-07-18 16:45:55,911 - BasePage - INFO - Had type ' 222 ' in inputBox
2017-07-18 16:45:55,946 - BasePage - INFO - Had find the element '  ' successful by xpath via value: //*[@id='ejsxTb2']/tbody/tr/td[4]/input 
2017-07-18 16:45:56,026 - BasePage - INFO - Had type ' 333 ' in inputBox
2017-07-18 16:45:56,063 - BasePage - INFO - Had find the element '  ' successful by xpath via value: //*[@id='ejsxTb2']/tbody/tr/td[5]/input 
2017-07-18 16:45:56,147 - BasePage - INFO - Had type ' 444 ' in inputBox
2017-07-18 16:45:57,230 - BasePage - INFO - The element  was clicked.
2017-07-18 16:45:57,272 - BasePage - INFO - Had find the element '  ' successful by xpath via value: //*[@id='page_block_4']/div[4]/table[2]/tbody[2]/tr[1]/td[3]/label/input 
2017-07-18 16:45:57,319 - BasePage - INFO - The element  was clicked.
2017-07-18 16:46:01,378 - BasePage - INFO - Had find the element ' 保存 ' successful by id via value: submitBtn 
2017-07-18 16:46:01,446 - BasePage - INFO - The element  was clicked.
2017-07-18 16:46:06,447 - BrowserEngine - INFO - You had select Chrome browser.
2017-07-18 16:46:06,447 - BrowserEngine - INFO - The test server url is: http://bmtest.ematong.com
2017-07-18 16:46:08,588 - BrowserEngine - INFO - Starting Chrome browser.
2017-07-18 16:46:09,676 - BrowserEngine - INFO - Open url: http://bmtest.ematong.com
2017-07-18 16:46:11,089 - BrowserEngine - INFO - Maximize the current window.
2017-07-18 16:46:11,091 - BrowserEngine - INFO - Set implicitly wait 10 seconds.
2017-07-18 16:46:11,130 - BasePage - INFO - Had find the element '  ' successful by id via value: user2 
2017-07-18 16:46:11,207 - BasePage - INFO - Had type ' htest ' in inputBox
2017-07-18 16:46:11,243 - BasePage - INFO - Had find the element '  ' successful by id via value: password2 
2017-07-18 16:46:11,322 - BasePage - INFO - Had type ' 123456 ' in inputBox
2017-07-18 16:46:11,361 - BasePage - INFO - Had find the element '  ' successful by id via value: submit2 
2017-07-18 16:46:11,420 - BasePage - INFO - The element  was clicked.
2017-07-18 16:46:13,480 - BasePage - INFO - Had find the element '  ' successful by xpath via value: /html/body/div/div[3]/div[1]/div[1]/div/div[2]/div[3]/a 
2017-07-18 16:46:15,480 - BasePage - INFO - The element  was clicked.
2017-07-18 16:46:17,792 - BasePage - INFO - The element ' 优惠套餐 ' was clicked.
2017-07-18 16:46:18,861 - BasePage - INFO - Had find the element '  ' successful by id via value: title 
2017-07-18 16:46:18,980 - BasePage - INFO - Had type ' python自建套餐活动001 ' in inputBox
2017-07-18 16:46:20,039 - BasePage - INFO - Had find the element '  ' successful by id via value: startValidTime 
2017-07-18 16:46:20,161 - BasePage - INFO - Had type ' 2017-08-12 01:23:45 ' in inputBox
2017-07-18 16:46:20,200 - BasePage - INFO - Had find the element '  ' successful by id via value: endValidTime 
2017-07-18 16:46:20,306 - BasePage - INFO - Had type ' 2018-12-30 23:59:59 ' in inputBox
2017-07-18 16:46:20,342 - BasePage - INFO - Had find the element '  ' successful by xpath via value: //*[@id='command']/div[4]/div[2]/table/tbody/tr[1]/td/div/span[2]/input 
2017-07-18 16:46:20,395 - BasePage - INFO - The element  was clicked.
2017-07-18 16:46:20,433 - BasePage - INFO - Had find the element '  ' successful by xpath via value: //*[@id='command']/div[4]/div[2]/table/tbody/tr[1]/td/ul[2]/li[1]/input[1] 
2017-07-18 16:46:20,500 - BasePage - INFO - Had type ' 1 ' in inputBox
2017-07-18 16:46:20,538 - BasePage - INFO - Had find the element '  ' successful by xpath via value: //*[@id='command']/div[4]/div[2]/table/tbody/tr[1]/td/ul[2]/li[1]/input[2] 
2017-07-18 16:46:20,601 - BasePage - INFO - Had type ' 50 ' in inputBox
2017-07-18 16:46:20,635 - BasePage - INFO - Had find the element '  ' successful by xpath via value: //*[@id='command']/div[4]/div[2]/table/tbody/tr[1]/td/ul[2]/li[1]/a 
2017-07-18 16:46:20,683 - BasePage - INFO - The element  was clicked.
2017-07-18 16:46:21,742 - BasePage - INFO - Had find the element '  ' successful by xpath via value: //*[@id='command']/div[4]/div[2]/table/tbody/tr[1]/td/ul[2]/li[2]/a 
2017-07-18 16:46:21,796 - BasePage - INFO - The element  was clicked.
2017-07-18 16:46:22,845 - BasePage - INFO - Had find the element '  ' successful by xpath via value: //*[@id='command']/div[4]/div[2]/table/tbody/tr[2]/td/span[2]/input 
2017-07-18 16:46:22,888 - BasePage - INFO - The element  was clicked.
2017-07-18 16:46:22,924 - BasePage - INFO - Had find the element '  ' successful by xpath via value: //*[@id='command']/div[4]/div[2]/table/tbody/tr[4]/td/span[2]/input 
2017-07-18 16:46:22,967 - BasePage - INFO - The element  was clicked.
2017-07-18 16:46:24,019 - BasePage - INFO - Had find the element ' 添加主商品 ' successful by xpath via value: //*[@id='addMainGoodsTr']/td/a 
2017-07-18 16:46:24,216 - BasePage - INFO - The element  was clicked.
2017-07-18 16:46:25,270 - BasePage - INFO - Had find the element ' 实体商品 ' successful by xpath via value: //*[@id='type']/option[2] 
2017-07-18 16:46:25,299 - BasePage - INFO - The element  was clicked.
2017-07-18 16:46:25,394 - BasePage - INFO - Had type ' 现代风格 ' in inputBox
2017-07-18 16:46:25,430 - BasePage - INFO - Had find the element ' 已上架 ' successful by xpath via value: //*[@id='status']/option[3] 
2017-07-18 16:46:25,459 - BasePage - INFO - The element  was clicked.
2017-07-18 16:46:25,496 - BasePage - INFO - Had find the element '  ' successful by xpath via value: //*[@id='queryGoodsForm1']/div/div/label[5]/input 
2017-07-18 16:46:25,579 - BasePage - INFO - The element  was clicked.
2017-07-18 16:46:25,618 - BasePage - INFO - Had find the element ' 搜索 ' successful by xpath via value: //*[@id='queryGoodsForm1']/div/div/a 
2017-07-18 16:46:25,693 - BasePage - INFO - The element  was clicked.
2017-07-18 16:46:28,750 - BasePage - INFO - Had find the element '  ' successful by xpath via value: //*[@name='goodsIdCheckbox'] 
2017-07-18 16:46:28,829 - BasePage - INFO - The element  was clicked.
2017-07-18 16:46:31,872 - BasePage - INFO - Had find the element '  ' successful by xpath via value: //*[@id='e70ff346-0bcc-4bad-8ff3-460bcc7bade3'] 
2017-07-18 16:46:31,901 - BasePage - INFO - The element  was clicked.
2017-07-18 16:46:32,964 - BasePage - INFO - Had find the element ' 确定 ' successful by xpath via value: /html/body/div[3]/div[2]/a 
2017-07-18 16:46:33,026 - BasePage - INFO - The element  was clicked.
2017-07-18 16:46:34,062 - BasePage - INFO - Had find the element ' 添加搭配商品 ' successful by xpath via value: //*[@id='addFgoodsTr']/td/a 
2017-07-18 16:46:34,112 - BrowserEngine - INFO - You had select Chrome browser.
2017-07-18 16:46:34,114 - BrowserEngine - INFO - The test server url is: http://bmtest.ematong.com
2017-07-18 16:46:37,578 - BrowserEngine - INFO - Starting Chrome browser.
2017-07-18 16:46:40,214 - BrowserEngine - INFO - Open url: http://bmtest.ematong.com
2017-07-18 16:46:41,621 - BrowserEngine - INFO - Maximize the current window.
2017-07-18 16:46:41,621 - BrowserEngine - INFO - Set implicitly wait 10 seconds.
2017-07-18 16:46:41,663 - BasePage - INFO - Had find the element '  ' successful by id via value: user2 
2017-07-18 16:46:41,750 - BasePage - INFO - Had type ' htest ' in inputBox
2017-07-18 16:46:41,788 - BasePage - INFO - Had find the element '  ' successful by id via value: password2 
2017-07-18 16:46:41,865 - BasePage - INFO - Had type ' 123456 ' in inputBox
2017-07-18 16:46:41,904 - BasePage - INFO - Had find the element '  ' successful by id via value: submit2 
2017-07-18 16:46:41,963 - BasePage - INFO - The element  was clicked.
2017-07-18 16:46:45,006 - BasePage - INFO - Had find the element '  ' successful by xpath via value: /html/body/div/div[3]/div[1]/div[1]/div/div[2]/div[3]/a 
2017-07-18 16:46:46,691 - BasePage - INFO - The element  was clicked.
2017-07-18 16:46:49,474 - BasePage - INFO - The element ' 商品管理 ' was clicked.
2017-07-18 16:46:51,414 - BasePage - INFO - The element ' 发布商品 ' was clicked.
2017-07-18 16:46:51,494 - BasePage - INFO - Had find the element ' 男士服装 ' successful by xpath via value: //*[@id='category1']/p[3] 
2017-07-18 16:46:51,588 - BasePage - INFO - The element  was clicked.
2017-07-18 16:46:51,684 - BasePage - INFO - Had find the element ' 套装 ' successful by xpath via value: //*[@id='category2']/p[2] 
2017-07-18 16:46:51,736 - BasePage - INFO - The element  was clicked.
2017-07-18 16:46:51,844 - BasePage - INFO - Had find the element ' 西装套装 ' successful by xpath via value: //*[@id='category3']/p[1] 
2017-07-18 16:46:51,895 - BasePage - INFO - The element  was clicked.
2017-07-18 16:46:51,933 - BasePage - INFO - Had find the element '                         选择商品类别
                        
                            实体商品
                        
                            虚拟商品
                        
                     ' successful by id via value: selectGoodsType1 
2017-07-18 16:46:51,986 - BasePage - INFO - The select  was clicked.
2017-07-18 16:46:53,039 - BasePage - INFO - Had find the element ' 选择商品类别
储值卡
券 ' successful by id via value: selectGoodsType2 
2017-07-18 16:46:53,101 - BasePage - INFO - The select  was clicked.
2017-07-18 16:46:53,141 - BasePage - INFO - Had find the element '  ' successful by id via value: add_goodsname 
2017-07-18 16:46:53,407 - BasePage - INFO - Had type ' python框架-虚拟商品-储值卡001 ' in inputBox
2017-07-18 16:46:53,443 - BasePage - INFO - Had find the element '  ' successful by id via value: add_goodsCode 
2017-07-18 16:46:53,594 - BasePage - INFO - Had type ' goods_code ' in inputBox
2017-07-18 16:46:53,634 - BasePage - INFO - Had find the element '  ' successful by xpath via value: //*[@id='upload_ls']/dd[1]/div[1]/img[2] 
2017-07-18 16:46:53,819 - BasePage - INFO - The element  was clicked.
2017-07-18 16:46:54,953 - BasePage - INFO - The element ' 图库选择 ' was clicked.
2017-07-18 16:46:56,007 - BasePage - INFO - Had find the element '  ' successful by xpath via value: //*[@id='upload-list']/div[1]/div[1]/img 
2017-07-18 16:46:56,078 - BasePage - INFO - The element  was clicked.
2017-07-18 16:46:57,141 - BasePage - INFO - Had find the element ' 确定 ' successful by xpath via value: /html/body/div[4]/div[2]/a[1] 
2017-07-18 16:46:57,193 - BasePage - INFO - The element  was clicked.
2017-07-18 16:46:57,236 - BasePage - INFO - Had find the element '  ' successful by id via value: add_remark 
2017-07-18 16:46:57,388 - BasePage - INFO - Had type ' 这里是商品描述 ' in inputBox
2017-07-18 16:46:58,447 - BasePage - INFO - Had find the element '  ' successful by xpath via value: //*[@id='ejsxTb2']/tbody/tr/td[1]/input 
2017-07-18 16:46:58,532 - BasePage - INFO - Had type ' 111 ' in inputBox
2017-07-18 16:46:58,569 - BasePage - INFO - Had find the element '  ' successful by xpath via value: //*[@id='ejsxTb2']/tbody/tr/td[2]/input 
2017-07-18 16:46:58,651 - BasePage - INFO - Had type ' 222 ' in inputBox
2017-07-18 16:46:58,687 - BasePage - INFO - Had find the element '  ' successful by xpath via value: //*[@id='ejsxTb2']/tbody/tr/td[3]/input 
2017-07-18 16:46:58,766 - BasePage - INFO - Had type ' 333 ' in inputBox
2017-07-18 16:46:58,801 - BasePage - INFO - Had find the element '  ' successful by xpath via value: //*[@id='ejsxTb2']/tbody/tr/td[4]/input 
2017-07-18 16:46:58,882 - BasePage - INFO - Had type ' 444 ' in inputBox
2017-07-18 16:46:58,918 - BasePage - INFO - Had find the element '  ' successful by xpath via value: //*[@id='ejsxTb2']/tbody/tr/td[5]/input 
2017-07-18 16:46:58,999 - BasePage - INFO - Had type ' 555 ' in inputBox
2017-07-18 16:47:04,049 - BasePage - INFO - Had find the element ' 保存 ' successful by id via value: submitBtn 
2017-07-18 16:47:04,115 - BasePage - INFO - The element  was clicked.
2017-07-18 16:47:09,115 - BrowserEngine - INFO - You had select Chrome browser.
2017-07-18 16:47:09,115 - BrowserEngine - INFO - The test server url is: http://bmtest.ematong.com
2017-07-18 16:47:11,710 - BrowserEngine - INFO - Starting Chrome browser.
2017-07-18 16:47:15,921 - BrowserEngine - INFO - Open url: http://bmtest.ematong.com
2017-07-18 16:47:17,357 - BrowserEngine - INFO - Maximize the current window.
2017-07-18 16:47:17,358 - BrowserEngine - INFO - Set implicitly wait 10 seconds.
2017-07-18 16:47:17,408 - BasePage - INFO - Had find the element '  ' successful by id via value: user2 
2017-07-18 16:47:17,522 - BasePage - INFO - Had type ' htest ' in inputBox
2017-07-18 16:47:17,565 - BasePage - INFO - Had find the element '  ' successful by id via value: password2 
2017-07-18 16:47:17,668 - BasePage - INFO - Had type ' 123456 ' in inputBox
2017-07-18 16:47:17,717 - BasePage - INFO - Had find the element '  ' successful by id via value: submit2 
2017-07-18 16:47:17,783 - BasePage - INFO - The element  was clicked.
2017-07-18 16:47:20,828 - BasePage - INFO - Had find the element '  ' successful by xpath via value: /html/body/div/div[3]/div[1]/div[1]/div/div[2]/div[3]/a 
2017-07-18 16:47:23,117 - BasePage - INFO - The element  was clicked.
2017-07-18 16:47:32,101 - BasePage - INFO - The element ' 商品管理 ' was clicked.
2017-07-18 16:47:34,234 - BasePage - INFO - The element ' 发布商品 ' was clicked.
2017-07-18 16:47:34,319 - BasePage - INFO - Had find the element ' 男士服装 ' successful by xpath via value: //*[@id='category1']/p[3] 
2017-07-18 16:47:34,385 - BasePage - INFO - The element  was clicked.
2017-07-18 16:47:34,539 - BasePage - INFO - Had find the element ' 套装 ' successful by xpath via value: //*[@id='category2']/p[2] 
2017-07-18 16:47:34,586 - BasePage - INFO - The element  was clicked.
2017-07-18 16:47:34,678 - BasePage - INFO - Had find the element ' 西装套装 ' successful by xpath via value: //*[@id='category3']/p[1] 
2017-07-18 16:47:34,726 - BasePage - INFO - The element  was clicked.
2017-07-18 16:47:34,763 - BasePage - INFO - Had find the element '                         选择商品类别
                        
                            实体商品
                        
                            虚拟商品
                        
                     ' successful by id via value: selectGoodsType1 
2017-07-18 16:47:34,818 - BasePage - INFO - The select  was clicked.
2017-07-18 16:47:35,872 - BasePage - INFO - Had find the element ' 选择商品类别
储值卡
券 ' successful by id via value: selectGoodsType2 
2017-07-18 16:47:35,944 - BasePage - INFO - The select  was clicked.
2017-07-18 16:47:35,983 - BasePage - INFO - Had find the element '  ' successful by id via value: add_goodsname 
2017-07-18 16:47:36,250 - BasePage - INFO - Had type ' python框架-虚拟商品-代金券001 ' in inputBox
2017-07-18 16:47:36,283 - BasePage - INFO - Had find the element '  ' successful by id via value: add_goodsCode 
2017-07-18 16:47:36,430 - BasePage - INFO - Had type ' goods_code ' in inputBox
2017-07-18 16:47:36,467 - BasePage - INFO - Had find the element '  ' successful by xpath via value: //*[@id='upload_ls']/dd[1]/div[1]/img[2] 
2017-07-18 16:47:36,661 - BasePage - INFO - The element  was clicked.
2017-07-18 16:47:37,808 - BasePage - INFO - The element ' 图库选择 ' was clicked.
2017-07-18 16:47:38,868 - BasePage - INFO - Had find the element '  ' successful by xpath via value: //*[@id='upload-list']/div[1]/div[1]/img 
2017-07-18 16:47:38,940 - BasePage - INFO - The element  was clicked.
2017-07-18 16:47:39,987 - BasePage - INFO - Had find the element ' 确定 ' successful by xpath via value: /html/body/div[4]/div[2]/a[1] 
2017-07-18 16:47:40,036 - BasePage - INFO - The element  was clicked.
2017-07-18 16:47:40,085 - BasePage - INFO - Had find the element '  ' successful by id via value: add_remark 
2017-07-18 16:47:40,219 - BasePage - INFO - Had type ' 这里是商品描述 ' in inputBox
2017-07-18 16:47:41,275 - BasePage - INFO - Had find the element '  ' successful by xpath via value: //*[@id='ejsxTb2']/tbody/tr/td[1]/input 
2017-07-18 16:47:41,359 - BasePage - INFO - Had type ' 111 ' in inputBox
2017-07-18 16:47:41,397 - BasePage - INFO - Had find the element '  ' successful by xpath via value: //*[@id='ejsxTb2']/tbody/tr/td[2]/input 
2017-07-18 16:47:41,479 - BasePage - INFO - Had type ' 222 ' in inputBox
2017-07-18 16:47:41,513 - BasePage - INFO - Had find the element '  ' successful by xpath via value: //*[@id='ejsxTb2']/tbody/tr/td[5]/input 
2017-07-18 16:47:41,592 - BasePage - INFO - Had type ' 555 ' in inputBox
2017-07-18 16:47:42,961 - BasePage - INFO - The element ' 点击选择 ' was clicked.
2017-07-18 16:47:44,035 - BasePage - INFO - Had find the element ' 选 择 ' successful by xpath via value: //*[@id='a38a167c-a290-408f-8a16-7ca290808f1b']/td[5]/a 
2017-07-18 16:47:44,144 - BasePage - INFO - The element  was clicked.
2017-07-18 16:47:49,186 - BasePage - INFO - Had find the element ' 保存 ' successful by id via value: submitBtn 
2017-07-18 16:47:49,247 - BasePage - INFO - The element  was clicked.
2017-07-18 16:47:54,249 - BrowserEngine - INFO - You had select Chrome browser.
2017-07-18 16:47:54,250 - BrowserEngine - INFO - The test server url is: http://bmtest.ematong.com
2017-07-18 16:47:57,951 - BrowserEngine - INFO - Starting Chrome browser.
2017-07-18 16:48:01,536 - BrowserEngine - INFO - Open url: http://bmtest.ematong.com
2017-07-18 16:48:02,953 - BrowserEngine - INFO - Maximize the current window.
2017-07-18 16:48:02,956 - BrowserEngine - INFO - Set implicitly wait 10 seconds.
2017-07-18 16:48:03,017 - BasePage - INFO - Had find the element '  ' successful by id via value: user2 
2017-07-18 16:48:03,115 - BasePage - INFO - Had type ' htest ' in inputBox
2017-07-18 16:48:03,163 - BasePage - INFO - Had find the element '  ' successful by id via value: password2 
2017-07-18 16:48:03,250 - BasePage - INFO - Had type ' 123456 ' in inputBox
2017-07-18 16:48:03,302 - BasePage - INFO - Had find the element '  ' successful by id via value: submit2 
2017-07-18 16:48:03,375 - BasePage - INFO - The element  was clicked.
2017-07-18 16:48:05,437 - BasePage - INFO - Had find the element '  ' successful by xpath via value: /html/body/div/div[3]/div[1]/div[1]/div/div[2]/div[3]/a 
2017-07-18 16:48:07,384 - BasePage - INFO - The element  was clicked.
2017-07-18 16:48:12,033 - BasePage - INFO - The element ' 时间模板 ' was clicked.
2017-07-18 16:48:13,082 - BasePage - INFO - Had find the element '  ' successful by id via value: default1 
2017-07-18 16:48:13,141 - BasePage - INFO - the checkbox is click.
2017-07-18 16:48:14,170 - BasePage - INFO - Had find the element '  ' successful by id via value: default1 
2017-07-18 16:48:14,209 - BasePage - INFO - the checkbox is cancel.
2017-07-18 16:48:14,256 - BasePage - INFO - Had find the element '  ' successful by id via value: exptype1 
2017-07-18 16:48:14,305 - BasePage - INFO - The element  was clicked.
2017-07-18 16:48:14,344 - BasePage - INFO - Had find the element ' 购买第三日起 ' successful by xpath via value: //*[@id='beforegd1']/option[3] 
2017-07-18 16:48:14,372 - BasePage - INFO - The element  was clicked.
2017-07-18 16:48:14,454 - BasePage - INFO - Had type ' 9 ' in inputBox
2017-07-18 16:48:15,507 - BasePage - INFO - Had find the element '  ' successful by id via value: exptype2 
2017-07-18 16:48:15,556 - BasePage - INFO - The element  was clicked.
2017-07-18 16:48:15,594 - BasePage - INFO - Had find the element ' 购买第五日起 ' successful by xpath via value: //*[@id='beforegd2']/option[5] 
2017-07-18 16:48:15,622 - BasePage - INFO - The element  was clicked.
2017-07-18 16:48:15,763 - BasePage - INFO - Had type ' 2017-08-12 ' in inputBox
2017-07-18 16:48:16,825 - BasePage - INFO - Had find the element '  ' successful by id via value: exptype3 
2017-07-18 16:48:16,878 - BasePage - INFO - The element  was clicked.
2017-07-18 16:48:16,918 - BasePage - INFO - Had find the element '  ' successful by id via value: startexpire 
2017-07-18 16:48:17,003 - BasePage - INFO - Had type ' 2017-07-15 ' in inputBox
2017-07-18 16:48:17,040 - BasePage - INFO - Had find the element '  ' successful by id via value: endexpire 
2017-07-18 16:48:17,138 - BasePage - INFO - Had type ' 2017-08-30 ' in inputBox
2017-07-18 16:48:18,200 - BasePage - INFO - Had find the element '  ' successful by id via value: buytime-check 
2017-07-18 16:48:18,282 - BasePage - INFO - the checkbox is click.
2017-07-18 16:48:18,381 - BasePage - INFO - Had type ' 20:35 ' in inputBox
2017-07-18 16:48:19,407 - BasePage - INFO - Had find the element '  ' successful by id via value: buytime-check 
2017-07-18 16:48:19,453 - BasePage - INFO - the checkbox is cancel.
2017-07-18 16:48:19,566 - BasePage - INFO - Had type ' 08:00 ' in inputBox
2017-07-18 16:48:19,661 - BasePage - INFO - Had type ' 12:35 ' in inputBox
2017-07-18 16:48:19,697 - BasePage - INFO - Had find the element ' 添加时间段 ' successful by id via value: addTime1 
2017-07-18 16:48:19,743 - BasePage - INFO - The element  was clicked.
2017-07-18 16:48:20,823 - BasePage - INFO - Had type ' 14:55 ' in inputBox
2017-07-18 16:48:20,882 - BasePage - INFO - Had type ' 19:00 ' in inputBox
2017-07-18 16:48:20,897 - BasePage - INFO - Had find the element ' 添加时间段 ' successful by id via value: addTime1 
2017-07-18 16:48:20,921 - BasePage - INFO - The element  was clicked.
2017-07-18 16:48:25,960 - BasePage - INFO - Had find the element ' 保存 ' successful by xpath via value: //*[@id='deliveryTime']/p/button 
2017-07-18 16:48:26,020 - BasePage - INFO - The element  was clicked.
2017-07-18 16:48:26,020 - BrowserEngine - INFO - You had select Chrome browser.
2017-07-18 16:48:26,020 - BrowserEngine - INFO - The test server url is: http://bmtest.ematong.com
2017-07-18 16:48:28,140 - BrowserEngine - INFO - Starting Chrome browser.
2017-07-18 16:48:31,898 - BrowserEngine - INFO - Open url: http://bmtest.ematong.com
2017-07-18 16:48:33,529 - BrowserEngine - INFO - Maximize the current window.
2017-07-18 16:48:33,532 - BrowserEngine - INFO - Set implicitly wait 10 seconds.
2017-07-18 16:48:33,573 - BasePage - INFO - Had find the element '  ' successful by id via value: user2 
2017-07-18 16:48:33,654 - BasePage - INFO - Had type ' htest ' in inputBox
2017-07-18 16:48:33,697 - BasePage - INFO - Had find the element '  ' successful by id via value: password2 
2017-07-18 16:48:33,776 - BasePage - INFO - Had type ' 123456 ' in inputBox
2017-07-18 16:48:33,819 - BasePage - INFO - Had find the element '  ' successful by id via value: submit2 
2017-07-18 16:48:33,877 - BasePage - INFO - The element  was clicked.
2017-07-18 16:48:36,351 - BasePage - INFO - Had take screenshot and save to folder : /screenshots
2017-07-18 16:48:36,401 - BasePage - INFO - Had find the element '  ' successful by xpath via value: /html/body/div/div[3]/div[1]/div[1]/div/div[2]/div[3]/a 
2017-07-18 16:48:37,535 - BrowserEngine - INFO - You had select Chrome browser.
2017-07-18 16:48:37,536 - BrowserEngine - INFO - The test server url is: http://bmtest.ematong.com
2017-07-18 16:48:41,394 - BrowserEngine - INFO - Starting Chrome browser.
2017-07-18 16:48:43,117 - BrowserEngine - INFO - Open url: http://bmtest.ematong.com
2017-07-18 16:48:44,525 - BrowserEngine - INFO - Maximize the current window.
2017-07-18 16:48:44,526 - BrowserEngine - INFO - Set implicitly wait 10 seconds.
2017-07-18 16:48:44,530 - BasePage - INFO - Current page title is Linke领客O2O电商平台|零售门店社交化分销平台|华阳信通
2017-07-18 16:48:45,575 - BrowserEngine - INFO - You had select Chrome browser.
2017-07-18 16:48:45,575 - BrowserEngine - INFO - The test server url is: http://bmtest.ematong.com
2017-07-18 16:48:47,917 - BrowserEngine - INFO - Starting Chrome browser.
2017-07-18 16:48:49,497 - BrowserEngine - INFO - Open url: http://bmtest.ematong.com
2017-07-18 16:48:50,923 - BrowserEngine - INFO - Maximize the current window.
2017-07-18 16:48:50,924 - BrowserEngine - INFO - Set implicitly wait 10 seconds.
2017-07-18 16:48:50,960 - BasePage - INFO - Had find the element '  ' successful by id via value: user2 
2017-07-18 16:48:51,042 - BasePage - INFO - Had type ' htest ' in inputBox
2017-07-18 16:48:51,082 - BasePage - INFO - Had find the element '  ' successful by id via value: password2 
2017-07-18 16:48:51,158 - BasePage - INFO - Had type ' 123456 ' in inputBox
2017-07-18 16:48:51,197 - BasePage - INFO - Had find the element '  ' successful by id via value: submit2 
2017-07-18 16:48:51,253 - BasePage - INFO - The element  was clicked.
2017-07-18 16:48:53,308 - BasePage - INFO - Had find the element '  ' successful by xpath via value: /html/body/div/div[3]/div[1]/div[1]/div/div[2]/div[3]/a 
2017-07-18 16:48:55,140 - BasePage - INFO - The element  was clicked.
2017-07-18 16:48:57,413 - BasePage - INFO - The element ' 商品促销 ' was clicked.
2017-07-18 16:48:59,546 - BasePage - INFO - The element ' 限购 ' was clicked.
2017-07-18 16:49:00,173 - BasePage - INFO - The element ' 积分抵扣 ' was clicked.
2017-07-18 16:49:00,924 - BasePage - INFO - The element ' 代金券抵扣 ' was clicked.
2017-07-18 16:49:01,811 - BasePage - INFO - The element ' 满包邮设置 ' was clicked.
2017-07-18 16:49:02,130 - BasePage - INFO - The element ' 推荐 ' was clicked.
2017-07-18 16:49:03,184 - BasePage - INFO - Had find the element ' 名称 ' successful by xpath via value: //*[@id='searchKeywordType']/option[2] 
2017-07-18 16:49:03,250 - BasePage - INFO - The element  was clicked.
2017-07-18 16:49:03,285 - BasePage - INFO - Had find the element '  ' successful by id via value: keyword 
2017-07-18 16:49:03,349 - BasePage - INFO - Had type ' ABC ' in inputBox
2017-07-18 16:49:03,385 - BasePage - INFO - Had find the element ' 搜索 ' successful by id via value: searchQuery1 
2017-07-18 16:49:03,430 - BasePage - INFO - The element  was clicked.
2017-07-18 16:49:03,470 - BasePage - INFO - Had find the element ' 保存 ' successful by id via value: sub-btn 
2017-07-18 16:49:03,516 - BasePage - INFO - The element  was clicked.
2017-07-18 16:49:03,516 - BrowserEngine - INFO - You had select Chrome browser.
2017-07-18 16:49:03,516 - BrowserEngine - INFO - The test server url is: http://bmtest.ematong.com
2017-07-18 16:49:07,525 - BrowserEngine - INFO - Starting Chrome browser.
2017-07-18 16:49:11,835 - BrowserEngine - INFO - Open url: http://bmtest.ematong.com
2017-07-18 16:49:13,280 - BrowserEngine - INFO - Maximize the current window.
2017-07-18 16:49:13,282 - BrowserEngine - INFO - Set implicitly wait 10 seconds.
2017-07-18 16:49:13,325 - BasePage - INFO - Had find the element '  ' successful by id via value: user2 
2017-07-18 16:49:13,414 - BasePage - INFO - Had type ' htest ' in inputBox
2017-07-18 16:49:13,457 - BasePage - INFO - Had find the element '  ' successful by id via value: password2 
2017-07-18 16:49:13,555 - BasePage - INFO - Had type ' 123456 ' in inputBox
2017-07-18 16:49:13,594 - BasePage - INFO - Had find the element '  ' successful by id via value: submit2 
2017-07-18 16:49:13,648 - BasePage - INFO - The element  was clicked.
2017-07-18 16:49:15,953 - BasePage - INFO - Had take screenshot and save to folder : /screenshots
2017-07-18 16:49:15,992 - BasePage - INFO - Had find the element '  ' successful by xpath via value: /html/body/div/div[3]/div[1]/div[1]/div/div[2]/div[3]/a 
2017-07-18 16:49:18,063 - BasePage - INFO - The element  was clicked.
2017-07-18 16:49:25,213 - BasePage - INFO - The element  was clicked.
2017-07-18 16:49:30,993 - BasePage - INFO - The element ' 优惠套餐 ' was clicked.
2017-07-18 16:49:36,082 - BrowserEngine - INFO - You had select Chrome browser.
2017-07-18 16:49:36,082 - BrowserEngine - INFO - The test server url is: http://bmtest.ematong.com
2017-07-18 16:49:38,224 - BrowserEngine - INFO - Starting Chrome browser.
2017-07-18 16:49:39,622 - BrowserEngine - INFO - Open url: http://bmtest.ematong.com
2017-07-18 16:49:41,056 - BrowserEngine - INFO - Maximize the current window.
2017-07-18 16:49:41,059 - BrowserEngine - INFO - Set implicitly wait 10 seconds.
2017-07-18 16:49:41,108 - BasePage - INFO - Had find the element '  ' successful by id via value: user2 
2017-07-18 16:49:41,187 - BasePage - INFO - Had type ' htest ' in inputBox
2017-07-18 16:49:41,224 - BasePage - INFO - Had find the element '  ' successful by id via value: password2 
2017-07-18 16:49:41,302 - BasePage - INFO - Had type ' 123456 ' in inputBox
2017-07-18 16:49:41,344 - BasePage - INFO - Had find the element '  ' successful by id via value: submit2 
2017-07-18 16:49:41,401 - BasePage - INFO - The element  was clicked.
2017-07-18 16:49:44,444 - BasePage - INFO - Had find the element '  ' successful by xpath via value: /html/body/div/div[3]/div[1]/div[1]/div/div[2]/div[3]/a 
2017-07-18 16:49:46,140 - BasePage - INFO - The element  was clicked.
2017-07-18 16:49:47,569 - BasePage - INFO - The element ' 订单管理 ' was clicked.
2017-07-18 16:49:48,937 - BasePage - INFO - The element ' 交易统计 ' was clicked.
2017-07-18 16:49:49,371 - BasePage - INFO - The element ' 订单统计 ' was clicked.
2017-07-18 16:49:49,769 - BasePage - INFO - The element ' 订单列表 ' was clicked.
2017-07-18 16:49:50,825 - BasePage - INFO - Had find the element '  ' successful by id via value: payTimeBegin 
2017-07-18 16:49:51,036 - BasePage - INFO - Had type ' 2015-07-18 11:35 ' in inputBox
2017-07-18 16:49:51,076 - BasePage - INFO - Had find the element '  ' successful by id via value: payTimeEnd 
2017-07-18 16:49:51,226 - BasePage - INFO - Had type ' 2017-07-18 11:35 ' in inputBox
2017-07-18 16:49:51,260 - BasePage - INFO - Had find the element '  ' successful by id via value: createTimeBegin 
2017-07-18 16:49:51,420 - BasePage - INFO - Had type ' 2015-07-18 11:35 ' in inputBox
2017-07-18 16:49:51,456 - BasePage - INFO - Had find the element '  ' successful by id via value: createTimeEnd 
2017-07-18 16:49:51,621 - BasePage - INFO - Had type ' 2017-07-18 11:35 ' in inputBox
2017-07-18 16:49:51,660 - BasePage - INFO - Had find the element ' 搜索 ' successful by id via value: searchQuery1 
2017-07-18 16:49:51,713 - BasePage - INFO - The element  was clicked.
2017-07-18 16:49:51,884 - BasePage - INFO - Had type ' 201706100000037 ' in inputBox
2017-07-18 16:49:52,085 - BasePage - INFO - Had type ' 400100254788 ' in inputBox
2017-07-18 16:49:52,227 - BasePage - INFO - Had type ' 13538008900 ' in inputBox
2017-07-18 16:49:52,351 - BasePage - INFO - Had type ' 彭望兴 ' in inputBox
2017-07-18 16:49:52,444 - BasePage - INFO - Had type ' 望星 ' in inputBox
2017-07-18 16:49:52,480 - BasePage - INFO - Had find the element ' 未发货 ' successful by xpath via value: //div[@class='form']/div[3]/div[2]/div/select//option[3] 
2017-07-18 16:49:52,512 - BasePage - INFO - The element  was clicked.
2017-07-18 16:49:54,562 - BasePage - INFO - Had find the element ' 送礼 ' successful by xpath via value: //div[@class='form']/div[4]/div[2]/div/select//option[4] 
2017-07-18 16:49:54,592 - BasePage - INFO - The element  was clicked.
2017-07-18 16:49:54,631 - BasePage - INFO - Had find the element ' 货到付款 ' successful by xpath via value: //div[@class='form']/div[5]/div[2]/div/select//option[5] 
2017-07-18 16:49:54,661 - BasePage - INFO - The element  was clicked.
2017-07-18 16:49:54,696 - BasePage - INFO - Had find the element ' 用户到店 ' successful by xpath via value: //div[@class='form']/div[6]/div[2]/div/select//option[4] 
2017-07-18 16:49:54,724 - BasePage - INFO - The element  was clicked.
2017-07-18 16:49:55,776 - BasePage - INFO - Had find the element ' 虚拟商品 ' successful by xpath via value: //*[@id='goodsType1']/option[3] 
2017-07-18 16:49:55,808 - BasePage - INFO - The element  was clicked.
2017-07-18 16:49:55,845 - BasePage - INFO - Had find the element ' 储值卡 ' successful by xpath via value: //*[@id='goodsType2']/option[2] 
2017-07-18 16:49:55,875 - BasePage - INFO - The element  was clicked.
2017-07-18 16:49:57,875 - BrowserEngine - INFO - You had select Chrome browser.
2017-07-18 16:49:57,875 - BrowserEngine - INFO - The test server url is: http://bmtest.ematong.com
2017-07-18 16:50:01,480 - BrowserEngine - INFO - Starting Chrome browser.
2017-07-18 16:50:04,043 - BrowserEngine - INFO - Open url: http://bmtest.ematong.com
2017-07-18 16:50:05,506 - BrowserEngine - INFO - Maximize the current window.
2017-07-18 16:50:05,506 - BrowserEngine - INFO - Set implicitly wait 10 seconds.
2017-07-18 16:50:05,551 - BasePage - INFO - Had find the element '  ' successful by id via value: user2 
2017-07-18 16:50:05,647 - BasePage - INFO - Had type ' htest ' in inputBox
2017-07-18 16:50:05,697 - BasePage - INFO - Had find the element '  ' successful by id via value: password2 
2017-07-18 16:50:05,789 - BasePage - INFO - Had type ' 123456 ' in inputBox
2017-07-18 16:50:05,832 - BasePage - INFO - Had find the element '  ' successful by id via value: submit2 
2017-07-18 16:50:05,894 - BasePage - INFO - The element  was clicked.
2017-07-18 16:50:07,951 - BasePage - INFO - Had find the element '  ' successful by xpath via value: /html/body/div/div[3]/div[1]/div[1]/div/div[2]/div[3]/a 
2017-07-18 16:50:09,869 - BasePage - INFO - The element  was clicked.
2017-07-18 16:50:18,565 - BasePage - INFO - The element ' 页面管理 ' was clicked.
2017-07-18 16:50:20,980 - BasePage - INFO - The element ' 列表展示 ' was clicked.
2017-07-18 16:50:23,098 - BasePage - INFO - The element ' 自定义页面 ' was clicked.
2017-07-18 16:50:23,128 - BrowserEngine - INFO - You had select Chrome browser.
2017-07-18 16:50:23,128 - BrowserEngine - INFO - The test server url is: http://bmtest.ematong.com
2017-07-18 16:50:27,354 - BrowserEngine - INFO - Starting Chrome browser.
2017-07-18 16:50:32,446 - BrowserEngine - INFO - Open url: http://bmtest.ematong.com
2017-07-18 16:50:34,022 - BrowserEngine - INFO - Maximize the current window.
2017-07-18 16:50:34,023 - BrowserEngine - INFO - Set implicitly wait 10 seconds.
2017-07-18 16:50:34,075 - BasePage - INFO - Had find the element '  ' successful by id via value: user2 
2017-07-18 16:50:34,155 - BasePage - INFO - Had type ' htest ' in inputBox
2017-07-18 16:50:34,204 - BasePage - INFO - Had find the element '  ' successful by id via value: password2 
2017-07-18 16:50:34,296 - BasePage - INFO - Had type ' 123456 ' in inputBox
2017-07-18 16:50:34,351 - BasePage - INFO - Had find the element '  ' successful by id via value: submit2 
2017-07-18 16:50:34,417 - BasePage - INFO - The element  was clicked.
2017-07-18 16:50:40,028 - BasePage - INFO - Had find the element '  ' successful by xpath via value: /html/body/div/div[3]/div[1]/div[1]/div/div[2]/div[3]/a 
2017-07-18 16:50:43,522 - BasePage - INFO - The element  was clicked.
2017-07-18 16:50:52,924 - BasePage - INFO - The element ' 配送模板 ' was clicked.
2017-07-18 16:50:54,868 - BasePage - INFO - The element ' 添加配送区域 ' was clicked.
2017-07-18 16:50:54,987 - BasePage - INFO - Had type ' selenium0706 ' in inputBox
2017-07-18 16:50:55,035 - BasePage - INFO - Had find the element ' 添　加 ' successful by id via value: show-city 
2017-07-18 16:50:56,026 - BasePage - INFO - The element  was clicked.
2017-07-18 16:50:57,989 - BrowserEngine - INFO - You had select Chrome browser.
2017-07-18 16:50:57,989 - BrowserEngine - INFO - The test server url is: http://bmtest.ematong.com
2017-07-18 16:51:05,957 - BrowserEngine - INFO - Starting Chrome browser.
2017-07-18 16:51:09,032 - BrowserEngine - INFO - Open url: http://bmtest.ematong.com
2017-07-18 16:51:10,536 - BrowserEngine - INFO - Maximize the current window.
2017-07-18 16:51:10,538 - BrowserEngine - INFO - Set implicitly wait 10 seconds.
2017-07-18 16:51:10,576 - BasePage - INFO - Had find the element '  ' successful by id via value: user2 
2017-07-18 16:51:10,671 - BasePage - INFO - Had type ' htest ' in inputBox
2017-07-18 16:51:10,726 - BasePage - INFO - Had find the element '  ' successful by id via value: password2 
2017-07-18 16:51:10,823 - BasePage - INFO - Had type ' 123456 ' in inputBox
2017-07-18 16:51:10,868 - BasePage - INFO - Had find the element '  ' successful by id via value: submit2 
2017-07-18 16:51:10,930 - BasePage - INFO - The element  was clicked.
2017-07-18 16:51:12,969 - BasePage - INFO - Had find the element '  ' successful by xpath via value: /html/body/div/div[3]/div[1]/div[1]/div/div[2]/div[3]/a 
2017-07-18 16:51:14,911 - BasePage - INFO - The element  was clicked.
2017-07-18 16:51:22,855 - BasePage - INFO - The element ' 运费模板 ' was clicked.
2017-07-18 16:51:25,535 - BasePage - INFO - The element ' 添加运费模板 ' was clicked.
2017-07-18 16:51:25,691 - BasePage - INFO - Had type ' selenium0706 ' in inputBox
2017-07-18 16:51:25,727 - BasePage - INFO - Had find the element '  ' successful by xpath via value: //*[@id='shipmentTemplate']/div/table/tbody/tr[3]/td/label[2]/input 
2017-07-18 16:51:25,813 - BasePage - INFO - The element  was clicked.
2017-07-18 16:51:25,861 - BasePage - INFO - Had find the element '  ' successful by id via value: first 
2017-07-18 16:51:25,950 - BasePage - INFO - Had type ' 1 ' in inputBox
2017-07-18 16:51:25,983 - BasePage - INFO - Had find the element '  ' successful by xpath via value: //*[@id='shipmentTemplate']/div/div[3]/div[2]/table[1]/tbody/tr/td/input[2] 
2017-07-18 16:51:26,040 - BasePage - INFO - Had type ' 2 ' in inputBox
2017-07-18 16:51:26,075 - BasePage - INFO - Had find the element '  ' successful by id via value: append 
2017-07-18 16:51:26,157 - BasePage - INFO - Had type ' 3 ' in inputBox
2017-07-18 16:51:26,194 - BasePage - INFO - Had find the element '  ' successful by xpath via value: //*[@id='shipmentTemplate']/div/div[3]/div[2]/table[1]/tbody/tr/td/input[4] 
2017-07-18 16:51:26,259 - BasePage - INFO - Had type ' 4 ' in inputBox
2017-07-18 16:51:27,303 - BasePage - INFO - Had find the element ' 确定 ' successful by xpath via value: /html/body/div[2]/div[2]/a 
2017-07-18 16:51:27,368 - BasePage - INFO - The element  was clicked.
