2017-07-26 15:04:04,559 - BrowserEngine - INFO - You had select Chrome browser.
2017-07-26 15:04:04,561 - BrowserEngine - INFO - The test server url is: http://bmtest.ematong.com
2017-07-26 15:04:06,674 - BrowserEngine - INFO - Starting Chrome browser.
2017-07-26 15:04:07,799 - BrowserEngine - INFO - Open url: http://bmtest.ematong.com
2017-07-26 15:04:09,200 - BrowserEngine - INFO - Maximize the current window.
2017-07-26 15:04:09,200 - BrowserEngine - INFO - Set implicitly wait 10 seconds.
2017-07-26 15:04:09,237 - BasePage - INFO - Had find the element '  ' successful by id via value: user2 
2017-07-26 15:04:09,316 - BasePage - INFO - Had type ' htest ' in inputBox
2017-07-26 15:04:09,355 - BasePage - INFO - Had find the element '  ' successful by id via value: password2 
2017-07-26 15:04:09,427 - BasePage - INFO - Had type ' 123456 ' in inputBox
2017-07-26 15:04:09,466 - BasePage - INFO - Had find the element '  ' successful by id via value: yzm2 
2017-07-26 15:04:09,543 - BasePage - INFO - Had type ' HY7102$ ' in inputBox
2017-07-26 15:04:09,581 - BasePage - INFO - Had find the element '  ' successful by id via value: submit2 
2017-07-26 15:04:09,638 - BasePage - INFO - The element  was clicked.
2017-07-26 15:04:11,704 - BasePage - INFO - Had find the element '  ' successful by xpath via value: /html/body/div/div[3]/div[1]/div[1]/div/div[2]/div[3]/a 
2017-07-26 15:04:13,568 - BasePage - INFO - The element  was clicked.
2017-07-26 15:04:15,806 - BasePage - INFO - The element ' 商品管理 ' was clicked.
2017-07-26 15:04:16,892 - BasePage - INFO - The element ' 商品列表 ' was clicked.
2017-07-26 15:04:17,938 - BasePage - INFO - Had find the element ' 23 ' successful by xpath via value: //*[@id='statusCount0'] 
2017-07-26 15:04:17,946 - BasePage - INFO - element_text(xpath=>//*[@id='statusCount0']) is 23
2017-07-26 15:04:17,986 - BasePage - INFO - Had find the element ' 86 ' successful by xpath via value: //*[@id='statusCount1'] 
2017-07-26 15:04:17,993 - BasePage - INFO - element_text(xpath=>//*[@id='statusCount1']) is 86
2017-07-26 15:04:18,035 - BasePage - INFO - Had find the element ' 0 ' successful by xpath via value: //*[@id='statusCount4'] 
2017-07-26 15:04:18,042 - BasePage - INFO - element_text(xpath=>//*[@id='statusCount4']) is 0
2017-07-26 15:04:18,082 - BasePage - INFO - Had find the element ' 12 ' successful by xpath via value: //*[@id='statusCount2'] 
2017-07-26 15:04:18,089 - BasePage - INFO - element_text(xpath=>//*[@id='statusCount2']) is 12
2017-07-26 15:04:54,651 - BrowserEngine - INFO - You had select Chrome browser.
2017-07-26 15:04:54,651 - BrowserEngine - INFO - The test server url is: http://bmtest.ematong.com
2017-07-26 15:04:56,739 - BrowserEngine - INFO - Starting Chrome browser.
2017-07-26 15:04:57,747 - BrowserEngine - INFO - Open url: http://bmtest.ematong.com
2017-07-26 15:04:59,167 - BrowserEngine - INFO - Maximize the current window.
2017-07-26 15:04:59,170 - BrowserEngine - INFO - Set implicitly wait 10 seconds.
2017-07-26 15:04:59,207 - BasePage - INFO - Had find the element '  ' successful by id via value: user2 
2017-07-26 15:04:59,282 - BasePage - INFO - Had type ' htest ' in inputBox
2017-07-26 15:04:59,319 - BasePage - INFO - Had find the element '  ' successful by id via value: password2 
2017-07-26 15:04:59,391 - BasePage - INFO - Had type ' 123456 ' in inputBox
2017-07-26 15:04:59,431 - BasePage - INFO - Had find the element '  ' successful by id via value: yzm2 
2017-07-26 15:04:59,509 - BasePage - INFO - Had type ' HY7102$ ' in inputBox
2017-07-26 15:04:59,546 - BasePage - INFO - Had find the element '  ' successful by id via value: submit2 
2017-07-26 15:04:59,598 - BasePage - INFO - The element  was clicked.
2017-07-26 15:05:01,647 - BasePage - INFO - Had find the element '  ' successful by xpath via value: /html/body/div/div[3]/div[1]/div[1]/div/div[2]/div[3]/a 
2017-07-26 15:05:03,694 - BasePage - INFO - The element  was clicked.
2017-07-26 15:05:06,137 - BasePage - INFO - The element ' 商品管理 ' was clicked.
2017-07-26 15:05:07,236 - BasePage - INFO - The element ' 商品列表 ' was clicked.
2017-07-26 15:05:08,295 - BasePage - INFO - Had find the element ' 23 ' successful by xpath via value: //*[@id='statusCount0'] 
2017-07-26 15:05:08,302 - BasePage - INFO - element_text(xpath=>//*[@id='statusCount0']) is 23
2017-07-26 15:05:08,341 - BasePage - INFO - Had find the element ' 86 ' successful by xpath via value: //*[@id='statusCount1'] 
2017-07-26 15:05:08,348 - BasePage - INFO - element_text(xpath=>//*[@id='statusCount1']) is 86
2017-07-26 15:05:08,388 - BasePage - INFO - Had find the element ' 0 ' successful by xpath via value: //*[@id='statusCount4'] 
2017-07-26 15:05:08,394 - BasePage - INFO - element_text(xpath=>//*[@id='statusCount4']) is 0
2017-07-26 15:05:08,434 - BasePage - INFO - Had find the element ' 12 ' successful by xpath via value: //*[@id='statusCount2'] 
2017-07-26 15:05:08,440 - BasePage - INFO - element_text(xpath=>//*[@id='statusCount2']) is 12
