2017-07-20 15:46:31,482 - BrowserEngine - INFO - You had select Chrome browser.
2017-07-20 15:46:31,482 - BrowserEngine - INFO - The test server url is: http://bmtest.ematong.com
2017-07-20 15:46:33,861 - BrowserEngine - INFO - Starting Chrome browser.
2017-07-20 15:46:39,385 - BrowserEngine - INFO - Open url: http://bmtest.ematong.com
2017-07-20 15:46:40,815 - BrowserEngine - INFO - Maximize the current window.
2017-07-20 15:46:40,816 - BrowserEngine - INFO - Set implicitly wait 10 seconds.
2017-07-20 15:46:40,855 - BasePage - INFO - Had find the element '  ' successful by id via value: user2 
2017-07-20 15:46:40,917 - BasePage - INFO - Had type '  ' in inputBox
2017-07-20 15:46:40,954 - BasePage - INFO - Had find the element '  ' successful by id via value: password2 
2017-07-20 15:46:41,032 - BasePage - INFO - Had type ' 123456 ' in inputBox
2017-07-20 15:46:41,071 - BasePage - INFO - Had find the element '  ' successful by id via value: yzm2 
2017-07-20 15:46:41,148 - BasePage - INFO - Had type ' HY7102$ ' in inputBox
2017-07-20 15:46:41,187 - BasePage - INFO - Had find the element '  ' successful by id via value: submit2 
2017-07-20 15:46:41,249 - BasePage - INFO - The element  was clicked.
2017-07-20 15:46:42,549 - BasePage - INFO - Had take screenshot and save to folder : /screenshots
2017-07-20 15:46:42,576 - BasePage - INFO - Had find the element '  ' successful by id via value: user2 
2017-07-20 15:46:42,605 - BasePage - INFO - Had type ' htest ' in inputBox
2017-07-20 15:46:42,618 - BasePage - INFO - Had find the element '  ' successful by id via value: password2 
2017-07-20 15:46:42,655 - BasePage - INFO - Had type ' 123456 ' in inputBox
2017-07-20 15:46:42,668 - BasePage - INFO - Had find the element '  ' successful by id via value: yzm2 
2017-07-20 15:46:42,703 - BasePage - INFO - Had type '  ' in inputBox
2017-07-20 15:46:42,724 - BasePage - INFO - Had find the element '  ' successful by id via value: submit2 
2017-07-20 15:46:42,749 - BasePage - INFO - The element  was clicked.
2017-07-20 15:46:47,338 - BasePage - INFO - Had take screenshot and save to folder : /screenshots
