2017-07-26 17:35:42,323 - BrowserEngine - INFO - You had select Chrome browser.
2017-07-26 17:35:42,323 - BrowserEngine - INFO - The test server url is: http://bmtest.ematong.com
2017-07-26 17:35:44,447 - BrowserEngine - INFO - Starting Chrome browser.
2017-07-26 17:35:47,032 - BrowserEngine - INFO - Open url: http://bmtest.ematong.com
2017-07-26 17:35:48,443 - BrowserEngine - INFO - Maximize the current window.
2017-07-26 17:35:48,444 - BrowserEngine - INFO - Set implicitly wait 10 seconds.
2017-07-26 17:35:48,483 - BasePage - INFO - Had find the element '  ' successful by id via value: user2 
2017-07-26 17:35:48,569 - BasePage - INFO - Had type ' htest ' in inputBox
2017-07-26 17:35:48,608 - BasePage - INFO - Had find the element '  ' successful by id via value: password2 
2017-07-26 17:35:48,684 - BasePage - INFO - Had type ' 123456 ' in inputBox
2017-07-26 17:35:48,723 - BasePage - INFO - Had find the element '  ' successful by id via value: yzm2 
2017-07-26 17:35:48,811 - BasePage - INFO - Had type ' HY7102$ ' in inputBox
2017-07-26 17:35:48,851 - BasePage - INFO - Had find the element '  ' successful by id via value: submit2 
2017-07-26 17:35:48,930 - BasePage - INFO - The element  was clicked.
2017-07-26 17:35:50,986 - BasePage - INFO - Had find the element '  ' successful by xpath via value: /html/body/div/div[3]/div[1]/div[1]/div/div[2]/div[3]/a 
2017-07-26 17:35:52,845 - BasePage - INFO - The element  was clicked.
2017-07-26 17:36:02,726 - BasePage - INFO - The element ' 商品管理 ' was clicked.
2017-07-26 17:36:03,816 - BasePage - INFO - The element ' 商品列表 ' was clicked.
2017-07-26 17:36:04,871 - BasePage - INFO - Had find the element ' 23 ' successful by xpath via value: //*[@id='statusCount0'] 
2017-07-26 17:36:04,881 - BasePage - INFO - element_text(xpath=>//*[@id='statusCount0']) is 23
2017-07-26 17:36:04,928 - BasePage - INFO - Had find the element ' 86 ' successful by xpath via value: //*[@id='statusCount1'] 
2017-07-26 17:36:04,936 - BasePage - INFO - element_text(xpath=>//*[@id='statusCount1']) is 86
2017-07-26 17:36:04,979 - BasePage - INFO - Had find the element ' 0 ' successful by xpath via value: //*[@id='statusCount4'] 
2017-07-26 17:36:04,986 - BasePage - INFO - element_text(xpath=>//*[@id='statusCount4']) is 0
2017-07-26 17:36:05,028 - BasePage - INFO - Had find the element ' 12 ' successful by xpath via value: //*[@id='statusCount2'] 
2017-07-26 17:36:05,033 - BasePage - INFO - element_text(xpath=>//*[@id='statusCount2']) is 12
2017-07-26 17:36:05,078 - BasePage - INFO - Had find the element ' 全部
htest总店
20170301002
门店1-1
深圳分店
门店1-4
门店3
门店1-2
20170301
门店4
测试同步
门店1-3
test123
门店1 ' successful by id via value: storeSelect 
2017-07-26 17:36:05,125 - BasePage - INFO - Had type ' 测试同步 ' in inputBox
2017-07-26 17:36:05,165 - BasePage - INFO - Had find the element ' 名称
货号
商品价 ' successful by id via value: goodsAttrSelect 
