2017-07-26 15:15:22,895 - BrowserEngine - INFO - You had select Chrome browser.
2017-07-26 15:15:22,895 - BrowserEngine - INFO - The test server url is: http://bmtest.ematong.com
2017-07-26 15:15:25,049 - BrowserEngine - INFO - Starting Chrome browser.
2017-07-26 15:15:26,188 - BrowserEngine - INFO - Open url: http://bmtest.ematong.com
2017-07-26 15:15:27,605 - BrowserEngine - INFO - Maximize the current window.
2017-07-26 15:15:27,607 - BrowserEngine - INFO - Set implicitly wait 10 seconds.
2017-07-26 15:15:27,644 - BasePage - INFO - Had find the element '  ' successful by id via value: user2 
2017-07-26 15:15:27,720 - BasePage - INFO - Had type ' htest ' in inputBox
2017-07-26 15:15:27,760 - BasePage - INFO - Had find the element '  ' successful by id via value: password2 
2017-07-26 15:15:27,836 - BasePage - INFO - Had type ' 123456 ' in inputBox
2017-07-26 15:15:27,877 - BasePage - INFO - Had find the element '  ' successful by id via value: yzm2 
2017-07-26 15:15:27,953 - BasePage - INFO - Had type ' HY7102$ ' in inputBox
2017-07-26 15:15:27,993 - BasePage - INFO - Had find the element '  ' successful by id via value: submit2 
2017-07-26 15:15:28,048 - BasePage - INFO - The element  was clicked.
2017-07-26 15:15:30,104 - BasePage - INFO - Had find the element '  ' successful by xpath via value: /html/body/div/div[3]/div[1]/div[1]/div/div[2]/div[3]/a 
2017-07-26 15:15:32,663 - BasePage - INFO - The element  was clicked.
2017-07-26 15:15:34,901 - BasePage - INFO - The element ' 商品管理 ' was clicked.
2017-07-26 15:15:36,012 - BasePage - INFO - The element ' 商品列表 ' was clicked.
2017-07-26 15:15:37,072 - BasePage - INFO - Had find the element ' 23 ' successful by xpath via value: //*[@id='statusCount0'] 
2017-07-26 15:15:37,084 - BasePage - INFO - element_text(xpath=>//*[@id='statusCount0']) is 23
2017-07-26 15:15:37,127 - BasePage - INFO - Had find the element ' 86 ' successful by xpath via value: //*[@id='statusCount1'] 
2017-07-26 15:15:37,134 - BasePage - INFO - element_text(xpath=>//*[@id='statusCount1']) is 86
2017-07-26 15:15:37,176 - BasePage - INFO - Had find the element ' 0 ' successful by xpath via value: //*[@id='statusCount4'] 
2017-07-26 15:15:37,183 - BasePage - INFO - element_text(xpath=>//*[@id='statusCount4']) is 0
2017-07-26 15:15:37,224 - BasePage - INFO - Had find the element ' 12 ' successful by xpath via value: //*[@id='statusCount2'] 
2017-07-26 15:15:37,232 - BasePage - INFO - element_text(xpath=>//*[@id='statusCount2']) is 12
2017-07-26 15:15:40,872 - BasePage - INFO - Had find the element ' 搜索 ' successful by xpath via value: //*[@id='queryForm']/div/div[1]/div[4]/div/div[1]/a 
2017-07-26 15:15:40,924 - BasePage - INFO - The element  was clicked.
