2017-07-18 11:01:12,770 - BrowserEngine - INFO - You had select Chrome browser.
2017-07-18 11:01:12,770 - BrowserEngine - INFO - The test server url is: http://bmtest.ematong.com
2017-07-18 11:01:14,918 - BrowserEngine - INFO - Starting Chrome browser.
2017-07-18 11:01:15,885 - BrowserEngine - INFO - Open url: http://bmtest.ematong.com
2017-07-18 11:01:17,318 - BrowserEngine - INFO - Maximize the current window.
2017-07-18 11:01:17,319 - BrowserEngine - INFO - Set implicitly wait 10 seconds.
2017-07-18 11:01:17,355 - BasePage - INFO - Had find the element '  ' successful by id via value: user2 
2017-07-18 11:01:17,437 - BasePage - INFO - Had type ' htest ' in inputBox
2017-07-18 11:01:17,474 - BasePage - INFO - Had find the element '  ' successful by id via value: password2 
2017-07-18 11:01:17,552 - BasePage - INFO - Had type ' 123456 ' in inputBox
2017-07-18 11:01:17,589 - BasePage - INFO - Had find the element '  ' successful by id via value: submit2 
2017-07-18 11:01:17,647 - BasePage - INFO - The element  was clicked.
2017-07-18 11:01:19,691 - BasePage - INFO - Had find the element '  ' successful by xpath via value: /html/body/div/div[3]/div[1]/div[1]/div/div[2]/div[3]/a 
2017-07-18 11:01:21,683 - BasePage - INFO - The element  was clicked.
2017-07-18 11:01:24,625 - BasePage - INFO - The element ' 优惠套餐 ' was clicked.
2017-07-18 11:01:25,660 - BasePage - INFO - Had find the element '  ' successful by id via value: title 
2017-07-18 11:01:25,785 - BasePage - INFO - Had type ' python自建套餐活动001 ' in inputBox
2017-07-18 11:01:26,854 - BasePage - INFO - Had find the element '  ' successful by id via value: startValidTime 
2017-07-18 11:01:26,992 - BasePage - INFO - Had type ' 2017-05-12 01:23:45 ' in inputBox
2017-07-18 11:01:27,029 - BasePage - INFO - Had find the element '  ' successful by id via value: endValidTime 
2017-07-18 11:01:27,131 - BasePage - INFO - Had type ' 2018-12-30 23:59:59 ' in inputBox
2017-07-18 11:01:27,167 - BasePage - INFO - Had find the element '  ' successful by xpath via value: //*[@id='command']/div[4]/div[2]/table/tbody/tr[1]/td/div/span[2]/input 
2017-07-18 11:01:27,223 - BasePage - INFO - The element  was clicked.
