2017-07-24 17:46:26,078 - BrowserEngine - INFO - You had select Chrome browser.
2017-07-24 17:46:26,078 - BrowserEngine - INFO - The test server url is: http://bmtest.ematong.com
2017-07-24 17:46:28,157 - BrowserEngine - INFO - Starting Chrome browser.
2017-07-24 17:46:29,339 - BrowserEngine - INFO - Open url: http://bmtest.ematong.com
2017-07-24 17:46:30,778 - BrowserEngine - INFO - Maximize the current window.
2017-07-24 17:46:30,779 - BrowserEngine - INFO - Set implicitly wait 10 seconds.
2017-07-24 17:46:30,816 - BasePage - INFO - Had find the element '  ' successful by id via value: user2 
2017-07-24 17:46:30,898 - BasePage - INFO - Had type ' htest ' in inputBox
2017-07-24 17:46:30,940 - BasePage - INFO - Had find the element '  ' successful by id via value: password2 
2017-07-24 17:46:31,013 - BasePage - INFO - Had type ' 123456 ' in inputBox
2017-07-24 17:46:31,053 - BasePage - INFO - Had find the element '  ' successful by id via value: yzm2 
2017-07-24 17:46:31,135 - BasePage - INFO - Had type ' HY7102$ ' in inputBox
2017-07-24 17:46:31,171 - BasePage - INFO - Had find the element '  ' successful by id via value: submit2 
2017-07-24 17:46:31,226 - BasePage - INFO - The element  was clicked.
2017-07-24 17:46:33,279 - BasePage - INFO - Had find the element '  ' successful by xpath via value: /html/body/div/div[3]/div[1]/div[1]/div/div[2]/div[3]/a 
2017-07-24 17:46:36,247 - BasePage - INFO - The element  was clicked.
2017-07-24 17:46:38,730 - BasePage - INFO - The element ' 页面管理 ' was clicked.
2017-07-24 17:46:40,321 - BasePage - INFO - The element ' 列表展示 ' was clicked.
2017-07-24 17:46:41,009 - BasePage - INFO - The element ' 加载页 ' was clicked.
2017-07-24 17:46:41,512 - BasePage - INFO - The element ' 商品详情页 ' was clicked.
2017-07-24 17:46:41,920 - BasePage - INFO - The element ' 自定义页面 ' was clicked.
2017-07-24 17:46:42,385 - BasePage - INFO - The element ' 主页 ' was clicked.
2017-07-24 17:46:55,936 - BasePage - INFO - The element ' 加载页 ' was clicked.
2017-07-24 17:46:56,019 - BasePage - INFO - Had find the element '  ' successful by xpath via value: //*[@id='tloadForm']/div[4]/div/div[2]/table/tbody/tr[1]/td[2]/label[2]/input 
2017-07-24 17:46:56,081 - BasePage - INFO - The element  was clicked.
2017-07-24 17:46:56,118 - BasePage - INFO - Had find the element '  ' successful by xpath via value: //*[@id='tloadForm']/div[4]/div/div[2]/table/tbody/tr[1]/td[2]/label[1]/input 
2017-07-24 17:46:56,165 - BasePage - INFO - The element  was clicked.
2017-07-24 17:46:56,203 - BasePage - INFO - Had find the element ' 开启 ' successful by id via value: openAndColesBtn 
2017-07-24 17:46:56,246 - BasePage - INFO - The element  was clicked.
2017-07-24 17:46:56,282 - BasePage - INFO - Had find the element ' 保存 ' successful by xpath via value: //*[@id='tloadForm']/div[4]/div/div[2]/p/button 
2017-07-24 17:46:56,323 - BasePage - INFO - The element  was clicked.
2017-07-24 17:46:56,694 - BasePage - INFO - The element ' 商品详情页 ' was clicked.
2017-07-24 17:46:57,744 - BasePage - INFO - Had find the element '  ' successful by xpath via value: //*[@id='goodDetailFrom']/table/tbody/tr/td[2]/div/p/label/input 
2017-07-24 17:46:57,786 - BasePage - INFO - The element  was clicked.
2017-07-24 17:46:58,823 - BasePage - INFO - Had find the element '  ' successful by xpath via value: //*[@id='goodDetailFrom']/table/tbody/tr/td[1]/div/p/label/input 
2017-07-24 17:46:58,875 - BasePage - INFO - The element  was clicked.
2017-07-24 17:46:59,928 - BasePage - INFO - Had find the element ' 保存 ' successful by xpath via value: //*[@id='submitBtn'] 
2017-07-24 17:46:59,973 - BasePage - INFO - The element  was clicked.
