2017-07-18 15:39:56,039 - BrowserEngine - INFO - You had select Chrome browser.
2017-07-18 15:39:56,039 - BrowserEngine - INFO - The test server url is: http://bmtest.ematong.com
2017-07-18 15:39:58,219 - BrowserEngine - INFO - Starting Chrome browser.
2017-07-18 15:40:01,095 - BrowserEngine - INFO - Open url: http://bmtest.ematong.com
2017-07-18 15:40:02,525 - BrowserEngine - INFO - Maximize the current window.
2017-07-18 15:40:02,526 - BrowserEngine - INFO - Set implicitly wait 10 seconds.
2017-07-18 15:40:02,562 - BasePage - INFO - Had find the element '  ' successful by id via value: user2 
2017-07-18 15:40:02,637 - BasePage - INFO - Had type ' htest ' in inputBox
2017-07-18 15:40:02,674 - BasePage - INFO - Had find the element '  ' successful by id via value: password2 
2017-07-18 15:40:02,746 - BasePage - INFO - Had type ' 123456 ' in inputBox
2017-07-18 15:40:02,786 - BasePage - INFO - Had find the element '  ' successful by id via value: submit2 
2017-07-18 15:40:02,845 - BasePage - INFO - The element  was clicked.
2017-07-18 15:40:04,897 - BasePage - INFO - Had find the element '  ' successful by xpath via value: /html/body/div/div[3]/div[1]/div[1]/div/div[2]/div[3]/a 
2017-07-18 15:40:06,789 - BasePage - INFO - The element  was clicked.
2017-07-18 15:40:13,417 - BasePage - INFO - The element ' 优惠套餐 ' was clicked.
2017-07-18 15:40:14,460 - BasePage - INFO - Had find the element '  ' successful by id via value: title 
2017-07-18 15:40:14,582 - BasePage - INFO - Had type ' python自建套餐活动001 ' in inputBox
2017-07-18 15:40:15,653 - BasePage - INFO - Had find the element '  ' successful by id via value: startValidTime 
2017-07-18 15:40:15,789 - BasePage - INFO - Had type ' 2017-08-12 01:23:45 ' in inputBox
2017-07-18 15:40:15,831 - BasePage - INFO - Had find the element '  ' successful by id via value: endValidTime 
2017-07-18 15:40:15,934 - BasePage - INFO - Had type ' 2018-12-30 23:59:59 ' in inputBox
2017-07-18 15:40:15,969 - BasePage - INFO - Had find the element '  ' successful by xpath via value: //*[@id='command']/div[4]/div[2]/table/tbody/tr[1]/td/div/span[2]/input 
2017-07-18 15:40:16,023 - BasePage - INFO - The element  was clicked.
2017-07-18 15:40:16,061 - BasePage - INFO - Had find the element '  ' successful by xpath via value: //*[@id='command']/div[4]/div[2]/table/tbody/tr[1]/td/ul[2]/li[1]/input[1] 
2017-07-18 15:40:16,121 - BasePage - INFO - Had type ' 1 ' in inputBox
2017-07-18 15:40:16,158 - BasePage - INFO - Had find the element '  ' successful by xpath via value: //*[@id='command']/div[4]/div[2]/table/tbody/tr[1]/td/ul[2]/li[1]/input[2] 
2017-07-18 15:40:16,221 - BasePage - INFO - Had type ' 50 ' in inputBox
2017-07-18 15:40:16,256 - BasePage - INFO - Had find the element '  ' successful by xpath via value: //*[@id='command']/div[4]/div[2]/table/tbody/tr[1]/td/ul[2]/li[1]/a 
2017-07-18 15:40:16,306 - BasePage - INFO - The element  was clicked.
2017-07-18 15:40:17,368 - BasePage - INFO - Had find the element '  ' successful by xpath via value: //*[@id='command']/div[4]/div[2]/table/tbody/tr[1]/td/ul[2]/li[2]/a 
2017-07-18 15:40:17,427 - BasePage - INFO - The element  was clicked.
2017-07-18 15:40:18,493 - BasePage - INFO - Had find the element '  ' successful by xpath via value: //*[@id='command']/div[4]/div[2]/table/tbody/tr[2]/td/span[2]/input 
2017-07-18 15:40:18,535 - BasePage - INFO - The element  was clicked.
2017-07-18 15:40:18,569 - BasePage - INFO - Had find the element '  ' successful by xpath via value: //*[@id='command']/div[4]/div[2]/table/tbody/tr[4]/td/span[2]/input 
2017-07-18 15:40:18,611 - BasePage - INFO - The element  was clicked.
2017-07-18 15:40:19,676 - BasePage - INFO - Had find the element ' 添加主商品 ' successful by xpath via value: //*[@id='addMainGoodsTr']/td/a 
2017-07-18 15:40:19,887 - BasePage - INFO - The element  was clicked.
2017-07-18 15:40:20,954 - BasePage - INFO - Had find the element ' 实体商品 ' successful by xpath via value: //*[@id='type']/option[2] 
2017-07-18 15:40:20,983 - BasePage - INFO - The element  was clicked.
2017-07-18 15:40:21,073 - BasePage - INFO - Had type ' 现代风格 ' in inputBox
2017-07-18 15:40:21,109 - BasePage - INFO - Had find the element ' 已上架 ' successful by xpath via value: //*[@id='status']/option[3] 
2017-07-18 15:40:21,137 - BasePage - INFO - The element  was clicked.
2017-07-18 15:40:21,171 - BasePage - INFO - Had find the element '  ' successful by xpath via value: //*[@id='queryGoodsForm1']/div/div/label[5]/input 
2017-07-18 15:40:21,256 - BasePage - INFO - The element  was clicked.
2017-07-18 15:40:21,290 - BasePage - INFO - Had find the element ' 搜索 ' successful by xpath via value: //*[@id='queryGoodsForm1']/div/div/a 
2017-07-18 15:40:21,361 - BasePage - INFO - The element  was clicked.
2017-07-18 15:40:32,496 - BasePage - ERROR - NoSuchElementException: Message: no such element: Unable to locate element: {"method":"xpath","selector":"/html/body/div[2]/div[2]/a"}
  (Session info: chrome=59.0.3071.115)
  (Driver info: chromedriver=2.28.455520 (cc17746adff54984afff480136733114c6b3704b),platform=Windows NT 6.1.7601 SP1 x86_64)

2017-07-18 15:40:32,842 - BasePage - INFO - Had take screenshot and save to folder : /screenshots
