2017-07-20 16:42:25,081 - BrowserEngine - INFO - You had select Chrome browser.
2017-07-20 16:42:25,081 - BrowserEngine - INFO - The test server url is: http://bmtest.ematong.com
2017-07-20 16:42:27,198 - BrowserEngine - INFO - Starting Chrome browser.
2017-07-20 16:42:28,071 - BrowserEngine - INFO - Open url: http://bmtest.ematong.com
2017-07-20 16:42:29,493 - BrowserEngine - INFO - Maximize the current window.
2017-07-20 16:42:29,496 - BrowserEngine - INFO - Set implicitly wait 10 seconds.
2017-07-20 16:42:29,552 - BasePage - INFO - Had find the element '  ' successful by id via value: user2 
2017-07-20 16:42:29,631 - BasePage - INFO - Had type ' htest ' in inputBox
2017-07-20 16:42:29,668 - BasePage - INFO - Had find the element '  ' successful by id via value: password2 
2017-07-20 16:42:29,746 - BasePage - INFO - Had type ' 123456 ' in inputBox
2017-07-20 16:42:29,786 - BasePage - INFO - Had find the element '  ' successful by id via value: yzm2 
2017-07-20 16:42:29,869 - BasePage - INFO - Had type ' HY7102$ ' in inputBox
2017-07-20 16:42:29,907 - BasePage - INFO - Had find the element '  ' successful by id via value: submit2 
2017-07-20 16:42:29,963 - BasePage - INFO - The element  was clicked.
2017-07-20 16:42:32,020 - BasePage - INFO - Had take screenshot and save to folder : /screenshots
2017-07-20 16:42:32,068 - BasePage - INFO - Had find the element ' [退出] ' successful by xpath via value: //*[@id='headerLogout'] 
2017-07-20 16:42:32,119 - BasePage - INFO - The element  was clicked.
2017-07-20 16:42:32,266 - BasePage - INFO - Had find the element '  ' successful by id via value: user2 
2017-07-20 16:42:32,357 - BasePage - INFO - Had type ' ytest ' in inputBox
2017-07-20 16:42:32,388 - BasePage - INFO - Had find the element '  ' successful by id via value: password2 
2017-07-20 16:42:32,464 - BasePage - INFO - Had type ' 123456 ' in inputBox
2017-07-20 16:42:32,493 - BasePage - INFO - Had find the element '  ' successful by id via value: yzm2 
2017-07-20 16:42:32,589 - BasePage - INFO - Had type ' HY7102$ ' in inputBox
2017-07-20 16:42:32,615 - BasePage - INFO - Had find the element '  ' successful by id via value: submit2 
2017-07-20 16:42:32,671 - BasePage - INFO - The element  was clicked.
2017-07-20 16:42:33,992 - BasePage - INFO - Had take screenshot and save to folder : /screenshots
2017-07-20 16:42:52,888 - BrowserEngine - INFO - You had select Chrome browser.
2017-07-20 16:42:52,888 - BrowserEngine - INFO - The test server url is: http://bmtest.ematong.com
2017-07-20 16:42:55,099 - BrowserEngine - INFO - Starting Chrome browser.
2017-07-20 16:42:57,062 - BrowserEngine - INFO - Open url: http://bmtest.ematong.com
2017-07-20 16:42:58,486 - BrowserEngine - INFO - Maximize the current window.
2017-07-20 16:42:58,489 - BrowserEngine - INFO - Set implicitly wait 10 seconds.
2017-07-20 16:42:58,540 - BasePage - INFO - Had find the element '  ' successful by id via value: user2 
2017-07-20 16:42:58,615 - BasePage - INFO - Had type ' htest ' in inputBox
2017-07-20 16:42:58,655 - BasePage - INFO - Had find the element '  ' successful by id via value: password2 
2017-07-20 16:42:58,736 - BasePage - INFO - Had type ' 123456 ' in inputBox
2017-07-20 16:42:58,776 - BasePage - INFO - Had find the element '  ' successful by id via value: yzm2 
2017-07-20 16:42:58,861 - BasePage - INFO - Had type ' HY7102$ ' in inputBox
2017-07-20 16:42:58,897 - BasePage - INFO - Had find the element '  ' successful by id via value: submit2 
2017-07-20 16:42:58,957 - BasePage - INFO - The element  was clicked.
2017-07-20 16:43:00,948 - BasePage - INFO - Had take screenshot and save to folder : /screenshots
2017-07-20 16:43:00,994 - BasePage - INFO - Had find the element ' [退出] ' successful by xpath via value: //*[@id='headerLogout'] 
2017-07-20 16:43:01,042 - BasePage - INFO - The element  was clicked.
2017-07-20 16:43:01,174 - BasePage - INFO - Had find the element '  ' successful by id via value: user2 
2017-07-20 16:43:01,253 - BasePage - INFO - Had type ' ytest ' in inputBox
2017-07-20 16:43:01,283 - BasePage - INFO - Had find the element '  ' successful by id via value: password2 
2017-07-20 16:43:01,358 - BasePage - INFO - Had type ' hy2017 ' in inputBox
2017-07-20 16:43:01,384 - BasePage - INFO - Had find the element '  ' successful by id via value: yzm2 
2017-07-20 16:43:01,483 - BasePage - INFO - Had type ' HY7102$ ' in inputBox
2017-07-20 16:43:01,507 - BasePage - INFO - Had find the element '  ' successful by id via value: submit2 
2017-07-20 16:43:01,563 - BasePage - INFO - The element  was clicked.
2017-07-20 16:43:02,944 - BasePage - INFO - Had take screenshot and save to folder : /screenshots
