2017-07-24 17:44:05,023 - BrowserEngine - INFO - You had select Chrome browser.
2017-07-24 17:44:05,023 - BrowserEngine - INFO - The test server url is: http://bmtest.ematong.com
2017-07-24 17:44:07,173 - BrowserEngine - INFO - Starting Chrome browser.
2017-07-24 17:44:08,434 - BrowserEngine - INFO - Open url: http://bmtest.ematong.com
2017-07-24 17:44:09,844 - BrowserEngine - INFO - Maximize the current window.
2017-07-24 17:44:09,845 - BrowserEngine - INFO - Set implicitly wait 10 seconds.
2017-07-24 17:44:09,884 - BasePage - INFO - Had find the element '  ' successful by id via value: user2 
2017-07-24 17:44:09,963 - BasePage - INFO - Had type ' htest ' in inputBox
2017-07-24 17:44:10,000 - BasePage - INFO - Had find the element '  ' successful by id via value: password2 
2017-07-24 17:44:10,082 - BasePage - INFO - Had type ' 123456 ' in inputBox
2017-07-24 17:44:10,121 - BasePage - INFO - Had find the element '  ' successful by id via value: yzm2 
2017-07-24 17:44:10,203 - BasePage - INFO - Had type ' HY7102$ ' in inputBox
2017-07-24 17:44:10,246 - BasePage - INFO - Had find the element '  ' successful by id via value: submit2 
2017-07-24 17:44:10,305 - BasePage - INFO - The element  was clicked.
2017-07-24 17:44:12,358 - BasePage - INFO - Had find the element '  ' successful by xpath via value: /html/body/div/div[3]/div[1]/div[1]/div/div[2]/div[3]/a 
2017-07-24 17:44:14,566 - BasePage - INFO - The element  was clicked.
2017-07-24 17:44:16,430 - BasePage - INFO - The element ' 页面管理 ' was clicked.
2017-07-24 17:44:18,132 - BasePage - INFO - The element ' 列表展示 ' was clicked.
2017-07-24 17:44:18,779 - BasePage - INFO - The element ' 加载页 ' was clicked.
2017-07-24 17:44:19,303 - BasePage - INFO - The element ' 商品详情页 ' was clicked.
2017-07-24 17:44:19,667 - BasePage - INFO - The element ' 自定义页面 ' was clicked.
2017-07-24 17:44:20,298 - BasePage - INFO - The element ' 主页 ' was clicked.
2017-07-24 17:44:22,838 - BasePage - INFO - The element ' 加载页 ' was clicked.
2017-07-24 17:44:22,904 - BasePage - INFO - Had find the element '  ' successful by xpath via value: //*[@id='tloadForm']/div[4]/div/div[2]/table/tbody/tr[1]/td[2]/label[2]/input 
2017-07-24 17:44:22,960 - BasePage - INFO - The element  was clicked.
2017-07-24 17:44:23,003 - BasePage - INFO - Had find the element '  ' successful by xpath via value: //*[@id='tloadForm']/div[4]/div/div[2]/table/tbody/tr[1]/td[2]/label[1]/input 
2017-07-24 17:44:23,052 - BasePage - INFO - The element  was clicked.
2017-07-24 17:44:23,092 - BasePage - INFO - Had find the element ' 开启 ' successful by id via value: openAndColesBtn 
2017-07-24 17:44:23,137 - BasePage - INFO - The element  was clicked.
2017-07-24 17:44:23,171 - BasePage - INFO - Had find the element ' 保存 ' successful by xpath via value: //*[@id='tloadForm']/div[4]/div/div[2]/p/button 
2017-07-24 17:44:23,217 - BasePage - INFO - The element  was clicked.
