2017-07-28 14:27:58,107 - BrowserEngine - INFO - You had select Chrome browser.
2017-07-28 14:27:58,108 - BrowserEngine - INFO - The test server url is: http://bmtest.ematong.com
2017-07-28 14:28:00,289 - BrowserEngine - INFO - Starting Chrome browser.
2017-07-28 14:28:01,312 - BrowserEngine - INFO - Open url: http://bmtest.ematong.com
2017-07-28 14:28:02,733 - BrowserEngine - INFO - Maximize the current window.
2017-07-28 14:28:02,733 - BrowserEngine - INFO - Set implicitly wait 10 seconds.
2017-07-28 14:28:02,772 - BasePage - INFO - Had find the element '  ' successful by id via value: user2 
2017-07-28 14:28:02,849 - BasePage - INFO - Had type ' htest ' in inputBox
2017-07-28 14:28:02,891 - BasePage - INFO - Had find the element '  ' successful by id via value: password2 
2017-07-28 14:28:02,967 - BasePage - INFO - Had type ' 123456 ' in inputBox
2017-07-28 14:28:03,006 - BasePage - INFO - Had find the element '  ' successful by id via value: yzm2 
2017-07-28 14:28:03,096 - BasePage - INFO - Had type ' HY7102$ ' in inputBox
2017-07-28 14:28:03,132 - BasePage - INFO - Had find the element '  ' successful by id via value: submit2 
2017-07-28 14:28:03,190 - BasePage - INFO - The element  was clicked.
2017-07-28 14:28:05,226 - BasePage - INFO - Had find the element '  ' successful by xpath via value: /html/body/div/div[3]/div[1]/div[1]/div/div[2]/div[3]/a 
2017-07-28 14:28:07,312 - BasePage - INFO - The element  was clicked.
2017-07-28 14:28:09,546 - BasePage - INFO - The element ' 分类管理 ' was clicked.
2017-07-28 14:28:11,601 - BasePage - INFO - Had find the element '  ' successful by xpath via value: //*[@id='saveForm']/table/tbody[1]/tr[1]/td[1]/img[1] 
2017-07-28 14:28:11,651 - BasePage - INFO - The element  was clicked.
2017-07-28 14:28:12,711 - BasePage - INFO - Had find the element '  ' successful by xpath via value: //*[@id='saveForm']/table/tbody[2]/tr[1]/td[1]/img[1] 
2017-07-28 14:28:12,763 - BasePage - INFO - The element  was clicked.
2017-07-28 14:28:13,815 - BasePage - INFO - Had find the element '  ' successful by xpath via value: //*[@id='saveForm']/table/tbody[3]/tr[1]/td[1]/img[1] 
2017-07-28 14:28:13,864 - BasePage - INFO - The element  was clicked.
