2017-07-20 15:52:18,313 - BrowserEngine - INFO - You had select Chrome browser.
2017-07-20 15:52:18,313 - BrowserEngine - INFO - The test server url is: http://bmtest.ematong.com
2017-07-20 15:52:20,427 - BrowserEngine - INFO - Starting Chrome browser.
2017-07-20 15:52:21,684 - BrowserEngine - INFO - Open url: http://bmtest.ematong.com
2017-07-20 15:52:23,114 - BrowserEngine - INFO - Maximize the current window.
2017-07-20 15:52:23,115 - BrowserEngine - INFO - Set implicitly wait 10 seconds.
2017-07-20 15:52:23,151 - BasePage - INFO - Had find the element '  ' successful by id via value: user2 
2017-07-20 15:52:23,211 - BasePage - INFO - Had type '  ' in inputBox
2017-07-20 15:52:23,250 - BasePage - INFO - Had find the element '  ' successful by id via value: password2 
2017-07-20 15:52:23,328 - BasePage - INFO - Had type ' 123456 ' in inputBox
2017-07-20 15:52:23,368 - BasePage - INFO - Had find the element '  ' successful by id via value: yzm2 
2017-07-20 15:52:23,450 - BasePage - INFO - Had type ' HY7102$ ' in inputBox
2017-07-20 15:52:23,489 - BasePage - INFO - Had find the element '  ' successful by id via value: submit2 
2017-07-20 15:52:23,552 - BasePage - INFO - The element  was clicked.
2017-07-20 15:52:24,851 - BasePage - INFO - Had take screenshot and save to folder : /screenshots
2017-07-20 15:52:24,881 - BasePage - INFO - Had find the element '  ' successful by id via value: user2 
2017-07-20 15:52:24,913 - BasePage - INFO - Had type ' htest ' in inputBox
2017-07-20 15:52:24,927 - BasePage - INFO - Had find the element '  ' successful by id via value: password2 
2017-07-20 15:52:24,953 - BasePage - INFO - Had type '  ' in inputBox
2017-07-20 15:52:24,970 - BasePage - INFO - Had find the element '  ' successful by id via value: yzm2 
2017-07-20 15:52:25,029 - BasePage - INFO - Had type ' HY7102$ ' in inputBox
2017-07-20 15:52:25,042 - BasePage - INFO - Had find the element '  ' successful by id via value: submit2 
2017-07-20 15:52:25,066 - BasePage - INFO - The element  was clicked.
2017-07-20 15:52:26,385 - BasePage - INFO - Had take screenshot and save to folder : /screenshots
2017-07-20 15:52:26,421 - BasePage - INFO - Had find the element '  ' successful by id via value: user2 
2017-07-20 15:52:26,473 - BasePage - INFO - Had type ' 11221test ' in inputBox
2017-07-20 15:52:26,490 - BasePage - INFO - Had find the element '  ' successful by id via value: password2 
2017-07-20 15:52:26,533 - BasePage - INFO - Had type ' 12345 ' in inputBox
2017-07-20 15:52:26,546 - BasePage - INFO - Had find the element '  ' successful by id via value: yzm2 
2017-07-20 15:52:26,585 - BasePage - INFO - Had type ' HY7102$ ' in inputBox
2017-07-20 15:52:26,598 - BasePage - INFO - Had find the element '  ' successful by id via value: submit2 
2017-07-20 15:52:26,625 - BasePage - INFO - The element  was clicked.
2017-07-20 15:52:27,937 - BasePage - INFO - Had take screenshot and save to folder : /screenshots
