2017-07-18 15:38:26,091 - BrowserEngine - INFO - You had select Chrome browser.
2017-07-18 15:38:26,091 - BrowserEngine - INFO - The test server url is: http://bmtest.ematong.com
2017-07-18 15:38:28,207 - BrowserEngine - INFO - Starting Chrome browser.
2017-07-18 15:38:31,318 - BrowserEngine - INFO - Open url: http://bmtest.ematong.com
2017-07-18 15:38:32,767 - BrowserEngine - INFO - Maximize the current window.
2017-07-18 15:38:32,770 - BrowserEngine - INFO - Set implicitly wait 10 seconds.
2017-07-18 15:38:32,829 - BasePage - INFO - Had find the element '  ' successful by id via value: user2 
2017-07-18 15:38:32,921 - BasePage - INFO - Had type ' htest ' in inputBox
2017-07-18 15:38:32,963 - BasePage - INFO - Had find the element '  ' successful by id via value: password2 
2017-07-18 15:38:33,032 - BasePage - INFO - Had type ' 123456 ' in inputBox
2017-07-18 15:38:33,075 - BasePage - INFO - Had find the element '  ' successful by id via value: submit2 
2017-07-18 15:38:33,132 - BasePage - INFO - The element  was clicked.
2017-07-18 15:38:35,174 - BasePage - INFO - Had find the element '  ' successful by xpath via value: /html/body/div/div[3]/div[1]/div[1]/div/div[2]/div[3]/a 
2017-07-18 15:38:37,171 - BasePage - INFO - The element  was clicked.
2017-07-18 15:38:39,418 - BasePage - INFO - The element ' 优惠套餐 ' was clicked.
2017-07-18 15:38:40,484 - BasePage - INFO - Had find the element '  ' successful by id via value: title 
2017-07-18 15:38:40,604 - BasePage - INFO - Had type ' python自建套餐活动001 ' in inputBox
2017-07-18 15:38:41,676 - BasePage - INFO - Had find the element '  ' successful by id via value: startValidTime 
2017-07-18 15:38:41,809 - BasePage - INFO - Had type ' 2017-08-12 01:23:45 ' in inputBox
2017-07-18 15:38:41,846 - BasePage - INFO - Had find the element '  ' successful by id via value: endValidTime 
2017-07-18 15:38:41,954 - BasePage - INFO - Had type ' 2018-12-30 23:59:59 ' in inputBox
2017-07-18 15:38:41,990 - BasePage - INFO - Had find the element '  ' successful by xpath via value: //*[@id='command']/div[4]/div[2]/table/tbody/tr[1]/td/div/span[2]/input 
2017-07-18 15:38:42,042 - BasePage - INFO - The element  was clicked.
2017-07-18 15:38:42,078 - BasePage - INFO - Had find the element '  ' successful by xpath via value: //*[@id='command']/div[4]/div[2]/table/tbody/tr[1]/td/ul[2]/li[1]/input[1] 
2017-07-18 15:38:42,148 - BasePage - INFO - Had type ' 1 ' in inputBox
2017-07-18 15:38:42,184 - BasePage - INFO - Had find the element '  ' successful by xpath via value: //*[@id='command']/div[4]/div[2]/table/tbody/tr[1]/td/ul[2]/li[1]/input[2] 
2017-07-18 15:38:42,253 - BasePage - INFO - Had type ' 50 ' in inputBox
2017-07-18 15:38:42,289 - BasePage - INFO - Had find the element '  ' successful by xpath via value: //*[@id='command']/div[4]/div[2]/table/tbody/tr[1]/td/ul[2]/li[1]/a 
2017-07-18 15:38:42,335 - BasePage - INFO - The element  was clicked.
2017-07-18 15:38:43,388 - BasePage - INFO - Had find the element '  ' successful by xpath via value: //*[@id='command']/div[4]/div[2]/table/tbody/tr[1]/td/ul[2]/li[2]/a 
2017-07-18 15:38:43,431 - BasePage - INFO - The element  was clicked.
2017-07-18 15:38:44,484 - BasePage - INFO - Had find the element '  ' successful by xpath via value: //*[@id='command']/div[4]/div[2]/table/tbody/tr[2]/td/span[2]/input 
2017-07-18 15:38:44,526 - BasePage - INFO - The element  was clicked.
2017-07-18 15:38:44,562 - BasePage - INFO - Had find the element '  ' successful by xpath via value: //*[@id='command']/div[4]/div[2]/table/tbody/tr[4]/td/span[2]/input 
2017-07-18 15:38:44,604 - BasePage - INFO - The element  was clicked.
2017-07-18 15:38:45,657 - BasePage - INFO - Had find the element ' 添加主商品 ' successful by xpath via value: //*[@id='addMainGoodsTr']/td/a 
2017-07-18 15:38:45,842 - BasePage - INFO - The element  was clicked.
2017-07-18 15:38:46,915 - BasePage - INFO - Had find the element ' 实体商品 ' successful by xpath via value: //*[@id='type']/option[2] 
2017-07-18 15:38:46,946 - BasePage - INFO - The element  was clicked.
2017-07-18 15:38:47,035 - BasePage - INFO - Had type ' 现代风格 ' in inputBox
2017-07-18 15:38:47,071 - BasePage - INFO - Had find the element ' 已上架 ' successful by xpath via value: //*[@id='status']/option[3] 
2017-07-18 15:38:47,099 - BasePage - INFO - The element  was clicked.
2017-07-18 15:38:47,140 - BasePage - INFO - Had find the element '  ' successful by xpath via value: //*[@id='queryGoodsForm1']/div/div/label[5]/input 
2017-07-18 15:38:47,229 - BasePage - INFO - The element  was clicked.
2017-07-18 15:38:47,269 - BasePage - INFO - Had find the element ' 搜索 ' successful by xpath via value: //*[@id='queryGoodsForm1']/div/div/a 
2017-07-18 15:38:47,342 - BasePage - INFO - The element  was clicked.
