2017-07-27 10:43:42,137 - BrowserEngine - INFO - You had select Chrome browser.
2017-07-27 10:43:42,137 - BrowserEngine - INFO - The test server url is: http://bmtest.ematong.com
2017-07-27 10:43:44,311 - BrowserEngine - INFO - Starting Chrome browser.
2017-07-27 10:43:45,549 - BrowserEngine - INFO - Open url: http://bmtest.ematong.com
2017-07-27 10:43:46,993 - BrowserEngine - INFO - Maximize the current window.
2017-07-27 10:43:46,996 - BrowserEngine - INFO - Set implicitly wait 10 seconds.
2017-07-27 10:43:47,033 - BasePage - INFO - Had find the element '  ' successful by id via value: user2 
2017-07-27 10:43:47,112 - BasePage - INFO - Had type ' htest ' in inputBox
2017-07-27 10:43:47,150 - BasePage - INFO - Had find the element '  ' successful by id via value: password2 
2017-07-27 10:43:47,232 - BasePage - INFO - Had type ' 123456 ' in inputBox
2017-07-27 10:43:47,270 - BasePage - INFO - Had find the element '  ' successful by id via value: yzm2 
2017-07-27 10:43:47,351 - BasePage - INFO - Had type ' HY7102$ ' in inputBox
2017-07-27 10:43:47,390 - BasePage - INFO - Had find the element '  ' successful by id via value: submit2 
2017-07-27 10:43:47,447 - BasePage - INFO - The element  was clicked.
2017-07-27 10:43:49,500 - BasePage - INFO - Had find the element '  ' successful by xpath via value: /html/body/div/div[3]/div[1]/div[1]/div/div[2]/div[3]/a 
2017-07-27 10:43:51,532 - BasePage - INFO - The element  was clicked.
2017-07-27 10:43:53,963 - BasePage - INFO - The element ' 商品管理 ' was clicked.
2017-07-27 10:43:55,055 - BasePage - INFO - The element ' 商品列表 ' was clicked.
2017-07-27 10:43:59,359 - BasePage - INFO - Had find the element '  ' successful by xpath via value: /html/body/div[2]/div[3]/a[2] 
2017-07-27 10:43:59,431 - BasePage - INFO - The element  was clicked.
