2017-07-18 23:06:41,782 - BrowserEngine - INFO - You had select Chrome browser.
2017-07-18 23:06:41,782 - BrowserEngine - INFO - The test server url is: http://bmtest.ematong.com
2017-07-18 23:06:44,664 - BrowserEngine - INFO - Starting Chrome browser.
2017-07-18 23:06:46,809 - BrowserEngine - INFO - Open url: http://bmtest.ematong.com
2017-07-18 23:06:48,006 - BrowserEngine - INFO - Maximize the current window.
2017-07-18 23:06:48,007 - BrowserEngine - INFO - Set implicitly wait 10 seconds.
2017-07-18 23:06:48,049 - BasePage - INFO - Had find the element '  ' successful by id via value: user2 
2017-07-18 23:06:48,131 - BasePage - INFO - Had type ' htest ' in inputBox
2017-07-18 23:06:48,167 - BasePage - INFO - Had find the element '  ' successful by id via value: password2 
2017-07-18 23:06:48,240 - BasePage - INFO - Had type ' 123456 ' in inputBox
2017-07-18 23:06:48,276 - BasePage - INFO - Had find the element '  ' successful by id via value: submit2 
2017-07-18 23:06:48,342 - BasePage - INFO - The element  was clicked.
2017-07-18 23:06:50,404 - BasePage - INFO - Had find the element '  ' successful by xpath via value: /html/body/div/div[3]/div[1]/div[1]/div/div[2]/div[3]/a 
2017-07-18 23:06:55,404 - BasePage - INFO - The element  was clicked.
2017-07-18 23:06:56,736 - BasePage - INFO - The element ' 客户管理 ' was clicked.
2017-07-18 23:06:57,844 - BasePage - INFO - Had type ' pwx ' in inputBox
2017-07-18 23:06:57,878 - BasePage - INFO - Had find the element ' 全部状态 ' successful by xpath via value: //*[@name='status']/option[1] 
2017-07-18 23:06:57,907 - BasePage - INFO - The element  was clicked.
2017-07-18 23:06:58,145 - BasePage - INFO - The element ' 搜索 ' was clicked.
2017-07-18 23:06:58,315 - BasePage - INFO - The element ' 查看 ' was clicked.
2017-07-18 23:07:01,444 - BasePage - INFO - The element  was clicked.
