2017-07-26 17:38:00,250 - BrowserEngine - INFO - You had select Chrome browser.
2017-07-26 17:38:00,250 - BrowserEngine - INFO - The test server url is: http://bmtest.ematong.com
2017-07-26 17:38:02,470 - BrowserEngine - INFO - Starting Chrome browser.
2017-07-26 17:38:06,318 - BrowserEngine - INFO - Open url: http://bmtest.ematong.com
2017-07-26 17:38:07,733 - BrowserEngine - INFO - Maximize the current window.
2017-07-26 17:38:07,733 - BrowserEngine - INFO - Set implicitly wait 10 seconds.
2017-07-26 17:38:07,773 - BasePage - INFO - Had find the element '  ' successful by id via value: user2 
2017-07-26 17:38:07,855 - BasePage - INFO - Had type ' htest ' in inputBox
2017-07-26 17:38:07,897 - BasePage - INFO - Had find the element '  ' successful by id via value: password2 
2017-07-26 17:38:07,973 - BasePage - INFO - Had type ' 123456 ' in inputBox
2017-07-26 17:38:08,013 - BasePage - INFO - Had find the element '  ' successful by id via value: yzm2 
2017-07-26 17:38:08,102 - BasePage - INFO - Had type ' HY7102$ ' in inputBox
2017-07-26 17:38:08,140 - BasePage - INFO - Had find the element '  ' successful by id via value: submit2 
2017-07-26 17:38:08,196 - BasePage - INFO - The element  was clicked.
2017-07-26 17:38:10,234 - BasePage - INFO - Had find the element '  ' successful by xpath via value: /html/body/div/div[3]/div[1]/div[1]/div/div[2]/div[3]/a 
2017-07-26 17:38:11,996 - BasePage - INFO - The element  was clicked.
2017-07-26 17:38:13,220 - BasePage - INFO - The element ' 商品管理 ' was clicked.
2017-07-26 17:38:21,433 - BasePage - INFO - The element ' 商品列表 ' was clicked.
2017-07-26 17:38:22,494 - BasePage - INFO - Had find the element ' 23 ' successful by xpath via value: //*[@id='statusCount0'] 
2017-07-26 17:38:22,506 - BasePage - INFO - element_text(xpath=>//*[@id='statusCount0']) is 23
2017-07-26 17:38:22,558 - BasePage - INFO - Had find the element ' 86 ' successful by xpath via value: //*[@id='statusCount1'] 
2017-07-26 17:38:22,565 - BasePage - INFO - element_text(xpath=>//*[@id='statusCount1']) is 86
2017-07-26 17:38:22,617 - BasePage - INFO - Had find the element ' 0 ' successful by xpath via value: //*[@id='statusCount4'] 
2017-07-26 17:38:22,624 - BasePage - INFO - element_text(xpath=>//*[@id='statusCount4']) is 0
2017-07-26 17:38:22,664 - BasePage - INFO - Had find the element ' 12 ' successful by xpath via value: //*[@id='statusCount2'] 
2017-07-26 17:38:22,671 - BasePage - INFO - element_text(xpath=>//*[@id='statusCount2']) is 12
2017-07-26 17:38:22,720 - BasePage - INFO - Had find the element ' 全部
htest总店
20170301002
门店1-1
深圳分店
门店1-4
门店3
门店1-2
20170301
门店4
测试同步
门店1-3
test123
门店1 ' successful by id via value: storeSelect 
2017-07-26 17:38:22,769 - BasePage - INFO - Had type ' 测试同步 ' in inputBox
2017-07-26 17:38:22,809 - BasePage - INFO - Had find the element ' 名称
货号
商品价 ' successful by id via value: goodsAttrSelect 
2017-07-26 17:38:22,849 - BasePage - INFO - Had type ' 商品价 ' in inputBox
2017-07-26 17:38:22,887 - BasePage - INFO - Had find the element '  ' successful by id via value: goodsAttrSelectText 
2017-07-26 17:38:22,970 - BasePage - INFO - Had type ' 50 ' in inputBox
2017-07-26 17:38:24,038 - BasePage - INFO - Had find the element ' 全部
女士服装
女士鞋包
男士服装
男士鞋包
亲子母婴
手机数码
电脑办公
家用电器
个护化妆
家居建材
运动健康
珠宝配饰
食品生鲜
日用百货
汽车摩托
文化玩乐
本地生活
虚拟 ' successful by id via value: oneCategoryId 
2017-07-26 17:38:24,144 - BasePage - INFO - Had type ' 本地生活 ' in inputBox
2017-07-26 17:38:24,193 - BasePage - INFO - Had find the element ' 全部
生活超市
生活服务
订餐服务
餐饮美食
卡券消费
票务
休闲娱乐
旅行酒店
婚庆
丽人
教育 ' successful by id via value: twoCategoryId 
2017-07-26 17:38:24,269 - BasePage - INFO - Had type ' 卡券消费 ' in inputBox
2017-07-26 17:38:24,313 - BasePage - INFO - Had find the element ' 全部
储值卡
美食折扣券
网上平台优惠劵
超市卡
商场/百货购物卡
水电煤缴费
年货购物礼品卡
会员卡/vip卡
配镜优惠券
水果蔬菜礼品卡
其他购物卡
兑换券
提货券 ' successful by id via value: threeCategoryId 
2017-07-26 17:38:24,368 - BasePage - INFO - Had type ' 水果蔬菜礼品卡 ' in inputBox
2017-07-26 17:38:24,404 - BasePage - INFO - Had find the element '                                 全部
                                
                                    实体商品
                                
                                    虚拟商品
                                
                             ' successful by id via value: selectGoodsType1 
2017-07-26 17:38:24,450 - BasePage - INFO - Had type ' 实体商品 ' in inputBox
2017-07-26 17:38:24,493 - BasePage - INFO - Had find the element ' 搜索 ' successful by xpath via value: //*[@id='queryForm']/div/div[1]/div[4]/div/div[1]/a 
2017-07-26 17:38:24,555 - BasePage - INFO - The element  was clicked.
