2017-07-20 16:49:19,707 - BrowserEngine - INFO - You had select Chrome browser.
2017-07-20 16:49:19,707 - BrowserEngine - INFO - The test server url is: http://bmtest.ematong.com
2017-07-20 16:49:21,802 - BrowserEngine - INFO - Starting Chrome browser.
2017-07-20 16:49:23,936 - BrowserEngine - INFO - Open url: http://bmtest.ematong.com
2017-07-20 16:49:25,358 - BrowserEngine - INFO - Maximize the current window.
2017-07-20 16:49:25,358 - BrowserEngine - INFO - Set implicitly wait 10 seconds.
2017-07-20 16:49:25,395 - BasePage - INFO - Had find the element '  ' successful by id via value: user2 
2017-07-20 16:49:25,473 - BasePage - INFO - Had type ' htest ' in inputBox
2017-07-20 16:49:25,515 - BasePage - INFO - Had find the element '  ' successful by id via value: password2 
2017-07-20 16:49:25,589 - BasePage - INFO - Had type ' 123456 ' in inputBox
2017-07-20 16:49:25,630 - BasePage - INFO - Had find the element '  ' successful by id via value: yzm2 
2017-07-20 16:49:25,717 - BasePage - INFO - Had type ' HY7102$ ' in inputBox
2017-07-20 16:49:25,753 - BasePage - INFO - Had find the element '  ' successful by id via value: submit2 
2017-07-20 16:49:25,808 - BasePage - INFO - The element  was clicked.
2017-07-20 16:49:27,753 - BasePage - INFO - Had take screenshot and save to folder : /screenshots
2017-07-20 16:49:27,801 - BasePage - INFO - Had find the element ' [退出] ' successful by xpath via value: //*[@id='headerLogout'] 
2017-07-20 16:49:27,849 - BasePage - INFO - The element  was clicked.
2017-07-20 16:49:27,974 - BasePage - INFO - Had find the element '  ' successful by id via value: user2 
2017-07-20 16:49:28,055 - BasePage - INFO - Had type ' ytest ' in inputBox
2017-07-20 16:49:28,085 - BasePage - INFO - Had find the element '  ' successful by id via value: password2 
2017-07-20 16:49:28,163 - BasePage - INFO - Had type ' hy2017 ' in inputBox
2017-07-20 16:49:28,190 - BasePage - INFO - Had find the element '  ' successful by id via value: yzm2 
2017-07-20 16:49:28,280 - BasePage - INFO - Had type ' HY7102$ ' in inputBox
2017-07-20 16:49:28,308 - BasePage - INFO - Had find the element '  ' successful by id via value: submit2 
2017-07-20 16:49:28,365 - BasePage - INFO - The element  was clicked.
2017-07-20 16:49:29,812 - BasePage - INFO - Had take screenshot and save to folder : /screenshots
