2017-07-20 16:45:17,519 - BrowserEngine - INFO - You had select Chrome browser.
2017-07-20 16:45:17,519 - BrowserEngine - INFO - The test server url is: http://bmtest.ematong.com
2017-07-20 16:45:19,716 - BrowserEngine - INFO - Starting Chrome browser.
2017-07-20 16:45:21,680 - BrowserEngine - INFO - Open url: http://bmtest.ematong.com
2017-07-20 16:45:23,105 - BrowserEngine - INFO - Maximize the current window.
2017-07-20 16:45:23,108 - BrowserEngine - INFO - Set implicitly wait 10 seconds.
2017-07-20 16:45:23,144 - BasePage - INFO - Had find the element '  ' successful by id via value: user2 
2017-07-20 16:45:23,226 - BasePage - INFO - Had type ' htest ' in inputBox
2017-07-20 16:45:23,266 - BasePage - INFO - Had find the element '  ' successful by id via value: password2 
2017-07-20 16:45:23,338 - BasePage - INFO - Had type ' 123456 ' in inputBox
2017-07-20 16:45:23,378 - BasePage - INFO - Had find the element '  ' successful by id via value: yzm2 
2017-07-20 16:45:23,464 - BasePage - INFO - Had type ' HY7102$ ' in inputBox
2017-07-20 16:45:23,503 - BasePage - INFO - Had find the element '  ' successful by id via value: submit2 
2017-07-20 16:45:23,561 - BasePage - INFO - The element  was clicked.
2017-07-20 16:45:25,628 - BasePage - INFO - Had take screenshot and save to folder : /screenshots
2017-07-20 16:45:25,676 - BasePage - INFO - Had find the element ' [退出] ' successful by xpath via value: //*[@id='headerLogout'] 
2017-07-20 16:45:25,723 - BasePage - INFO - The element  was clicked.
2017-07-20 16:45:25,842 - BasePage - INFO - Had find the element '  ' successful by id via value: user2 
2017-07-20 16:45:25,933 - BasePage - INFO - Had type ' ytest ' in inputBox
2017-07-20 16:45:25,963 - BasePage - INFO - Had find the element '  ' successful by id via value: password2 
2017-07-20 16:45:26,059 - BasePage - INFO - Had type ' hy2017 ' in inputBox
2017-07-20 16:45:26,085 - BasePage - INFO - Had find the element '  ' successful by id via value: yzm2 
2017-07-20 16:45:26,177 - BasePage - INFO - Had type ' HY7102$ ' in inputBox
2017-07-20 16:45:26,203 - BasePage - INFO - Had find the element '  ' successful by id via value: submit2 
2017-07-20 16:45:26,259 - BasePage - INFO - The element  was clicked.
2017-07-20 16:45:27,678 - BasePage - INFO - Had take screenshot and save to folder : /screenshots
