2017-07-18 11:17:18,815 - BrowserEngine - INFO - You had select Chrome browser.
2017-07-18 11:17:18,815 - BrowserEngine - INFO - The test server url is: http://bmtest.ematong.com
2017-07-18 11:17:20,917 - BrowserEngine - INFO - Starting Chrome browser.
2017-07-18 11:17:23,013 - BrowserEngine - INFO - Open url: http://bmtest.ematong.com
2017-07-18 11:17:24,451 - BrowserEngine - INFO - Maximize the current window.
2017-07-18 11:17:24,453 - BrowserEngine - INFO - Set implicitly wait 10 seconds.
2017-07-18 11:17:24,492 - BasePage - INFO - Had find the element '  ' successful by id via value: user2 
2017-07-18 11:17:24,571 - BasePage - INFO - Had type ' htest ' in inputBox
2017-07-18 11:17:24,609 - BasePage - INFO - Had find the element '  ' successful by id via value: password2 
2017-07-18 11:17:24,688 - BasePage - INFO - Had type ' 123456 ' in inputBox
2017-07-18 11:17:24,729 - BasePage - INFO - Had find the element '  ' successful by id via value: submit2 
2017-07-18 11:17:24,789 - BasePage - INFO - The element  was clicked.
2017-07-18 11:17:26,842 - BasePage - INFO - Had find the element '  ' successful by xpath via value: /html/body/div/div[3]/div[1]/div[1]/div/div[2]/div[3]/a 
2017-07-18 11:17:28,822 - BasePage - INFO - The element  was clicked.
2017-07-18 11:17:31,030 - BasePage - INFO - The element ' 优惠套餐 ' was clicked.
2017-07-18 11:17:32,079 - BasePage - INFO - Had find the element '  ' successful by id via value: title 
2017-07-18 11:17:32,204 - BasePage - INFO - Had type ' python自建套餐活动001 ' in inputBox
2017-07-18 11:17:33,266 - BasePage - INFO - Had find the element '  ' successful by id via value: startValidTime 
2017-07-18 11:17:33,400 - BasePage - INFO - Had type ' 2017-08-12 01:23:45 ' in inputBox
2017-07-18 11:17:33,438 - BasePage - INFO - Had find the element '  ' successful by id via value: endValidTime 
2017-07-18 11:17:33,542 - BasePage - INFO - Had type ' 2018-12-30 23:59:59 ' in inputBox
2017-07-18 11:17:33,578 - BasePage - INFO - Had find the element '  ' successful by xpath via value: //*[@id='command']/div[4]/div[2]/table/tbody/tr[1]/td/div/span[2]/input 
2017-07-18 11:17:33,628 - BasePage - INFO - The element  was clicked.
2017-07-18 11:17:33,664 - BasePage - INFO - Had find the element '  ' successful by xpath via value: //*[@id='command']/div[4]/div[2]/table/tbody/tr[1]/td/ul[2]/li[1]/input[1] 
2017-07-18 11:17:33,730 - BasePage - INFO - Had type ' 1 ' in inputBox
2017-07-18 11:17:33,766 - BasePage - INFO - Had find the element '  ' successful by xpath via value: //*[@id='command']/div[4]/div[2]/table/tbody/tr[1]/td/ul[2]/li[1]/input[2] 
2017-07-18 11:17:33,828 - BasePage - INFO - Had type ' 50 ' in inputBox
2017-07-18 11:17:33,865 - BasePage - INFO - Had find the element '  ' successful by xpath via value: //*[@id='command']/div[4]/div[2]/table/tbody/tr[1]/td/ul[2]/li[1]/a 
2017-07-18 11:17:33,911 - BasePage - INFO - The element  was clicked.
2017-07-18 11:17:35,970 - BasePage - INFO - Had find the element '  ' successful by xpath via value: //*[@id='command']/div[4]/div[2]/table/tbody/tr[1]/td/ul[2]/li[2]/a 
2017-07-18 11:17:36,017 - BasePage - INFO - The element  was clicked.
2017-07-18 11:17:38,071 - BasePage - INFO - Had find the element '  ' successful by xpath via value: //*[@id='command']/div[4]/div[2]/table/tbody/tr[2]/td/span[2]/input 
2017-07-18 11:17:38,118 - BasePage - INFO - The element  was clicked.
2017-07-18 11:17:38,154 - BasePage - INFO - Had find the element '  ' successful by xpath via value: //*[@id='command']/div[4]/div[2]/table/tbody/tr[4]/td/span[2]/input 
2017-07-18 11:17:38,197 - BasePage - INFO - The element  was clicked.
2017-07-18 11:17:40,233 - BasePage - INFO - Had find the element ' 添加主商品 ' successful by xpath via value: //*[@id='addMainGoodsTr']/td/a 
2017-07-18 11:17:40,394 - BasePage - INFO - The element  was clicked.
