2017-07-18 23:19:43,825 - BrowserEngine - INFO - You had select Chrome browser.
2017-07-18 23:19:43,825 - BrowserEngine - INFO - The test server url is: http://bmtest.ematong.com
2017-07-18 23:19:46,190 - BrowserEngine - INFO - Starting Chrome browser.
2017-07-18 23:19:49,831 - BrowserEngine - INFO - Open url: http://bmtest.ematong.com
2017-07-18 23:19:50,986 - BrowserEngine - INFO - Maximize the current window.
2017-07-18 23:19:50,986 - BrowserEngine - INFO - Set implicitly wait 10 seconds.
2017-07-18 23:19:51,035 - BasePage - INFO - Had find the element '  ' successful by id via value: user2 
2017-07-18 23:19:51,115 - BasePage - INFO - Had type ' htest ' in inputBox
2017-07-18 23:19:51,150 - BasePage - INFO - Had find the element '  ' successful by id via value: password2 
2017-07-18 23:19:51,243 - BasePage - INFO - Had type ' 123456 ' in inputBox
2017-07-18 23:19:51,279 - BasePage - INFO - Had find the element '  ' successful by id via value: submit2 
2017-07-18 23:19:51,335 - BasePage - INFO - The element  was clicked.
2017-07-18 23:19:53,395 - BasePage - INFO - Had find the element '  ' successful by xpath via value: /html/body/div/div[3]/div[1]/div[1]/div/div[2]/div[3]/a 
2017-07-18 23:19:55,453 - BasePage - INFO - The element  was clicked.
2017-07-18 23:19:57,786 - BasePage - INFO - The element ' 属性模板 ' was clicked.
2017-07-18 23:19:59,167 - BasePage - INFO - The element ' 模板列表 ' was clicked.
2017-07-18 23:19:59,466 - BasePage - INFO - The element ' 添加模板 ' was clicked.
2017-07-18 23:19:59,502 - BasePage - INFO - Had find the element ' 服装 ' successful by xpath via value: /html/body/contextpath/div/div[3]/div[1]/div[5]/span[3] 
2017-07-18 23:19:59,545 - BasePage - INFO - The element  was clicked.
2017-07-18 23:19:59,582 - BasePage - INFO - Had find the element ' 食品 ' successful by xpath via value: /html/body/contextpath/div/div[3]/div[1]/div[5]/span[4] 
2017-07-18 23:19:59,661 - BasePage - INFO - The element  was clicked.
2017-07-18 23:19:59,703 - BasePage - INFO - Had find the element ' 珠宝 ' successful by xpath via value: /html/body/contextpath/div/div[3]/div[1]/div[5]/span[5] 
2017-07-18 23:19:59,755 - BasePage - INFO - The element  was clicked.
2017-07-18 23:19:59,799 - BasePage - INFO - Had find the element ' 美鞋 ' successful by xpath via value: /html/body/contextpath/div/div[3]/div[1]/div[5]/span[6] 
2017-07-18 23:19:59,845 - BasePage - INFO - The element  was clicked.
2017-07-18 23:19:59,885 - BasePage - INFO - Had find the element ' 化妆品 ' successful by xpath via value: /html/body/contextpath/div/div[3]/div[1]/div[5]/span[7] 
2017-07-18 23:19:59,933 - BasePage - INFO - The element  was clicked.
2017-07-18 23:19:59,973 - BasePage - INFO - Had find the element ' 自定义 ' successful by xpath via value: /html/body/contextpath/div/div[3]/div[1]/div[5]/span[2] 
2017-07-18 23:20:00,015 - BasePage - INFO - The element  was clicked.
2017-07-18 23:20:00,055 - BasePage - INFO - Had find the element ' 添加 ' successful by id via value: addmodeltemplate 
2017-07-18 23:20:00,098 - BasePage - INFO - The element  was clicked.
2017-07-18 23:20:00,193 - BasePage - INFO - Had type ' seleniumA ' in inputBox
2017-07-18 23:20:00,227 - BasePage - INFO - Had find the element '  ' successful by xpath via value: //*[@id='zdy']/form/table/tbody/tr/td[2]/input[1] 
2017-07-18 23:20:00,292 - BasePage - INFO - Had type ' AAA ' in inputBox
2017-07-18 23:20:00,325 - BasePage - INFO - Had find the element '  ' successful by xpath via value: //*[@id='zdy']/form/table/tbody/tr/td[2]/input[2] 
2017-07-18 23:20:00,413 - BasePage - INFO - Had type ' BBB ' in inputBox
2017-07-18 23:20:00,448 - BasePage - INFO - Had find the element '  ' successful by xpath via value: //*[@id='zdy']/form/table/tbody/tr/td[2]/input[3] 
2017-07-18 23:20:00,510 - BasePage - INFO - Had type ' CCC ' in inputBox
2017-07-18 23:20:00,815 - BasePage - INFO - The element ' 模板列表 ' was clicked.
2017-07-18 23:20:01,878 - BasePage - INFO - Had find the element ' 编辑 ' successful by xpath via value: //*[@id='contentDiv']/div[1]/div/a[1] 
2017-07-18 23:20:02,151 - BasePage - INFO - The element  was clicked.
2017-07-18 23:20:02,187 - BasePage - INFO - Had find the element '  ' successful by xpath via value: //*[@id='edit']/form/table/tbody/tr/td[2]/input[3] 
2017-07-18 23:20:02,207 - BasePage - INFO - Clear text in input box before typing.
2017-07-18 23:20:02,226 - BasePage - INFO - Had find the element '  ' successful by xpath via value: //*[@id='edit']/form/table/tbody/tr/td[2]/input[3] 
2017-07-18 23:20:02,286 - BasePage - INFO - Had type ' ZZZ ' in inputBox
2017-07-18 23:20:03,334 - BasePage - INFO - Had find the element ' 保存 ' successful by xpath via value: //*[@id='edit']/form/p/a[2] 
2017-07-18 23:20:03,698 - BasePage - INFO - The element  was clicked.
2017-07-18 23:20:03,698 - BrowserEngine - INFO - You had select Chrome browser.
2017-07-18 23:20:03,698 - BrowserEngine - INFO - The test server url is: http://bmtest.ematong.com
2017-07-18 23:20:05,795 - BrowserEngine - INFO - Starting Chrome browser.
2017-07-18 23:20:06,887 - BrowserEngine - INFO - Open url: http://bmtest.ematong.com
2017-07-18 23:20:08,051 - BrowserEngine - INFO - Maximize the current window.
2017-07-18 23:20:08,052 - BrowserEngine - INFO - Set implicitly wait 10 seconds.
2017-07-18 23:20:18,079 - BasePage - ERROR - NoSuchElementException: Message: no such element: Unable to locate element: {"method":"id","selector":"kw"}
  (Session info: chrome=59.0.3071.115)
  (Driver info: chromedriver=2.28.455520 (cc17746adff54984afff480136733114c6b3704b),platform=Windows NT 6.1.7601 SP1 x86_64)

2017-07-18 23:20:18,401 - BasePage - INFO - Had take screenshot and save to folder : /screenshots
2017-07-18 23:20:28,459 - BasePage - ERROR - NoSuchElementException: Message: no such element: Unable to locate element: {"method":"id","selector":"kw"}
  (Session info: chrome=59.0.3071.115)
  (Driver info: chromedriver=2.28.455520 (cc17746adff54984afff480136733114c6b3704b),platform=Windows NT 6.1.7601 SP1 x86_64)

2017-07-18 23:20:28,785 - BasePage - INFO - Had take screenshot and save to folder : /screenshots
2017-07-18 23:20:29,832 - BrowserEngine - INFO - You had select Chrome browser.
2017-07-18 23:20:29,832 - BrowserEngine - INFO - The test server url is: http://bmtest.ematong.com
2017-07-18 23:20:31,927 - BrowserEngine - INFO - Starting Chrome browser.
2017-07-18 23:20:33,578 - BrowserEngine - INFO - Open url: http://bmtest.ematong.com
2017-07-18 23:20:34,744 - BrowserEngine - INFO - Maximize the current window.
2017-07-18 23:20:34,746 - BrowserEngine - INFO - Set implicitly wait 10 seconds.
2017-07-18 23:20:34,785 - BasePage - INFO - Had find the element '  ' successful by id via value: user2 
2017-07-18 23:20:34,861 - BasePage - INFO - Had type ' htest ' in inputBox
2017-07-18 23:20:34,904 - BasePage - INFO - Had find the element '  ' successful by id via value: password2 
2017-07-18 23:20:34,976 - BasePage - INFO - Had type ' 123456 ' in inputBox
2017-07-18 23:20:35,013 - BasePage - INFO - Had find the element '  ' successful by id via value: submit2 
2017-07-18 23:20:35,072 - BasePage - INFO - The element  was clicked.
2017-07-18 23:20:37,134 - BasePage - INFO - Had find the element '  ' successful by xpath via value: /html/body/div/div[3]/div[1]/div[1]/div/div[2]/div[3]/a 
2017-07-18 23:20:39,065 - BasePage - INFO - The element  was clicked.
2017-07-18 23:20:40,471 - BasePage - INFO - The element ' 客户管理 ' was clicked.
2017-07-18 23:20:41,578 - BasePage - INFO - Had type ' pwx ' in inputBox
2017-07-18 23:20:41,614 - BasePage - INFO - Had find the element ' 全部状态 ' successful by xpath via value: //*[@name='status']/option[1] 
2017-07-18 23:20:41,642 - BasePage - INFO - The element  was clicked.
2017-07-18 23:20:41,887 - BasePage - INFO - The element ' 搜索 ' was clicked.
2017-07-18 23:20:42,092 - BasePage - INFO - The element ' 查看 ' was clicked.
2017-07-18 23:20:45,253 - BasePage - INFO - The element  was clicked.
2017-07-18 23:20:47,286 - BrowserEngine - INFO - You had select Chrome browser.
2017-07-18 23:20:47,286 - BrowserEngine - INFO - The test server url is: http://bmtest.ematong.com
2017-07-18 23:20:49,380 - BrowserEngine - INFO - Starting Chrome browser.
2017-07-18 23:20:50,480 - BrowserEngine - INFO - Open url: http://bmtest.ematong.com
2017-07-18 23:20:51,642 - BrowserEngine - INFO - Maximize the current window.
2017-07-18 23:20:51,644 - BrowserEngine - INFO - Set implicitly wait 10 seconds.
2017-07-18 23:20:51,681 - BasePage - INFO - Had find the element '  ' successful by id via value: user2 
2017-07-18 23:20:51,753 - BasePage - INFO - Had type ' htest ' in inputBox
2017-07-18 23:20:51,796 - BasePage - INFO - Had find the element '  ' successful by id via value: password2 
2017-07-18 23:20:51,869 - BasePage - INFO - Had type ' 123456 ' in inputBox
2017-07-18 23:20:51,914 - BasePage - INFO - Had find the element '  ' successful by id via value: submit2 
2017-07-18 23:20:51,967 - BasePage - INFO - The element  was clicked.
2017-07-18 23:20:55,010 - BasePage - INFO - Had find the element '  ' successful by xpath via value: /html/body/div/div[3]/div[1]/div[1]/div/div[2]/div[3]/a 
2017-07-18 23:20:56,664 - BasePage - INFO - The element  was clicked.
2017-07-18 23:20:58,996 - BasePage - INFO - The element ' 商品管理 ' was clicked.
2017-07-18 23:21:00,868 - BasePage - INFO - The element ' 发布商品 ' was clicked.
2017-07-18 23:21:00,941 - BasePage - INFO - Had find the element ' 男士服装 ' successful by xpath via value: //*[@id='category1']/p[3] 
2017-07-18 23:21:01,049 - BasePage - INFO - The element  was clicked.
2017-07-18 23:21:01,144 - BasePage - INFO - Had find the element ' 套装 ' successful by xpath via value: //*[@id='category2']/p[2] 
2017-07-18 23:21:01,194 - BasePage - INFO - The element  was clicked.
2017-07-18 23:21:01,295 - BasePage - INFO - Had find the element ' 西装套装 ' successful by xpath via value: //*[@id='category3']/p[1] 
2017-07-18 23:21:01,341 - BasePage - INFO - The element  was clicked.
2017-07-18 23:21:01,378 - BasePage - INFO - Had find the element '                         选择商品类别
                        
                            实体商品
                        
                            虚拟商品
                        
                     ' successful by id via value: selectGoodsType1 
2017-07-18 23:21:01,426 - BasePage - INFO - The select  was clicked.
2017-07-18 23:21:01,469 - BasePage - INFO - Had find the element '  ' successful by id via value: add_goodsname 
2017-07-18 23:21:01,670 - BasePage - INFO - Had type ' python框架001 ' in inputBox
2017-07-18 23:21:01,706 - BasePage - INFO - Had find the element '  ' successful by id via value: add_goodsCode 
2017-07-18 23:21:01,854 - BasePage - INFO - Had type ' goods_code ' in inputBox
2017-07-18 23:21:01,892 - BasePage - INFO - Had find the element '  ' successful by xpath via value: //*[@id='upload_ls']/dd[1]/div[1]/img[2] 
2017-07-18 23:21:02,135 - BasePage - INFO - The element  was clicked.
2017-07-18 23:21:03,289 - BasePage - INFO - The element ' 图库选择 ' was clicked.
2017-07-18 23:21:04,342 - BasePage - INFO - Had find the element '  ' successful by xpath via value: //*[@id='upload-list']/div[1]/div[1]/img 
2017-07-18 23:21:04,417 - BasePage - INFO - The element  was clicked.
2017-07-18 23:21:05,470 - BasePage - INFO - Had find the element ' 确定 ' successful by xpath via value: /html/body/div[4]/div[2]/a[1] 
2017-07-18 23:21:05,519 - BasePage - INFO - The element  was clicked.
2017-07-18 23:21:05,644 - BasePage - INFO - Had find the element '  ' successful by id via value: add_remark 
2017-07-18 23:21:05,878 - BasePage - INFO - Had type ' 这里是商品描述 ' in inputBox
2017-07-18 23:21:06,944 - BasePage - INFO - Had find the element '  ' successful by xpath via value: //*[@id='ejsxTb2']/tbody/tr/td[1]/input 
2017-07-18 23:21:07,046 - BasePage - INFO - Had type ' 111 ' in inputBox
2017-07-18 23:21:07,081 - BasePage - INFO - Had find the element '  ' successful by xpath via value: //*[@id='ejsxTb2']/tbody/tr/td[2]/input 
2017-07-18 23:21:07,163 - BasePage - INFO - Had type ' 222 ' in inputBox
2017-07-18 23:21:07,198 - BasePage - INFO - Had find the element '  ' successful by xpath via value: //*[@id='ejsxTb2']/tbody/tr/td[4]/input 
2017-07-18 23:21:07,278 - BasePage - INFO - Had type ' 333 ' in inputBox
2017-07-18 23:21:07,313 - BasePage - INFO - Had find the element '  ' successful by xpath via value: //*[@id='ejsxTb2']/tbody/tr/td[5]/input 
2017-07-18 23:21:07,397 - BasePage - INFO - Had type ' 444 ' in inputBox
2017-07-18 23:21:08,480 - BasePage - INFO - The element  was clicked.
2017-07-18 23:21:08,526 - BasePage - INFO - Had find the element '  ' successful by xpath via value: //*[@id='page_block_4']/div[4]/table[2]/tbody[2]/tr[1]/td[3]/label/input 
2017-07-18 23:21:08,575 - BasePage - INFO - The element  was clicked.
2017-07-18 23:21:12,611 - BasePage - INFO - Had find the element ' 保存 ' successful by id via value: submitBtn 
2017-07-18 23:21:12,677 - BasePage - INFO - The element  was clicked.
2017-07-18 23:21:18,721 - BrowserEngine - INFO - You had select Chrome browser.
2017-07-18 23:21:18,723 - BrowserEngine - INFO - The test server url is: http://bmtest.ematong.com
2017-07-18 23:21:20,816 - BrowserEngine - INFO - Starting Chrome browser.
2017-07-18 23:21:21,898 - BrowserEngine - INFO - Open url: http://bmtest.ematong.com
2017-07-18 23:21:23,108 - BrowserEngine - INFO - Maximize the current window.
2017-07-18 23:21:23,109 - BrowserEngine - INFO - Set implicitly wait 10 seconds.
2017-07-18 23:21:23,157 - BasePage - INFO - Had find the element '  ' successful by id via value: user2 
2017-07-18 23:21:23,230 - BasePage - INFO - Had type ' htest ' in inputBox
2017-07-18 23:21:23,270 - BasePage - INFO - Had find the element '  ' successful by id via value: password2 
2017-07-18 23:21:23,341 - BasePage - INFO - Had type ' 123456 ' in inputBox
2017-07-18 23:21:23,375 - BasePage - INFO - Had find the element '  ' successful by id via value: submit2 
2017-07-18 23:21:23,437 - BasePage - INFO - The element  was clicked.
2017-07-18 23:21:25,494 - BasePage - INFO - Had find the element '  ' successful by xpath via value: /html/body/div/div[3]/div[1]/div[1]/div/div[2]/div[3]/a 
2017-07-18 23:21:27,441 - BasePage - INFO - The element  was clicked.
2017-07-18 23:21:29,733 - BasePage - INFO - The element ' 优惠套餐 ' was clicked.
2017-07-18 23:21:30,783 - BasePage - INFO - Had find the element '  ' successful by id via value: title 
2017-07-18 23:21:30,904 - BasePage - INFO - Had type ' python自建套餐活动001 ' in inputBox
2017-07-18 23:21:31,980 - BasePage - INFO - Had find the element '  ' successful by id via value: startValidTime 
2017-07-18 23:21:32,115 - BasePage - INFO - Had type ' 2017-08-12 01:23:45 ' in inputBox
2017-07-18 23:21:32,154 - BasePage - INFO - Had find the element '  ' successful by id via value: endValidTime 
2017-07-18 23:21:32,259 - BasePage - INFO - Had type ' 2018-12-30 23:59:59 ' in inputBox
2017-07-18 23:21:32,295 - BasePage - INFO - Had find the element '  ' successful by xpath via value: //*[@id='command']/div[4]/div[2]/table/tbody/tr[1]/td/div/span[2]/input 
2017-07-18 23:21:32,345 - BasePage - INFO - The element  was clicked.
2017-07-18 23:21:32,387 - BasePage - INFO - Had find the element '  ' successful by xpath via value: //*[@id='command']/div[4]/div[2]/table/tbody/tr[1]/td/ul[2]/li[1]/input[1] 
2017-07-18 23:21:32,447 - BasePage - INFO - Had type ' 1 ' in inputBox
2017-07-18 23:21:32,483 - BasePage - INFO - Had find the element '  ' successful by xpath via value: //*[@id='command']/div[4]/div[2]/table/tbody/tr[1]/td/ul[2]/li[1]/input[2] 
2017-07-18 23:21:32,540 - BasePage - INFO - Had type ' 50 ' in inputBox
2017-07-18 23:21:32,575 - BasePage - INFO - Had find the element '  ' successful by xpath via value: //*[@id='command']/div[4]/div[2]/table/tbody/tr[1]/td/ul[2]/li[1]/a 
2017-07-18 23:21:32,624 - BasePage - INFO - The element  was clicked.
2017-07-18 23:21:33,691 - BasePage - INFO - Had find the element '  ' successful by xpath via value: //*[@id='command']/div[4]/div[2]/table/tbody/tr[1]/td/ul[2]/li[2]/a 
2017-07-18 23:21:33,747 - BasePage - INFO - The element  was clicked.
2017-07-18 23:21:34,802 - BasePage - INFO - Had find the element '  ' successful by xpath via value: //*[@id='command']/div[4]/div[2]/table/tbody/tr[2]/td/span[2]/input 
2017-07-18 23:21:34,846 - BasePage - INFO - The element  was clicked.
2017-07-18 23:21:34,881 - BasePage - INFO - Had find the element '  ' successful by xpath via value: //*[@id='command']/div[4]/div[2]/table/tbody/tr[4]/td/span[2]/input 
2017-07-18 23:21:34,934 - BasePage - INFO - The element  was clicked.
2017-07-18 23:21:35,997 - BasePage - INFO - Had find the element ' 添加主商品 ' successful by xpath via value: //*[@id='addMainGoodsTr']/td/a 
2017-07-18 23:21:36,062 - BasePage - INFO - The element  was clicked.
2017-07-18 23:21:37,134 - BasePage - INFO - Had find the element ' 实体商品 ' successful by xpath via value: //*[@id='type']/option[2] 
2017-07-18 23:21:37,177 - BasePage - INFO - The element  was clicked.
2017-07-18 23:21:37,273 - BasePage - INFO - Had type ' 现代风格 ' in inputBox
2017-07-18 23:21:37,309 - BasePage - INFO - Had find the element ' 已上架 ' successful by xpath via value: //*[@id='status']/option[3] 
2017-07-18 23:21:37,338 - BasePage - INFO - The element  was clicked.
2017-07-18 23:21:37,371 - BasePage - INFO - Had find the element '  ' successful by xpath via value: //*[@id='queryGoodsForm1']/div/div/label[5]/input 
2017-07-18 23:21:37,457 - BasePage - INFO - The element  was clicked.
2017-07-18 23:21:37,493 - BasePage - INFO - Had find the element ' 搜索 ' successful by xpath via value: //*[@id='queryGoodsForm1']/div/div/a 
2017-07-18 23:21:37,565 - BasePage - INFO - The element  was clicked.
2017-07-18 23:21:40,618 - BasePage - INFO - Had find the element '  ' successful by xpath via value: //*[@name='goodsIdCheckbox'] 
2017-07-18 23:21:40,697 - BasePage - INFO - The element  was clicked.
2017-07-18 23:21:43,747 - BasePage - INFO - Had find the element '  ' successful by xpath via value: //*[@id='e70ff346-0bcc-4bad-8ff3-460bcc7bade3'] 
2017-07-18 23:21:43,819 - BasePage - INFO - The element  was clicked.
2017-07-18 23:21:44,881 - BasePage - INFO - Had find the element ' 确定 ' successful by xpath via value: /html/body/div[3]/div[2]/a 
2017-07-18 23:21:44,957 - BasePage - INFO - The element  was clicked.
2017-07-18 23:21:46,013 - BasePage - INFO - Had find the element ' 添加搭配商品 ' successful by xpath via value: //*[@id='addFgoodsTr']/td/a 
2017-07-18 23:21:46,148 - BasePage - INFO - The element  was clicked.
2017-07-18 23:21:57,178 - BasePage - ERROR - NoSuchElementException: Message: no such element: Unable to locate element: {"method":"xpath","selector":"//*[@id='6ec316c4-67ae-4dec-8316-c467ae4deca6']"}
  (Session info: chrome=59.0.3071.115)
  (Driver info: chromedriver=2.28.455520 (cc17746adff54984afff480136733114c6b3704b),platform=Windows NT 6.1.7601 SP1 x86_64)

2017-07-18 23:21:57,502 - BasePage - INFO - Had take screenshot and save to folder : /screenshots
2017-07-18 23:21:57,503 - BrowserEngine - INFO - You had select Chrome browser.
2017-07-18 23:21:57,503 - BrowserEngine - INFO - The test server url is: http://bmtest.ematong.com
2017-07-18 23:21:59,588 - BrowserEngine - INFO - Starting Chrome browser.
2017-07-18 23:22:00,582 - BrowserEngine - INFO - Open url: http://bmtest.ematong.com
2017-07-18 23:22:01,749 - BrowserEngine - INFO - Maximize the current window.
2017-07-18 23:22:01,750 - BrowserEngine - INFO - Set implicitly wait 10 seconds.
2017-07-18 23:22:01,795 - BasePage - INFO - Had find the element '  ' successful by id via value: user2 
2017-07-18 23:22:01,877 - BasePage - INFO - Had type ' htest ' in inputBox
2017-07-18 23:22:01,911 - BasePage - INFO - Had find the element '  ' successful by id via value: password2 
2017-07-18 23:22:01,996 - BasePage - INFO - Had type ' 123456 ' in inputBox
2017-07-18 23:22:02,032 - BasePage - INFO - Had find the element '  ' successful by id via value: submit2 
2017-07-18 23:22:02,088 - BasePage - INFO - The element  was clicked.
2017-07-18 23:22:05,131 - BasePage - INFO - Had find the element '  ' successful by xpath via value: /html/body/div/div[3]/div[1]/div[1]/div/div[2]/div[3]/a 
2017-07-18 23:22:06,770 - BasePage - INFO - The element  was clicked.
2017-07-18 23:22:09,338 - BasePage - INFO - The element ' 商品管理 ' was clicked.
2017-07-18 23:22:11,161 - BasePage - INFO - The element ' 发布商品 ' was clicked.
2017-07-18 23:22:11,207 - BasePage - INFO - Had find the element ' 男士服装 ' successful by xpath via value: //*[@id='category1']/p[3] 
2017-07-18 23:22:11,301 - BasePage - INFO - The element  was clicked.
2017-07-18 23:22:11,436 - BasePage - INFO - Had find the element ' 套装 ' successful by xpath via value: //*[@id='category2']/p[2] 
2017-07-18 23:22:11,486 - BasePage - INFO - The element  was clicked.
2017-07-18 23:22:11,601 - BasePage - INFO - Had find the element ' 西装套装 ' successful by xpath via value: //*[@id='category3']/p[1] 
2017-07-18 23:22:11,648 - BasePage - INFO - The element  was clicked.
2017-07-18 23:22:11,684 - BasePage - INFO - Had find the element '                         选择商品类别
                        
                            实体商品
                        
                            虚拟商品
                        
                     ' successful by id via value: selectGoodsType1 
2017-07-18 23:22:11,739 - BasePage - INFO - The select  was clicked.
2017-07-18 23:22:12,789 - BasePage - INFO - Had find the element ' 选择商品类别
储值卡
券 ' successful by id via value: selectGoodsType2 
2017-07-18 23:22:12,842 - BasePage - INFO - The select  was clicked.
2017-07-18 23:22:12,881 - BasePage - INFO - Had find the element '  ' successful by id via value: add_goodsname 
2017-07-18 23:22:13,144 - BasePage - INFO - Had type ' python框架-虚拟商品-储值卡001 ' in inputBox
2017-07-18 23:22:13,180 - BasePage - INFO - Had find the element '  ' successful by id via value: add_goodsCode 
2017-07-18 23:22:13,328 - BasePage - INFO - Had type ' goods_code ' in inputBox
2017-07-18 23:22:13,365 - BasePage - INFO - Had find the element '  ' successful by xpath via value: //*[@id='upload_ls']/dd[1]/div[1]/img[2] 
2017-07-18 23:22:13,553 - BasePage - INFO - The element  was clicked.
2017-07-18 23:22:14,776 - BasePage - INFO - The element ' 图库选择 ' was clicked.
2017-07-18 23:22:15,812 - BasePage - INFO - Had find the element '  ' successful by xpath via value: //*[@id='upload-list']/div[1]/div[1]/img 
2017-07-18 23:22:15,884 - BasePage - INFO - The element  was clicked.
2017-07-18 23:22:16,943 - BasePage - INFO - Had find the element ' 确定 ' successful by xpath via value: /html/body/div[4]/div[2]/a[1] 
2017-07-18 23:22:16,990 - BasePage - INFO - The element  was clicked.
2017-07-18 23:22:17,026 - BasePage - INFO - Had find the element '  ' successful by id via value: add_remark 
2017-07-18 23:22:17,346 - BasePage - INFO - Had type ' 这里是商品描述 ' in inputBox
2017-07-18 23:22:18,395 - BasePage - INFO - Had find the element '  ' successful by xpath via value: //*[@id='ejsxTb2']/tbody/tr/td[1]/input 
2017-07-18 23:22:18,499 - BasePage - INFO - Had type ' 111 ' in inputBox
2017-07-18 23:22:18,532 - BasePage - INFO - Had find the element '  ' successful by xpath via value: //*[@id='ejsxTb2']/tbody/tr/td[2]/input 
2017-07-18 23:22:18,614 - BasePage - INFO - Had type ' 222 ' in inputBox
2017-07-18 23:22:18,648 - BasePage - INFO - Had find the element '  ' successful by xpath via value: //*[@id='ejsxTb2']/tbody/tr/td[3]/input 
2017-07-18 23:22:18,730 - BasePage - INFO - Had type ' 333 ' in inputBox
2017-07-18 23:22:18,766 - BasePage - INFO - Had find the element '  ' successful by xpath via value: //*[@id='ejsxTb2']/tbody/tr/td[4]/input 
2017-07-18 23:22:18,852 - BasePage - INFO - Had type ' 444 ' in inputBox
2017-07-18 23:22:18,888 - BasePage - INFO - Had find the element '  ' successful by xpath via value: //*[@id='ejsxTb2']/tbody/tr/td[5]/input 
2017-07-18 23:22:18,980 - BasePage - INFO - Had type ' 555 ' in inputBox
2017-07-18 23:22:24,035 - BasePage - INFO - Had find the element ' 保存 ' successful by id via value: submitBtn 
2017-07-18 23:22:24,098 - BasePage - INFO - The element  was clicked.
2017-07-18 23:22:30,138 - BrowserEngine - INFO - You had select Chrome browser.
2017-07-18 23:22:30,138 - BrowserEngine - INFO - The test server url is: http://bmtest.ematong.com
2017-07-18 23:22:32,348 - BrowserEngine - INFO - Starting Chrome browser.
2017-07-18 23:22:33,382 - BrowserEngine - INFO - Open url: http://bmtest.ematong.com
2017-07-18 23:22:34,552 - BrowserEngine - INFO - Maximize the current window.
2017-07-18 23:22:34,553 - BrowserEngine - INFO - Set implicitly wait 10 seconds.
2017-07-18 23:22:34,589 - BasePage - INFO - Had find the element '  ' successful by id via value: user2 
2017-07-18 23:22:34,664 - BasePage - INFO - Had type ' htest ' in inputBox
2017-07-18 23:22:34,701 - BasePage - INFO - Had find the element '  ' successful by id via value: password2 
2017-07-18 23:22:34,766 - BasePage - INFO - Had type ' 123456 ' in inputBox
2017-07-18 23:22:34,815 - BasePage - INFO - Had find the element '  ' successful by id via value: submit2 
2017-07-18 23:22:34,869 - BasePage - INFO - The element  was clicked.
2017-07-18 23:22:37,934 - BasePage - INFO - Had find the element '  ' successful by xpath via value: /html/body/div/div[3]/div[1]/div[1]/div/div[2]/div[3]/a 
2017-07-18 23:22:39,607 - BasePage - INFO - The element  was clicked.
2017-07-18 23:22:40,717 - BasePage - INFO - The element ' 商品管理 ' was clicked.
2017-07-18 23:22:42,892 - BasePage - INFO - The element ' 发布商品 ' was clicked.
2017-07-18 23:22:43,006 - BasePage - INFO - Had find the element ' 男士服装 ' successful by xpath via value: //*[@id='category1']/p[3] 
2017-07-18 23:22:43,059 - BasePage - INFO - The element  was clicked.
2017-07-18 23:22:43,155 - BasePage - INFO - Had find the element ' 套装 ' successful by xpath via value: //*[@id='category2']/p[2] 
2017-07-18 23:22:43,206 - BasePage - INFO - The element  was clicked.
2017-07-18 23:22:43,342 - BasePage - INFO - Had find the element ' 西装套装 ' successful by xpath via value: //*[@id='category3']/p[1] 
2017-07-18 23:22:43,404 - BasePage - INFO - The element  was clicked.
2017-07-18 23:22:43,440 - BasePage - INFO - Had find the element '                         选择商品类别
                        
                            实体商品
                        
                            虚拟商品
                        
                     ' successful by id via value: selectGoodsType1 
2017-07-18 23:22:43,496 - BasePage - INFO - The select  was clicked.
2017-07-18 23:22:44,563 - BasePage - INFO - Had find the element ' 选择商品类别
储值卡
券 ' successful by id via value: selectGoodsType2 
2017-07-18 23:22:44,635 - BasePage - INFO - The select  was clicked.
2017-07-18 23:22:44,676 - BasePage - INFO - Had find the element '  ' successful by id via value: add_goodsname 
2017-07-18 23:22:44,940 - BasePage - INFO - Had type ' python框架-虚拟商品-代金券001 ' in inputBox
2017-07-18 23:22:44,976 - BasePage - INFO - Had find the element '  ' successful by id via value: add_goodsCode 
2017-07-18 23:22:45,125 - BasePage - INFO - Had type ' goods_code ' in inputBox
2017-07-18 23:22:45,167 - BasePage - INFO - Had find the element '  ' successful by xpath via value: //*[@id='upload_ls']/dd[1]/div[1]/img[2] 
2017-07-18 23:22:45,322 - BasePage - INFO - The element  was clicked.
2017-07-18 23:22:46,546 - BasePage - INFO - The element ' 图库选择 ' was clicked.
2017-07-18 23:22:47,595 - BasePage - INFO - Had find the element '  ' successful by xpath via value: //*[@id='upload-list']/div[1]/div[1]/img 
2017-07-18 23:22:47,670 - BasePage - INFO - The element  was clicked.
2017-07-18 23:22:48,724 - BasePage - INFO - Had find the element ' 确定 ' successful by xpath via value: /html/body/div[4]/div[2]/a[1] 
2017-07-18 23:22:48,772 - BasePage - INFO - The element  was clicked.
2017-07-18 23:22:48,809 - BasePage - INFO - Had find the element '  ' successful by id via value: add_remark 
2017-07-18 23:22:49,128 - BasePage - INFO - Had type ' 这里是商品描述 ' in inputBox
2017-07-18 23:22:50,184 - BasePage - INFO - Had find the element '  ' successful by xpath via value: //*[@id='ejsxTb2']/tbody/tr/td[1]/input 
2017-07-18 23:22:50,286 - BasePage - INFO - Had type ' 111 ' in inputBox
2017-07-18 23:22:50,322 - BasePage - INFO - Had find the element '  ' successful by xpath via value: //*[@id='ejsxTb2']/tbody/tr/td[2]/input 
2017-07-18 23:22:50,404 - BasePage - INFO - Had type ' 222 ' in inputBox
2017-07-18 23:22:50,440 - BasePage - INFO - Had find the element '  ' successful by xpath via value: //*[@id='ejsxTb2']/tbody/tr/td[5]/input 
2017-07-18 23:22:50,523 - BasePage - INFO - Had type ' 555 ' in inputBox
2017-07-18 23:22:51,690 - BasePage - INFO - The element ' 点击选择 ' was clicked.
2017-07-18 23:22:52,750 - BasePage - INFO - Had find the element ' 选 择 ' successful by xpath via value: //*[@id='a38a167c-a290-408f-8a16-7ca290808f1b']/td[5]/a 
2017-07-18 23:22:52,838 - BasePage - INFO - The element  was clicked.
2017-07-18 23:22:57,903 - BasePage - INFO - Had find the element ' 保存 ' successful by id via value: submitBtn 
2017-07-18 23:22:57,964 - BasePage - INFO - The element  was clicked.
2017-07-18 23:23:04,033 - BrowserEngine - INFO - You had select Chrome browser.
2017-07-18 23:23:04,035 - BrowserEngine - INFO - The test server url is: http://bmtest.ematong.com
2017-07-18 23:23:06,134 - BrowserEngine - INFO - Starting Chrome browser.
2017-07-18 23:23:09,223 - BrowserEngine - INFO - Open url: http://bmtest.ematong.com
2017-07-18 23:23:10,420 - BrowserEngine - INFO - Maximize the current window.
2017-07-18 23:23:10,421 - BrowserEngine - INFO - Set implicitly wait 10 seconds.
2017-07-18 23:23:10,457 - BasePage - INFO - Had find the element '  ' successful by id via value: user2 
2017-07-18 23:23:10,540 - BasePage - INFO - Had type ' htest ' in inputBox
2017-07-18 23:23:10,584 - BasePage - INFO - Had find the element '  ' successful by id via value: password2 
2017-07-18 23:23:10,658 - BasePage - INFO - Had type ' 123456 ' in inputBox
2017-07-18 23:23:10,696 - BasePage - INFO - Had find the element '  ' successful by id via value: submit2 
2017-07-18 23:23:10,772 - BasePage - INFO - The element  was clicked.
2017-07-18 23:23:12,838 - BasePage - INFO - Had find the element '  ' successful by xpath via value: /html/body/div/div[3]/div[1]/div[1]/div/div[2]/div[3]/a 
2017-07-18 23:23:14,724 - BasePage - INFO - The element  was clicked.
2017-07-18 23:23:17,023 - BasePage - INFO - The element ' 时间模板 ' was clicked.
2017-07-18 23:23:18,086 - BasePage - INFO - Had find the element '  ' successful by id via value: default1 
2017-07-18 23:23:18,163 - BasePage - INFO - the checkbox is click.
2017-07-18 23:23:19,187 - BasePage - INFO - Had find the element '  ' successful by id via value: default1 
2017-07-18 23:23:19,226 - BasePage - INFO - the checkbox is cancel.
2017-07-18 23:23:19,275 - BasePage - INFO - Had find the element '  ' successful by id via value: exptype1 
2017-07-18 23:23:19,329 - BasePage - INFO - The element  was clicked.
2017-07-18 23:23:19,365 - BasePage - INFO - Had find the element ' 购买第三日起 ' successful by xpath via value: //*[@id='beforegd1']/option[3] 
2017-07-18 23:23:19,394 - BasePage - INFO - The element  was clicked.
2017-07-18 23:23:19,473 - BasePage - INFO - Had type ' 9 ' in inputBox
2017-07-18 23:23:20,525 - BasePage - INFO - Had find the element '  ' successful by id via value: exptype2 
2017-07-18 23:23:20,569 - BasePage - INFO - The element  was clicked.
2017-07-18 23:23:20,605 - BasePage - INFO - Had find the element ' 购买第五日起 ' successful by xpath via value: //*[@id='beforegd2']/option[5] 
2017-07-18 23:23:20,634 - BasePage - INFO - The element  was clicked.
2017-07-18 23:23:20,773 - BasePage - INFO - Had type ' 2017-08-12 ' in inputBox
2017-07-18 23:23:21,835 - BasePage - INFO - Had find the element '  ' successful by id via value: exptype3 
2017-07-18 23:23:21,895 - BasePage - INFO - The element  was clicked.
2017-07-18 23:23:21,938 - BasePage - INFO - Had find the element '  ' successful by id via value: startexpire 
2017-07-18 23:23:22,023 - BasePage - INFO - Had type ' 2017-07-15 ' in inputBox
2017-07-18 23:23:22,062 - BasePage - INFO - Had find the element '  ' successful by id via value: endexpire 
2017-07-18 23:23:22,154 - BasePage - INFO - Had type ' 2017-08-30 ' in inputBox
2017-07-18 23:23:23,216 - BasePage - INFO - Had find the element '  ' successful by id via value: buytime-check 
2017-07-18 23:23:23,292 - BasePage - INFO - the checkbox is click.
2017-07-18 23:23:23,395 - BasePage - INFO - Had type ' 20:35 ' in inputBox
2017-07-18 23:23:24,421 - BasePage - INFO - Had find the element '  ' successful by id via value: buytime-check 
2017-07-18 23:23:24,457 - BasePage - INFO - the checkbox is cancel.
2017-07-18 23:23:24,553 - BasePage - INFO - Had type ' 08:00 ' in inputBox
2017-07-18 23:23:24,647 - BasePage - INFO - Had type ' 12:35 ' in inputBox
2017-07-18 23:23:24,680 - BasePage - INFO - Had find the element ' 添加时间段 ' successful by id via value: addTime1 
2017-07-18 23:23:24,727 - BasePage - INFO - The element  was clicked.
2017-07-18 23:23:25,818 - BasePage - INFO - Had type ' 14:55 ' in inputBox
2017-07-18 23:23:25,867 - BasePage - INFO - Had type ' 19:00 ' in inputBox
2017-07-18 23:23:25,878 - BasePage - INFO - Had find the element ' 添加时间段 ' successful by id via value: addTime1 
2017-07-18 23:23:25,901 - BasePage - INFO - The element  was clicked.
2017-07-18 23:23:30,943 - BasePage - INFO - Had find the element ' 保存 ' successful by xpath via value: //*[@id='deliveryTime']/p/button 
2017-07-18 23:23:31,012 - BasePage - INFO - The element  was clicked.
2017-07-18 23:23:33,048 - BrowserEngine - INFO - You had select Chrome browser.
2017-07-18 23:23:33,049 - BrowserEngine - INFO - The test server url is: http://bmtest.ematong.com
2017-07-18 23:23:35,128 - BrowserEngine - INFO - Starting Chrome browser.
2017-07-18 23:23:36,036 - BrowserEngine - INFO - Open url: http://bmtest.ematong.com
2017-07-18 23:23:37,209 - BrowserEngine - INFO - Maximize the current window.
2017-07-18 23:23:37,210 - BrowserEngine - INFO - Set implicitly wait 10 seconds.
2017-07-18 23:23:37,256 - BasePage - INFO - Had find the element '  ' successful by id via value: user2 
2017-07-18 23:23:37,336 - BasePage - INFO - Had type ' htest ' in inputBox
2017-07-18 23:23:37,371 - BasePage - INFO - Had find the element '  ' successful by id via value: password2 
2017-07-18 23:23:37,461 - BasePage - INFO - Had type ' 123456 ' in inputBox
2017-07-18 23:23:37,497 - BasePage - INFO - Had find the element '  ' successful by id via value: submit2 
2017-07-18 23:23:37,559 - BasePage - INFO - The element  was clicked.
2017-07-18 23:23:39,891 - BasePage - INFO - Had take screenshot and save to folder : /screenshots
2017-07-18 23:23:39,930 - BasePage - INFO - Had find the element '  ' successful by xpath via value: /html/body/div/div[3]/div[1]/div[1]/div/div[2]/div[3]/a 
2017-07-18 23:23:41,032 - BrowserEngine - INFO - You had select Chrome browser.
2017-07-18 23:23:41,032 - BrowserEngine - INFO - The test server url is: http://bmtest.ematong.com
2017-07-18 23:23:43,134 - BrowserEngine - INFO - Starting Chrome browser.
2017-07-18 23:23:44,128 - BrowserEngine - INFO - Open url: http://bmtest.ematong.com
2017-07-18 23:23:45,315 - BrowserEngine - INFO - Maximize the current window.
2017-07-18 23:23:45,316 - BrowserEngine - INFO - Set implicitly wait 10 seconds.
2017-07-18 23:23:45,321 - BasePage - INFO - Current page title is Linke领客O2O电商平台|零售门店社交化分销平台|华阳信通
2017-07-18 23:23:47,346 - BrowserEngine - INFO - You had select Chrome browser.
2017-07-18 23:23:47,348 - BrowserEngine - INFO - The test server url is: http://bmtest.ematong.com
2017-07-18 23:23:49,460 - BrowserEngine - INFO - Starting Chrome browser.
2017-07-18 23:23:50,446 - BrowserEngine - INFO - Open url: http://bmtest.ematong.com
2017-07-18 23:23:51,622 - BrowserEngine - INFO - Maximize the current window.
2017-07-18 23:23:51,625 - BrowserEngine - INFO - Set implicitly wait 10 seconds.
2017-07-18 23:23:51,667 - BasePage - INFO - Had find the element '  ' successful by id via value: user2 
2017-07-18 23:23:51,750 - BasePage - INFO - Had type ' htest ' in inputBox
2017-07-18 23:23:51,786 - BasePage - INFO - Had find the element '  ' successful by id via value: password2 
2017-07-18 23:23:51,871 - BasePage - INFO - Had type ' 123456 ' in inputBox
2017-07-18 23:23:51,907 - BasePage - INFO - Had find the element '  ' successful by id via value: submit2 
2017-07-18 23:23:51,967 - BasePage - INFO - The element  was clicked.
2017-07-18 23:23:54,032 - BasePage - INFO - Had find the element '  ' successful by xpath via value: /html/body/div/div[3]/div[1]/div[1]/div/div[2]/div[3]/a 
2017-07-18 23:23:55,846 - BasePage - INFO - The element  was clicked.
2017-07-18 23:23:57,242 - BasePage - INFO - The element ' 商品促销 ' was clicked.
2017-07-18 23:23:58,562 - BasePage - INFO - The element ' 限购 ' was clicked.
2017-07-18 23:23:58,946 - BasePage - INFO - The element ' 积分抵扣 ' was clicked.
2017-07-18 23:23:59,230 - BasePage - INFO - The element ' 代金券抵扣 ' was clicked.
2017-07-18 23:23:59,622 - BasePage - INFO - The element ' 满包邮设置 ' was clicked.
2017-07-18 23:23:59,936 - BasePage - INFO - The element ' 推荐 ' was clicked.
2017-07-18 23:24:00,973 - BasePage - INFO - Had find the element ' 名称 ' successful by xpath via value: //*[@id='searchKeywordType']/option[2] 
2017-07-18 23:24:01,003 - BasePage - INFO - The element  was clicked.
2017-07-18 23:24:01,043 - BasePage - INFO - Had find the element '  ' successful by id via value: keyword 
2017-07-18 23:24:01,102 - BasePage - INFO - Had type ' ABC ' in inputBox
2017-07-18 23:24:01,138 - BasePage - INFO - Had find the element ' 搜索 ' successful by id via value: searchQuery1 
2017-07-18 23:24:01,184 - BasePage - INFO - The element  was clicked.
2017-07-18 23:24:01,220 - BasePage - INFO - Had find the element ' 保存 ' successful by id via value: sub-btn 
2017-07-18 23:24:01,266 - BasePage - INFO - The element  was clicked.
2017-07-18 23:24:01,266 - BrowserEngine - INFO - You had select Chrome browser.
2017-07-18 23:24:01,266 - BrowserEngine - INFO - The test server url is: http://bmtest.ematong.com
2017-07-18 23:24:03,358 - BrowserEngine - INFO - Starting Chrome browser.
2017-07-18 23:24:04,661 - BrowserEngine - INFO - Open url: http://bmtest.ematong.com
2017-07-18 23:24:05,834 - BrowserEngine - INFO - Maximize the current window.
2017-07-18 23:24:05,835 - BrowserEngine - INFO - Set implicitly wait 10 seconds.
2017-07-18 23:24:05,887 - BasePage - INFO - Had find the element '  ' successful by id via value: user2 
2017-07-18 23:24:05,973 - BasePage - INFO - Had type ' htest ' in inputBox
2017-07-18 23:24:06,009 - BasePage - INFO - Had find the element '  ' successful by id via value: password2 
2017-07-18 23:24:06,085 - BasePage - INFO - Had type ' 123456 ' in inputBox
2017-07-18 23:24:06,124 - BasePage - INFO - Had find the element '  ' successful by id via value: submit2 
2017-07-18 23:24:06,190 - BasePage - INFO - The element  was clicked.
2017-07-18 23:24:08,517 - BasePage - INFO - Had take screenshot and save to folder : /screenshots
2017-07-18 23:24:08,555 - BasePage - INFO - Had find the element '  ' successful by xpath via value: /html/body/div/div[3]/div[1]/div[1]/div/div[2]/div[3]/a 
2017-07-18 23:24:10,657 - BrowserEngine - INFO - You had select Chrome browser.
2017-07-18 23:24:10,657 - BrowserEngine - INFO - The test server url is: http://bmtest.ematong.com
2017-07-18 23:24:12,711 - BrowserEngine - INFO - Starting Chrome browser.
2017-07-18 23:24:15,063 - BrowserEngine - INFO - Open url: http://bmtest.ematong.com
2017-07-18 23:24:16,226 - BrowserEngine - INFO - Maximize the current window.
2017-07-18 23:24:16,229 - BrowserEngine - INFO - Set implicitly wait 10 seconds.
2017-07-18 23:24:16,282 - BasePage - INFO - Had find the element '  ' successful by id via value: user2 
2017-07-18 23:24:16,369 - BasePage - INFO - Had type ' htest ' in inputBox
2017-07-18 23:24:16,410 - BasePage - INFO - Had find the element '  ' successful by id via value: password2 
2017-07-18 23:24:16,486 - BasePage - INFO - Had type ' 123456 ' in inputBox
2017-07-18 23:24:16,520 - BasePage - INFO - Had find the element '  ' successful by id via value: submit2 
2017-07-18 23:24:16,575 - BasePage - INFO - The element  was clicked.
2017-07-18 23:24:19,618 - BasePage - INFO - Had find the element '  ' successful by xpath via value: /html/body/div/div[3]/div[1]/div[1]/div/div[2]/div[3]/a 
2017-07-18 23:24:21,415 - BasePage - INFO - The element  was clicked.
2017-07-18 23:24:22,808 - BasePage - INFO - The element ' 订单管理 ' was clicked.
2017-07-18 23:24:24,151 - BasePage - INFO - The element ' 交易统计 ' was clicked.
2017-07-18 23:24:24,559 - BasePage - INFO - The element ' 订单统计 ' was clicked.
2017-07-18 23:24:25,013 - BasePage - INFO - The element ' 订单列表 ' was clicked.
2017-07-18 23:24:26,075 - BasePage - INFO - Had find the element '  ' successful by id via value: payTimeBegin 
2017-07-18 23:24:26,269 - BasePage - INFO - Had type ' 2015-07-18 11:35 ' in inputBox
2017-07-18 23:24:26,306 - BasePage - INFO - Had find the element '  ' successful by id via value: payTimeEnd 
2017-07-18 23:24:26,450 - BasePage - INFO - Had type ' 2017-07-18 11:35 ' in inputBox
2017-07-18 23:24:26,493 - BasePage - INFO - Had find the element '  ' successful by id via value: createTimeBegin 
2017-07-18 23:24:26,641 - BasePage - INFO - Had type ' 2015-07-18 11:35 ' in inputBox
2017-07-18 23:24:26,677 - BasePage - INFO - Had find the element '  ' successful by id via value: createTimeEnd 
2017-07-18 23:24:26,825 - BasePage - INFO - Had type ' 2017-07-18 11:35 ' in inputBox
2017-07-18 23:24:26,859 - BasePage - INFO - Had find the element ' 搜索 ' successful by id via value: searchQuery1 
2017-07-18 23:24:27,986 - BrowserEngine - INFO - You had select Chrome browser.
2017-07-18 23:24:27,987 - BrowserEngine - INFO - The test server url is: http://bmtest.ematong.com
2017-07-18 23:24:30,161 - BrowserEngine - INFO - Starting Chrome browser.
2017-07-18 23:24:31,267 - BrowserEngine - INFO - Open url: http://bmtest.ematong.com
2017-07-18 23:24:32,438 - BrowserEngine - INFO - Maximize the current window.
2017-07-18 23:24:32,440 - BrowserEngine - INFO - Set implicitly wait 10 seconds.
2017-07-18 23:24:32,476 - BasePage - INFO - Had find the element '  ' successful by id via value: user2 
2017-07-18 23:24:32,558 - BasePage - INFO - Had type ' htest ' in inputBox
2017-07-18 23:24:32,592 - BasePage - INFO - Had find the element '  ' successful by id via value: password2 
2017-07-18 23:24:32,686 - BasePage - INFO - Had type ' 123456 ' in inputBox
2017-07-18 23:24:32,721 - BasePage - INFO - Had find the element '  ' successful by id via value: submit2 
2017-07-18 23:24:32,775 - BasePage - INFO - The element  was clicked.
2017-07-18 23:24:34,828 - BasePage - INFO - Had find the element '  ' successful by xpath via value: /html/body/div/div[3]/div[1]/div[1]/div/div[2]/div[3]/a 
2017-07-18 23:24:36,642 - BasePage - INFO - The element  was clicked.
2017-07-18 23:24:38,674 - BasePage - INFO - The element ' 页面管理 ' was clicked.
2017-07-18 23:24:40,276 - BasePage - INFO - The element ' 列表展示 ' was clicked.
2017-07-18 23:24:41,740 - BasePage - INFO - The element ' 自定义页面 ' was clicked.
2017-07-18 23:24:42,802 - BrowserEngine - INFO - You had select Chrome browser.
2017-07-18 23:24:42,803 - BrowserEngine - INFO - The test server url is: http://bmtest.ematong.com
2017-07-18 23:24:44,904 - BrowserEngine - INFO - Starting Chrome browser.
2017-07-18 23:24:45,832 - BrowserEngine - INFO - Open url: http://bmtest.ematong.com
2017-07-18 23:24:46,990 - BrowserEngine - INFO - Maximize the current window.
2017-07-18 23:24:46,990 - BrowserEngine - INFO - Set implicitly wait 10 seconds.
2017-07-18 23:24:47,028 - BasePage - INFO - Had find the element '  ' successful by id via value: user2 
2017-07-18 23:24:47,101 - BasePage - INFO - Had type ' htest ' in inputBox
2017-07-18 23:24:47,138 - BasePage - INFO - Had find the element '  ' successful by id via value: password2 
2017-07-18 23:24:47,213 - BasePage - INFO - Had type ' 123456 ' in inputBox
2017-07-18 23:24:47,257 - BasePage - INFO - Had find the element '  ' successful by id via value: submit2 
2017-07-18 23:24:47,319 - BasePage - INFO - The element  was clicked.
2017-07-18 23:24:49,378 - BasePage - INFO - Had find the element '  ' successful by xpath via value: /html/body/div/div[3]/div[1]/div[1]/div/div[2]/div[3]/a 
2017-07-18 23:24:51,572 - BasePage - INFO - The element  was clicked.
2017-07-18 23:24:53,776 - BasePage - INFO - The element ' 配送模板 ' was clicked.
2017-07-18 23:24:54,966 - BasePage - INFO - The element ' 添加配送区域 ' was clicked.
2017-07-18 23:24:55,210 - BasePage - INFO - Had type ' selenium0706 ' in inputBox
2017-07-18 23:24:55,246 - BasePage - INFO - Had find the element ' 添　加 ' successful by id via value: show-city 
2017-07-18 23:24:55,444 - BasePage - INFO - The element  was clicked.
2017-07-18 23:24:58,072 - BrowserEngine - INFO - You had select Chrome browser.
2017-07-18 23:24:58,072 - BrowserEngine - INFO - The test server url is: http://bmtest.ematong.com
2017-07-18 23:25:00,174 - BrowserEngine - INFO - Starting Chrome browser.
2017-07-18 23:25:01,141 - BrowserEngine - INFO - Open url: http://bmtest.ematong.com
2017-07-18 23:25:02,311 - BrowserEngine - INFO - Maximize the current window.
2017-07-18 23:25:02,313 - BrowserEngine - INFO - Set implicitly wait 10 seconds.
2017-07-18 23:25:02,364 - BasePage - INFO - Had find the element '  ' successful by id via value: user2 
2017-07-18 23:25:02,440 - BasePage - INFO - Had type ' htest ' in inputBox
2017-07-18 23:25:02,483 - BasePage - INFO - Had find the element '  ' successful by id via value: password2 
2017-07-18 23:25:02,551 - BasePage - INFO - Had type ' 123456 ' in inputBox
2017-07-18 23:25:02,588 - BasePage - INFO - Had find the element '  ' successful by id via value: submit2 
2017-07-18 23:25:02,648 - BasePage - INFO - The element  was clicked.
2017-07-18 23:25:04,706 - BasePage - INFO - Had find the element '  ' successful by xpath via value: /html/body/div/div[3]/div[1]/div[1]/div/div[2]/div[3]/a 
2017-07-18 23:25:06,632 - BasePage - INFO - The element  was clicked.
2017-07-18 23:25:08,934 - BasePage - INFO - The element ' 运费模板 ' was clicked.
2017-07-18 23:25:10,200 - BasePage - INFO - The element ' 添加运费模板 ' was clicked.
2017-07-18 23:25:10,405 - BasePage - INFO - Had type ' selenium0706 ' in inputBox
2017-07-18 23:25:10,441 - BasePage - INFO - Had find the element '  ' successful by xpath via value: //*[@id='shipmentTemplate']/div/table/tbody/tr[3]/td/label[2]/input 
2017-07-18 23:25:10,529 - BasePage - INFO - The element  was clicked.
2017-07-18 23:25:10,566 - BasePage - INFO - Had find the element '  ' successful by id via value: first 
2017-07-18 23:25:10,624 - BasePage - INFO - Had type ' 1 ' in inputBox
2017-07-18 23:25:10,658 - BasePage - INFO - Had find the element '  ' successful by xpath via value: //*[@id='shipmentTemplate']/div/div[3]/div[2]/table[1]/tbody/tr/td/input[2] 
2017-07-18 23:25:10,717 - BasePage - INFO - Had type ' 2 ' in inputBox
2017-07-18 23:25:10,750 - BasePage - INFO - Had find the element '  ' successful by id via value: append 
2017-07-18 23:25:10,806 - BasePage - INFO - Had type ' 3 ' in inputBox
2017-07-18 23:25:10,842 - BasePage - INFO - Had find the element '  ' successful by xpath via value: //*[@id='shipmentTemplate']/div/div[3]/div[2]/table[1]/tbody/tr/td/input[4] 
2017-07-18 23:25:10,900 - BasePage - INFO - Had type ' 4 ' in inputBox
2017-07-18 23:25:11,967 - BasePage - INFO - Had find the element ' 确定 ' successful by xpath via value: /html/body/div[2]/div[2]/a 
2017-07-18 23:25:12,029 - BasePage - INFO - The element  was clicked.
