2017-07-27 15:40:20,763 - BrowserEngine - INFO - You had select Chrome browser.
2017-07-27 15:40:20,763 - BrowserEngine - INFO - The test server url is: http://bmtest.ematong.com
2017-07-27 15:40:22,887 - BrowserEngine - INFO - Starting Chrome browser.
2017-07-27 15:40:23,825 - BrowserEngine - INFO - Open url: http://bmtest.ematong.com
2017-07-27 15:40:25,266 - BrowserEngine - INFO - Maximize the current window.
2017-07-27 15:40:25,267 - BrowserEngine - INFO - Set implicitly wait 10 seconds.
2017-07-27 15:40:25,306 - BasePage - INFO - Had find the element '  ' successful by id via value: user2 
2017-07-27 15:40:25,387 - BasePage - INFO - Had type ' htest ' in inputBox
2017-07-27 15:40:25,427 - BasePage - INFO - Had find the element '  ' successful by id via value: password2 
2017-07-27 15:40:25,506 - BasePage - INFO - Had type ' 123456 ' in inputBox
2017-07-27 15:40:25,546 - BasePage - INFO - Had find the element '  ' successful by id via value: yzm2 
2017-07-27 15:40:25,654 - BasePage - INFO - Had type ' HY7102$ ' in inputBox
2017-07-27 15:40:25,698 - BasePage - INFO - Had find the element '  ' successful by id via value: submit2 
2017-07-27 15:40:25,756 - BasePage - INFO - The element  was clicked.
2017-07-27 15:40:28,167 - BasePage - INFO - Had find the element '  ' successful by xpath via value: /html/body/div/div[3]/div[1]/div[1]/div/div[2]/div[3]/a 
2017-07-27 15:40:30,545 - BasePage - INFO - The element  was clicked.
2017-07-27 15:40:33,484 - BasePage - INFO - The element ' 商品管理 ' was clicked.
2017-07-27 15:40:34,585 - BasePage - INFO - The element ' 商品列表 ' was clicked.
2017-07-27 15:40:54,755 - BrowserEngine - INFO - You had select Chrome browser.
2017-07-27 15:40:54,755 - BrowserEngine - INFO - The test server url is: http://bmtest.ematong.com
2017-07-27 15:40:56,881 - BrowserEngine - INFO - Starting Chrome browser.
2017-07-27 15:40:57,723 - BrowserEngine - INFO - Open url: http://bmtest.ematong.com
2017-07-27 15:40:59,151 - BrowserEngine - INFO - Maximize the current window.
2017-07-27 15:40:59,154 - BrowserEngine - INFO - Set implicitly wait 10 seconds.
2017-07-27 15:40:59,213 - BasePage - INFO - Had find the element '  ' successful by id via value: user2 
2017-07-27 15:40:59,289 - BasePage - INFO - Had type ' htest ' in inputBox
2017-07-27 15:40:59,328 - BasePage - INFO - Had find the element '  ' successful by id via value: password2 
2017-07-27 15:40:59,397 - BasePage - INFO - Had type ' 123456 ' in inputBox
2017-07-27 15:40:59,437 - BasePage - INFO - Had find the element '  ' successful by id via value: yzm2 
2017-07-27 15:40:59,516 - BasePage - INFO - Had type ' HY7102$ ' in inputBox
2017-07-27 15:40:59,555 - BasePage - INFO - Had find the element '  ' successful by id via value: submit2 
2017-07-27 15:40:59,625 - BasePage - INFO - The element  was clicked.
2017-07-27 15:41:01,694 - BasePage - INFO - Had find the element '  ' successful by xpath via value: /html/body/div/div[3]/div[1]/div[1]/div/div[2]/div[3]/a 
2017-07-27 15:41:03,831 - BasePage - INFO - The element  was clicked.
2017-07-27 15:41:06,716 - BasePage - INFO - The element ' 商品管理 ' was clicked.
2017-07-27 15:41:07,812 - BasePage - INFO - The element ' 商品列表 ' was clicked.
