2017-07-24 14:00:54,348 - BrowserEngine - INFO - You had select Chrome browser.
2017-07-24 14:00:54,349 - BrowserEngine - INFO - The test server url is: http://bmtest.ematong.com
2017-07-24 14:00:56,509 - BrowserEngine - INFO - Starting Chrome browser.
2017-07-24 14:00:57,766 - BrowserEngine - INFO - Open url: http://bmtest.ematong.com
2017-07-24 14:00:59,194 - BrowserEngine - INFO - Maximize the current window.
2017-07-24 14:00:59,197 - BrowserEngine - INFO - Set implicitly wait 10 seconds.
2017-07-24 14:00:59,260 - BasePage - INFO - Had find the element '  ' successful by id via value: user2 
2017-07-24 14:00:59,339 - BasePage - INFO - Had type ' htest ' in inputBox
2017-07-24 14:00:59,377 - BasePage - INFO - Had find the element '  ' successful by id via value: password2 
2017-07-24 14:00:59,450 - BasePage - INFO - Had type ' 123456 ' in inputBox
2017-07-24 14:00:59,486 - BasePage - INFO - Had find the element '  ' successful by id via value: yzm2 
2017-07-24 14:00:59,569 - BasePage - INFO - Had type ' HY7102$ ' in inputBox
2017-07-24 14:00:59,605 - BasePage - INFO - Had find the element '  ' successful by id via value: submit2 
2017-07-24 14:00:59,657 - BasePage - INFO - The element  was clicked.
2017-07-24 14:01:02,698 - BasePage - INFO - Had find the element '  ' successful by xpath via value: /html/body/div/div[3]/div[1]/div[1]/div/div[2]/div[3]/a 
2017-07-24 14:01:04,474 - BasePage - INFO - The element  was clicked.
2017-07-24 14:01:06,908 - BasePage - INFO - The element ' 商品管理 ' was clicked.
2017-07-24 14:01:08,967 - BasePage - INFO - The element ' 发布商品 ' was clicked.
2017-07-24 14:01:09,046 - BasePage - INFO - Had find the element ' 男士服装 ' successful by xpath via value: //*[@id='category1']/p[3] 
2017-07-24 14:01:09,117 - BasePage - INFO - The element  was clicked.
2017-07-24 14:01:09,209 - BasePage - INFO - Had find the element ' 套装 ' successful by xpath via value: //*[@id='category2']/p[2] 
2017-07-24 14:01:09,259 - BasePage - INFO - The element  was clicked.
2017-07-24 14:01:09,351 - BasePage - INFO - Had find the element ' 西装套装 ' successful by xpath via value: //*[@id='category3']/p[1] 
2017-07-24 14:01:09,395 - BasePage - INFO - The element  was clicked.
2017-07-24 14:01:09,433 - BasePage - INFO - Had find the element '                         选择商品类别
                        
                            实体商品
                        
                            虚拟商品
                        
                     ' successful by id via value: selectGoodsType1 
2017-07-24 14:01:09,497 - BasePage - INFO - The select  was clicked.
2017-07-24 14:01:09,536 - BasePage - INFO - Had find the element '  ' successful by id via value: add_goodsname 
2017-07-24 14:01:09,940 - BasePage - INFO - Had type ' python自动创建普通商品2017_07_24_14_00_54 ' in inputBox
2017-07-24 14:01:09,973 - BasePage - INFO - Had find the element '  ' successful by id via value: add_goodsCode 
2017-07-24 14:01:10,118 - BasePage - INFO - Had type ' goods_code ' in inputBox
2017-07-24 14:01:10,154 - BasePage - INFO - Had find the element '  ' successful by xpath via value: //*[@id='upload_ls']/dd[1]/div[1]/img[2] 
2017-07-24 14:01:10,302 - BasePage - INFO - The element  was clicked.
2017-07-24 14:01:11,443 - BasePage - INFO - The element ' 图库选择 ' was clicked.
2017-07-24 14:01:12,492 - BasePage - INFO - Had find the element '  ' successful by xpath via value: //*[@id='upload-list']/div[1]/div[1]/img 
2017-07-24 14:01:12,559 - BasePage - INFO - The element  was clicked.
2017-07-24 14:01:13,615 - BasePage - INFO - Had find the element ' 确定 ' successful by xpath via value: /html/body/div[4]/div[2]/a[1] 
2017-07-24 14:01:13,663 - BasePage - INFO - The element  was clicked.
2017-07-24 14:01:13,703 - BasePage - INFO - Had find the element '  ' successful by id via value: add_remark 
2017-07-24 14:01:13,842 - BasePage - INFO - Had type ' 这里是商品描述 ' in inputBox
2017-07-24 14:01:14,878 - BasePage - INFO - Had find the element '  ' successful by xpath via value: //*[@id='ejsxTb2']/tbody/tr/td[1]/input 
2017-07-24 14:01:14,967 - BasePage - INFO - Had type ' 111 ' in inputBox
2017-07-24 14:01:15,002 - BasePage - INFO - Had find the element '  ' successful by xpath via value: //*[@id='ejsxTb2']/tbody/tr/td[2]/input 
2017-07-24 14:01:15,084 - BasePage - INFO - Had type ' 222 ' in inputBox
2017-07-24 14:01:15,122 - BasePage - INFO - Had find the element '  ' successful by xpath via value: //*[@id='ejsxTb2']/tbody/tr/td[4]/input 
2017-07-24 14:01:15,206 - BasePage - INFO - Had type ' 333 ' in inputBox
2017-07-24 14:01:15,240 - BasePage - INFO - Had find the element '  ' successful by xpath via value: //*[@id='ejsxTb2']/tbody/tr/td[5]/input 
2017-07-24 14:01:15,325 - BasePage - INFO - Had type ' 444 ' in inputBox
2017-07-24 14:01:16,404 - BasePage - INFO - The element  was clicked.
2017-07-24 14:01:16,444 - BasePage - INFO - Had find the element '  ' successful by xpath via value: //*[@id='page_block_4']/div[4]/table[2]/tbody[2]/tr[1]/td[3]/label/input 
2017-07-24 14:01:16,487 - BasePage - INFO - The element  was clicked.
