2017-07-27 11:12:40,187 - BrowserEngine - INFO - You had select Chrome browser.
2017-07-27 11:12:40,187 - BrowserEngine - INFO - The test server url is: http://bmtest.ematong.com
2017-07-27 11:12:42,703 - BrowserEngine - INFO - Starting Chrome browser.
2017-07-27 11:12:45,558 - BrowserEngine - INFO - Open url: http://bmtest.ematong.com
2017-07-27 11:12:46,996 - BrowserEngine - INFO - Maximize the current window.
2017-07-27 11:12:46,997 - BrowserEngine - INFO - Set implicitly wait 10 seconds.
2017-07-27 11:12:47,042 - BasePage - INFO - Had find the element '  ' successful by id via value: user2 
2017-07-27 11:12:47,125 - BasePage - INFO - Had type ' htest ' in inputBox
2017-07-27 11:12:47,161 - BasePage - INFO - Had find the element '  ' successful by id via value: password2 
2017-07-27 11:12:47,247 - BasePage - INFO - Had type ' 123456 ' in inputBox
2017-07-27 11:12:47,311 - BasePage - INFO - Had find the element '  ' successful by id via value: yzm2 
2017-07-27 11:12:47,407 - BasePage - INFO - Had type ' HY7102$ ' in inputBox
2017-07-27 11:12:47,451 - BasePage - INFO - Had find the element '  ' successful by id via value: submit2 
2017-07-27 11:12:47,516 - BasePage - INFO - The element  was clicked.
2017-07-27 11:12:49,989 - BasePage - INFO - Had find the element '  ' successful by xpath via value: /html/body/div/div[3]/div[1]/div[1]/div/div[2]/div[3]/a 
2017-07-27 11:12:51,918 - BasePage - INFO - The element  was clicked.
2017-07-27 11:12:54,990 - BasePage - INFO - The element ' 商品管理 ' was clicked.
2017-07-27 11:12:56,068 - BasePage - INFO - The element ' 商品列表 ' was clicked.
2017-07-27 11:13:00,713 - BasePage - INFO - Had find the element '  ' successful by xpath via value: /html/body/div[2]/div[3]/a[2] 
2017-07-27 11:13:00,782 - BasePage - INFO - The element  was clicked.
2017-07-27 11:13:04,944 - BasePage - INFO - Had find the element ' 取消 ' successful by xpath via value: /html/body/div[2]/div[3]/a[2] 
2017-07-27 11:13:05,015 - BasePage - INFO - The element  was clicked.
2017-07-27 11:13:10,203 - BasePage - INFO - Had find the element ' 取消 ' successful by xpath via value: /html/body/div[2]/div[3]/a[2] 
2017-07-27 11:13:10,256 - BasePage - INFO - The element  was clicked.
