2017-07-18 15:37:30,802 - BrowserEngine - INFO - You had select Chrome browser.
2017-07-18 15:37:30,802 - BrowserEngine - INFO - The test server url is: http://bmtest.ematong.com
2017-07-18 15:37:33,148 - BrowserEngine - INFO - Starting Chrome browser.
2017-07-18 15:37:34,868 - BrowserEngine - INFO - Open url: http://bmtest.ematong.com
2017-07-18 15:37:36,285 - BrowserEngine - INFO - Maximize the current window.
2017-07-18 15:37:36,288 - BrowserEngine - INFO - Set implicitly wait 10 seconds.
2017-07-18 15:37:36,339 - BasePage - INFO - Had find the element '  ' successful by id via value: user2 
2017-07-18 15:37:36,421 - BasePage - INFO - Had type ' htest ' in inputBox
2017-07-18 15:37:36,457 - BasePage - INFO - Had find the element '  ' successful by id via value: password2 
2017-07-18 15:37:36,529 - BasePage - INFO - Had type ' 123456 ' in inputBox
2017-07-18 15:37:36,568 - BasePage - INFO - Had find the element '  ' successful by id via value: submit2 
2017-07-18 15:37:36,625 - BasePage - INFO - The element  was clicked.
2017-07-18 15:37:38,687 - BasePage - INFO - Had find the element '  ' successful by xpath via value: /html/body/div/div[3]/div[1]/div[1]/div/div[2]/div[3]/a 
2017-07-18 15:37:40,607 - BasePage - INFO - The element  was clicked.
2017-07-18 15:37:42,938 - BasePage - INFO - The element ' 优惠套餐 ' was clicked.
2017-07-18 15:37:43,992 - BasePage - INFO - Had find the element '  ' successful by id via value: title 
2017-07-18 15:37:44,104 - BasePage - INFO - Had type ' python自建套餐活动001 ' in inputBox
2017-07-18 15:37:45,157 - BasePage - INFO - Had find the element '  ' successful by id via value: startValidTime 
2017-07-18 15:37:45,292 - BasePage - INFO - Had type ' 2017-08-12 01:23:45 ' in inputBox
2017-07-18 15:37:45,332 - BasePage - INFO - Had find the element '  ' successful by id via value: endValidTime 
2017-07-18 15:37:45,436 - BasePage - INFO - Had type ' 2018-12-30 23:59:59 ' in inputBox
2017-07-18 15:37:45,470 - BasePage - INFO - Had find the element '  ' successful by xpath via value: //*[@id='command']/div[4]/div[2]/table/tbody/tr[1]/td/div/span[2]/input 
2017-07-18 15:37:45,523 - BasePage - INFO - The element  was clicked.
2017-07-18 15:37:45,559 - BasePage - INFO - Had find the element '  ' successful by xpath via value: //*[@id='command']/div[4]/div[2]/table/tbody/tr[1]/td/ul[2]/li[1]/input[1] 
2017-07-18 15:37:45,622 - BasePage - INFO - Had type ' 1 ' in inputBox
2017-07-18 15:37:45,658 - BasePage - INFO - Had find the element '  ' successful by xpath via value: //*[@id='command']/div[4]/div[2]/table/tbody/tr[1]/td/ul[2]/li[1]/input[2] 
2017-07-18 15:37:45,720 - BasePage - INFO - Had type ' 50 ' in inputBox
2017-07-18 15:37:45,753 - BasePage - INFO - Had find the element '  ' successful by xpath via value: //*[@id='command']/div[4]/div[2]/table/tbody/tr[1]/td/ul[2]/li[1]/a 
2017-07-18 15:37:45,799 - BasePage - INFO - The element  was clicked.
2017-07-18 15:37:47,864 - BasePage - INFO - Had find the element '  ' successful by xpath via value: //*[@id='command']/div[4]/div[2]/table/tbody/tr[1]/td/ul[2]/li[2]/a 
2017-07-18 15:37:47,930 - BasePage - INFO - The element  was clicked.
2017-07-18 15:37:49,984 - BasePage - INFO - Had find the element '  ' successful by xpath via value: //*[@id='command']/div[4]/div[2]/table/tbody/tr[2]/td/span[2]/input 
2017-07-18 15:37:50,032 - BasePage - INFO - The element  was clicked.
2017-07-18 15:37:50,068 - BasePage - INFO - Had find the element '  ' successful by xpath via value: //*[@id='command']/div[4]/div[2]/table/tbody/tr[4]/td/span[2]/input 
2017-07-18 15:37:50,111 - BasePage - INFO - The element  was clicked.
2017-07-18 15:37:52,170 - BasePage - INFO - Had find the element ' 添加主商品 ' successful by xpath via value: //*[@id='addMainGoodsTr']/td/a 
2017-07-18 15:37:52,436 - BasePage - INFO - The element  was clicked.
2017-07-18 15:37:53,499 - BasePage - INFO - Had find the element ' 虚拟商品 ' successful by xpath via value: //*[@id='type']/option[3] 
2017-07-18 15:37:53,529 - BasePage - INFO - The element  was clicked.
2017-07-18 15:37:53,628 - BasePage - INFO - Had type ' 现代风格 ' in inputBox
2017-07-18 15:37:53,663 - BasePage - INFO - Had find the element ' 已上架 ' successful by xpath via value: //*[@id='status']/option[3] 
2017-07-18 15:37:53,690 - BasePage - INFO - The element  was clicked.
2017-07-18 15:37:53,724 - BasePage - INFO - Had find the element '  ' successful by xpath via value: //*[@id='queryGoodsForm1']/div/div/label[5]/input 
2017-07-18 15:37:53,809 - BasePage - INFO - The element  was clicked.
2017-07-18 15:37:53,845 - BasePage - INFO - Had find the element ' 搜索 ' successful by xpath via value: //*[@id='queryGoodsForm1']/div/div/a 
2017-07-18 15:37:53,915 - BasePage - INFO - The element  was clicked.
