2017-07-18 11:00:18,602 - BrowserEngine - INFO - You had select Chrome browser.
2017-07-18 11:00:18,602 - BrowserEngine - INFO - The test server url is: http://bmtest.ematong.com
2017-07-18 11:00:20,816 - BrowserEngine - INFO - Starting Chrome browser.
2017-07-18 11:00:22,772 - BrowserEngine - INFO - Open url: http://bmtest.ematong.com
2017-07-18 11:00:24,190 - BrowserEngine - INFO - Maximize the current window.
2017-07-18 11:00:24,193 - BrowserEngine - INFO - Set implicitly wait 10 seconds.
2017-07-18 11:00:24,236 - BasePage - INFO - Had find the element '  ' successful by id via value: user2 
2017-07-18 11:00:24,312 - BasePage - INFO - Had type ' htest ' in inputBox
2017-07-18 11:00:24,349 - BasePage - INFO - Had find the element '  ' successful by id via value: password2 
2017-07-18 11:00:24,430 - BasePage - INFO - Had type ' 123456 ' in inputBox
2017-07-18 11:00:24,466 - BasePage - INFO - Had find the element '  ' successful by id via value: submit2 
2017-07-18 11:00:24,528 - BasePage - INFO - The element  was clicked.
2017-07-18 11:00:26,565 - BasePage - INFO - Had find the element '  ' successful by xpath via value: /html/body/div/div[3]/div[1]/div[1]/div/div[2]/div[3]/a 
2017-07-18 11:00:28,467 - BasePage - INFO - The element  was clicked.
2017-07-18 11:00:30,743 - BasePage - INFO - The element ' 优惠套餐 ' was clicked.
2017-07-18 11:00:31,799 - BasePage - INFO - Had find the element '  ' successful by id via value: title 
2017-07-18 11:00:31,934 - BasePage - INFO - Had type ' python自建套餐活动001 ' in inputBox
2017-07-18 11:00:32,990 - BasePage - INFO - Had find the element '  ' successful by id via value: startValidTime 
2017-07-18 11:00:33,144 - BasePage - INFO - Had type ' 2017-05-12 01:23:45 ' in inputBox
2017-07-18 11:00:33,183 - BasePage - INFO - Had find the element '  ' successful by id via value: endValidTime 
