2017-07-18 16:08:46,319 - BrowserEngine - INFO - You had select Chrome browser.
2017-07-18 16:08:46,319 - BrowserEngine - INFO - The test server url is: http://bmtest.ematong.com
2017-07-18 16:08:48,509 - BrowserEngine - INFO - Starting Chrome browser.
2017-07-18 16:08:50,187 - BrowserEngine - INFO - Open url: http://bmtest.ematong.com
2017-07-18 16:08:51,605 - BrowserEngine - INFO - Maximize the current window.
2017-07-18 16:08:51,607 - BrowserEngine - INFO - Set implicitly wait 10 seconds.
2017-07-18 16:08:51,644 - BasePage - INFO - Had find the element '  ' successful by id via value: user2 
2017-07-18 16:08:51,726 - BasePage - INFO - Had type ' htest ' in inputBox
2017-07-18 16:08:51,766 - BasePage - INFO - Had find the element '  ' successful by id via value: password2 
2017-07-18 16:08:51,844 - BasePage - INFO - Had type ' 123456 ' in inputBox
2017-07-18 16:08:51,881 - BasePage - INFO - Had find the element '  ' successful by id via value: submit2 
2017-07-18 16:08:51,941 - BasePage - INFO - The element  was clicked.
2017-07-18 16:08:54,000 - BasePage - INFO - Had find the element '  ' successful by xpath via value: /html/body/div/div[3]/div[1]/div[1]/div/div[2]/div[3]/a 
2017-07-18 16:08:55,989 - BasePage - INFO - The element  was clicked.
2017-07-18 16:09:03,914 - BasePage - INFO - The element ' 优惠套餐 ' was clicked.
2017-07-18 16:09:04,976 - BasePage - INFO - Had find the element '  ' successful by id via value: title 
2017-07-18 16:09:05,108 - BasePage - INFO - Had type ' python自建套餐活动001 ' in inputBox
2017-07-18 16:09:06,174 - BasePage - INFO - Had find the element '  ' successful by id via value: startValidTime 
2017-07-18 16:09:06,303 - BasePage - INFO - Had type ' 2017-08-12 01:23:45 ' in inputBox
2017-07-18 16:09:06,358 - BasePage - INFO - Had find the element '  ' successful by id via value: endValidTime 
2017-07-18 16:09:06,463 - BasePage - INFO - Had type ' 2018-12-30 23:59:59 ' in inputBox
2017-07-18 16:09:06,499 - BasePage - INFO - Had find the element '  ' successful by xpath via value: //*[@id='command']/div[4]/div[2]/table/tbody/tr[1]/td/div/span[2]/input 
2017-07-18 16:09:06,551 - BasePage - INFO - The element  was clicked.
2017-07-18 16:09:06,588 - BasePage - INFO - Had find the element '  ' successful by xpath via value: //*[@id='command']/div[4]/div[2]/table/tbody/tr[1]/td/ul[2]/li[1]/input[1] 
2017-07-18 16:09:06,651 - BasePage - INFO - Had type ' 1 ' in inputBox
2017-07-18 16:09:06,697 - BasePage - INFO - Had find the element '  ' successful by xpath via value: //*[@id='command']/div[4]/div[2]/table/tbody/tr[1]/td/ul[2]/li[1]/input[2] 
2017-07-18 16:09:06,766 - BasePage - INFO - Had type ' 50 ' in inputBox
2017-07-18 16:09:06,813 - BasePage - INFO - Had find the element '  ' successful by xpath via value: //*[@id='command']/div[4]/div[2]/table/tbody/tr[1]/td/ul[2]/li[1]/a 
2017-07-18 16:09:06,865 - BasePage - INFO - The element  was clicked.
2017-07-18 16:09:07,915 - BasePage - INFO - Had find the element '  ' successful by xpath via value: //*[@id='command']/div[4]/div[2]/table/tbody/tr[1]/td/ul[2]/li[2]/a 
2017-07-18 16:09:07,960 - BasePage - INFO - The element  was clicked.
2017-07-18 16:09:09,007 - BasePage - INFO - Had find the element '  ' successful by xpath via value: //*[@id='command']/div[4]/div[2]/table/tbody/tr[2]/td/span[2]/input 
2017-07-18 16:09:09,049 - BasePage - INFO - The element  was clicked.
2017-07-18 16:09:09,085 - BasePage - INFO - Had find the element '  ' successful by xpath via value: //*[@id='command']/div[4]/div[2]/table/tbody/tr[4]/td/span[2]/input 
2017-07-18 16:09:09,127 - BasePage - INFO - The element  was clicked.
2017-07-18 16:09:10,188 - BasePage - INFO - Had find the element ' 添加主商品 ' successful by xpath via value: //*[@id='addMainGoodsTr']/td/a 
2017-07-18 16:09:10,358 - BasePage - INFO - The element  was clicked.
2017-07-18 16:09:11,427 - BasePage - INFO - Had find the element ' 实体商品 ' successful by xpath via value: //*[@id='type']/option[2] 
2017-07-18 16:09:11,457 - BasePage - INFO - The element  was clicked.
2017-07-18 16:09:11,546 - BasePage - INFO - Had type ' 现代风格 ' in inputBox
2017-07-18 16:09:11,579 - BasePage - INFO - Had find the element ' 已上架 ' successful by xpath via value: //*[@id='status']/option[3] 
2017-07-18 16:09:11,608 - BasePage - INFO - The element  was clicked.
2017-07-18 16:09:11,645 - BasePage - INFO - Had find the element '  ' successful by xpath via value: //*[@id='queryGoodsForm1']/div/div/label[5]/input 
2017-07-18 16:09:11,733 - BasePage - INFO - The element  was clicked.
2017-07-18 16:09:11,773 - BasePage - INFO - Had find the element ' 搜索 ' successful by xpath via value: //*[@id='queryGoodsForm1']/div/div/a 
2017-07-18 16:09:11,846 - BasePage - INFO - The element  was clicked.
2017-07-18 16:09:12,000 - BasePage - INFO - Had find the element '  ' successful by xpath via value: //*[@id='e70ff346-0bcc-4bad-8ff3-460bcc7bade3'] 
2017-07-18 16:09:12,072 - BasePage - INFO - The element  was clicked.
2017-07-18 16:09:13,109 - BasePage - INFO - Had find the element ' 确定 ' successful by xpath via value: /html/body/div[3]/div[2]/a 
2017-07-18 16:09:13,158 - BasePage - INFO - The element  was clicked.
2017-07-18 16:09:14,211 - BasePage - INFO - Had find the element ' 添加搭配商品 ' successful by xpath via value: //*[@id='addFgoodsTr']/td/a 
2017-07-18 16:09:14,361 - BasePage - INFO - The element  was clicked.
2017-07-18 16:09:15,417 - BasePage - INFO - Had find the element '  ' successful by xpath via value: //*[@id='6ec316c4-67ae-4dec-8316-c467ae4deca6'] 
2017-07-18 16:09:15,503 - BasePage - INFO - The element  was clicked.
2017-07-18 16:09:17,559 - BasePage - INFO - Had find the element ' 确定 ' successful by xpath via value: /html/body/div[3]/div[2]/a 
2017-07-18 16:09:17,611 - BasePage - INFO - The element  was clicked.
