2017-07-24 17:39:21,456 - BrowserEngine - INFO - You had select Chrome browser.
2017-07-24 17:39:21,456 - BrowserEngine - INFO - The test server url is: http://bmtest.ematong.com
2017-07-24 17:39:23,688 - BrowserEngine - INFO - Starting Chrome browser.
2017-07-24 17:39:25,253 - BrowserEngine - INFO - Open url: http://bmtest.ematong.com
2017-07-24 17:39:26,671 - BrowserEngine - INFO - Maximize the current window.
2017-07-24 17:39:26,673 - BrowserEngine - INFO - Set implicitly wait 10 seconds.
2017-07-24 17:39:26,710 - BasePage - INFO - Had find the element '  ' successful by id via value: user2 
2017-07-24 17:39:26,790 - BasePage - INFO - Had type ' htest ' in inputBox
2017-07-24 17:39:26,829 - BasePage - INFO - Had find the element '  ' successful by id via value: password2 
2017-07-24 17:39:26,900 - BasePage - INFO - Had type ' 123456 ' in inputBox
2017-07-24 17:39:26,940 - BasePage - INFO - Had find the element '  ' successful by id via value: yzm2 
2017-07-24 17:39:27,019 - BasePage - INFO - Had type ' HY7102$ ' in inputBox
2017-07-24 17:39:27,058 - BasePage - INFO - Had find the element '  ' successful by id via value: submit2 
2017-07-24 17:39:27,117 - BasePage - INFO - The element  was clicked.
2017-07-24 17:39:29,155 - BasePage - INFO - Had find the element '  ' successful by xpath via value: /html/body/div/div[3]/div[1]/div[1]/div/div[2]/div[3]/a 
2017-07-24 17:39:31,190 - BasePage - INFO - The element  was clicked.
2017-07-24 17:39:33,443 - BasePage - INFO - The element ' 页面管理 ' was clicked.
2017-07-24 17:39:35,006 - BasePage - INFO - The element ' 列表展示 ' was clicked.
2017-07-24 17:39:35,635 - BasePage - INFO - The element ' 加载页 ' was clicked.
2017-07-24 17:39:36,085 - BasePage - INFO - The element ' 商品详情页 ' was clicked.
2017-07-24 17:39:36,523 - BasePage - INFO - The element ' 自定义页面 ' was clicked.
2017-07-24 17:39:36,673 - BasePage - INFO - The element ' 主页 ' was clicked.
2017-07-24 17:39:48,563 - BasePage - INFO - The element ' 加载页 ' was clicked.
2017-07-24 17:39:48,644 - BasePage - INFO - Had find the element '  ' successful by xpath via value: //*[@id='tloadForm']/div[4]/div/div[2]/table/tbody/tr[1]/td[2]/label[2]/input 
2017-07-24 17:39:48,703 - BasePage - INFO - The element  was clicked.
2017-07-24 17:39:48,750 - BasePage - INFO - Had find the element '  ' successful by xpath via value: //*[@id='tloadForm']/div[4]/div/div[2]/table/tbody/tr[1]/td[2]/label[1]/input 
2017-07-24 17:39:48,805 - BasePage - INFO - The element  was clicked.
2017-07-24 17:39:48,844 - BasePage - INFO - Had find the element ' 开启 ' successful by id via value: openAndColesBtn 
2017-07-24 17:39:48,888 - BasePage - INFO - The element  was clicked.
2017-07-24 17:39:48,924 - BasePage - INFO - Had find the element ' 保存 ' successful by xpath via value: //*[@id='tloadForm']/div[4]/div/div[2]/p/button 
2017-07-24 17:39:48,970 - BasePage - INFO - The element  was clicked.
